[0.907s] Invoking command in '/home/elisa/grupo4/src/nav_workspace/src/navigator': PYTHONPATH=/home/elisa/grupo4/src/nav_workspace/build/navigator/prefix_override:/home/elisa/grupo4/src/nav_workspace/install/navigator/lib/python3.10/site-packages:${PYTHONPATH} /usr/bin/python3 setup.py egg_info --egg-base ../../build/navigator build --build-base /home/elisa/grupo4/src/nav_workspace/build/navigator/build install --record /home/elisa/grupo4/src/nav_workspace/build/navigator/install.log --single-version-externally-managed
[1.081s] running egg_info
[1.082s] writing ../../build/navigator/navigator.egg-info/PKG-INFO
[1.082s] writing dependency_links to ../../build/navigator/navigator.egg-info/dependency_links.txt
[1.082s] writing entry points to ../../build/navigator/navigator.egg-info/entry_points.txt
[1.083s] writing requirements to ../../build/navigator/navigator.egg-info/requires.txt
[1.083s] writing top-level names to ../../build/navigator/navigator.egg-info/top_level.txt
[1.084s] reading manifest file '../../build/navigator/navigator.egg-info/SOURCES.txt'
[1.085s] writing manifest file '../../build/navigator/navigator.egg-info/SOURCES.txt'
[1.086s] running build
[1.086s] running build_py
[1.086s] copying navigator/cli.py -> /home/elisa/grupo4/src/nav_workspace/build/navigator/build/lib/navigator
[1.086s] running install
[1.087s] /usr/lib/python3/dist-packages/setuptools/command/install.py:34: SetuptoolsDeprecationWarning: setup.py install is deprecated. Use build and pip and other standards-based tools.
[1.087s]   warnings.warn(
[1.087s] running install_lib
[1.088s] copying /home/elisa/grupo4/src/nav_workspace/build/navigator/build/lib/navigator/cli.py -> /home/elisa/grupo4/src/nav_workspace/install/navigator/lib/python3.10/site-packages/navigator
[1.088s] byte-compiling /home/elisa/grupo4/src/nav_workspace/install/navigator/lib/python3.10/site-packages/navigator/cli.py to cli.cpython-310.pyc
[1.089s] running install_data
[1.089s] copying launch/navigator_launch.py -> /home/elisa/grupo4/src/nav_workspace/install/navigator/share/navigator/launch
[1.089s] running install_egg_info
[1.090s] removing '/home/elisa/grupo4/src/nav_workspace/install/navigator/lib/python3.10/site-packages/navigator-0.0.0-py3.10.egg-info' (and everything under it)
[1.090s] Copying ../../build/navigator/navigator.egg-info to /home/elisa/grupo4/src/nav_workspace/install/navigator/lib/python3.10/site-packages/navigator-0.0.0-py3.10.egg-info
[1.091s] running install_scripts
[1.109s] Installing andando script to /home/elisa/grupo4/src/nav_workspace/install/navigator/lib/navigator
[1.109s] Installing cli script to /home/elisa/grupo4/src/nav_workspace/install/navigator/lib/navigator
[1.109s] Installing init_pose script to /home/elisa/grupo4/src/nav_workspace/install/navigator/lib/navigator
[1.109s] Installing queue script to /home/elisa/grupo4/src/nav_workspace/install/navigator/lib/navigator
[1.110s] writing list of installed files to '/home/elisa/grupo4/src/nav_workspace/build/navigator/install.log'
[1.134s] Invoked command in '/home/elisa/grupo4/src/nav_workspace/src/navigator' returned '0': PYTHONPATH=/home/elisa/grupo4/src/nav_workspace/build/navigator/prefix_override:/home/elisa/grupo4/src/nav_workspace/install/navigator/lib/python3.10/site-packages:${PYTHONPATH} /usr/bin/python3 setup.py egg_info --egg-base ../../build/navigator build --build-base /home/elisa/grupo4/src/nav_workspace/build/navigator/build install --record /home/elisa/grupo4/src/nav_workspace/build/navigator/install.log --single-version-externally-managed
