[0.813s] Invoking command in '/home/elisa/grupo4/src/nav_workspace/src/navigator': PYTHONPATH=/home/elisa/grupo4/src/nav_workspace/build/navigator/prefix_override:/home/elisa/grupo4/src/nav_workspace/install/navigator/lib/python3.10/site-packages: /usr/bin/python3 setup.py egg_info --egg-base ../../build/navigator build --build-base /home/elisa/grupo4/src/nav_workspace/build/navigator/build install --record /home/elisa/grupo4/src/nav_workspace/build/navigator/install.log --single-version-externally-managed
[0.985s] running egg_info
[0.986s] writing ../../build/navigator/navigator.egg-info/PKG-INFO
[0.986s] writing dependency_links to ../../build/navigator/navigator.egg-info/dependency_links.txt
[0.986s] writing entry points to ../../build/navigator/navigator.egg-info/entry_points.txt
[0.986s] writing requirements to ../../build/navigator/navigator.egg-info/requires.txt
[0.986s] writing top-level names to ../../build/navigator/navigator.egg-info/top_level.txt
[0.988s] reading manifest file '../../build/navigator/navigator.egg-info/SOURCES.txt'
[0.989s] writing manifest file '../../build/navigator/navigator.egg-info/SOURCES.txt'
[0.989s] running build
[0.989s] running build_py
[0.990s] running install
[0.991s] /usr/lib/python3/dist-packages/setuptools/command/install.py:34: SetuptoolsDeprecationWarning: setup.py install is deprecated. Use build and pip and other standards-based tools.
[0.991s]   warnings.warn(
[0.991s] running install_lib
[0.992s] running install_data
[0.993s] running install_egg_info
[0.994s] removing '/home/elisa/grupo4/src/nav_workspace/install/navigator/lib/python3.10/site-packages/navigator-0.0.0-py3.10.egg-info' (and everything under it)
[0.994s] Copying ../../build/navigator/navigator.egg-info to /home/elisa/grupo4/src/nav_workspace/install/navigator/lib/python3.10/site-packages/navigator-0.0.0-py3.10.egg-info
[0.996s] running install_scripts
[1.015s] Installing chatbot script to /home/elisa/grupo4/src/nav_workspace/install/navigator/lib/navigator
[1.015s] Installing coordinatesChatbot script to /home/elisa/grupo4/src/nav_workspace/install/navigator/lib/navigator
[1.015s] Installing init_pose script to /home/elisa/grupo4/src/nav_workspace/install/navigator/lib/navigator
[1.015s] Installing queue script to /home/elisa/grupo4/src/nav_workspace/install/navigator/lib/navigator
[1.015s] Installing vallet script to /home/elisa/grupo4/src/nav_workspace/install/navigator/lib/navigator
[1.016s] writing list of installed files to '/home/elisa/grupo4/src/nav_workspace/build/navigator/install.log'
[1.038s] Invoked command in '/home/elisa/grupo4/src/nav_workspace/src/navigator' returned '0': PYTHONPATH=/home/elisa/grupo4/src/nav_workspace/build/navigator/prefix_override:/home/elisa/grupo4/src/nav_workspace/install/navigator/lib/python3.10/site-packages: /usr/bin/python3 setup.py egg_info --egg-base ../../build/navigator build --build-base /home/elisa/grupo4/src/nav_workspace/build/navigator/build install --record /home/elisa/grupo4/src/nav_workspace/build/navigator/install.log --single-version-externally-managed
