[1.340s] DEBUG:colcon:Command line arguments: ['/usr/bin/colcon', 'list', '-p', '--base-paths', '/home/henriquemarlon/Projects/grupo4']
[1.340s] DEBUG:colcon:Parsed command line arguments: Namespace(log_base=None, log_level=None, verb_name='list', build_base='build', ignore_user_meta=False, metas=['./colcon.meta'], base_paths=['/home/henriquemarlon/Projects/grupo4'], packages_ignore=None, packages_ignore_regex=None, paths=None, packages_up_to=None, packages_up_to_regex=None, packages_above=None, packages_above_and_dependencies=None, packages_above_depth=None, packages_select_by_dep=None, packages_skip_by_dep=None, packages_skip_up_to=None, packages_select_build_failed=False, packages_skip_build_finished=False, packages_select_test_failures=False, packages_skip_test_passed=False, packages_select=None, packages_skip=None, packages_select_regex=None, packages_skip_regex=None, packages_start=None, packages_end=None, allow_overriding=[], topological_order=False, names_only=False, paths_only=True, topological_graph=False, topological_graph_dot=False, topological_graph_density=False, topological_graph_legend=False, topological_graph_dot_cluster=False, topological_graph_dot_include_skipped=False, verb_parser=<colcon_defaults.argument_parser.defaults.DefaultArgumentsDecorator object at 0x7f39b88b9060>, verb_extension=<colcon_package_information.verb.list.ListVerb object at 0x7f39b8ccba30>, main=<bound method ListVerb.main of <colcon_package_information.verb.list.ListVerb object at 0x7f39b8ccba30>>)
[1.405s] Level 1:colcon.colcon_core.package_discovery:discover_packages(colcon_meta) check parameters
[1.405s] Level 1:colcon.colcon_core.package_discovery:discover_packages(recursive) check parameters
[1.405s] Level 1:colcon.colcon_core.package_discovery:discover_packages(ignore) check parameters
[1.406s] Level 1:colcon.colcon_core.package_discovery:discover_packages(path) check parameters
[1.406s] Level 1:colcon.colcon_core.package_discovery:discover_packages(recursive) discover
[1.406s] INFO:colcon.colcon_core.package_discovery:Crawling recursively for packages in '/home/henriquemarlon/Projects/grupo4'
[1.406s] Level 1:colcon.colcon_core.package_identification:_identify(/home/henriquemarlon/Projects/grupo4) by extensions ['ignore', 'ignore_ament_install']
[1.406s] Level 1:colcon.colcon_core.package_identification:_identify(/home/henriquemarlon/Projects/grupo4) by extension 'ignore'
[1.406s] Level 1:colcon.colcon_core.package_identification:_identify(/home/henriquemarlon/Projects/grupo4) by extension 'ignore_ament_install'
[1.406s] Level 1:colcon.colcon_core.package_identification:_identify(/home/henriquemarlon/Projects/grupo4) by extensions ['colcon_pkg']
[1.406s] Level 1:colcon.colcon_core.package_identification:_identify(/home/henriquemarlon/Projects/grupo4) by extension 'colcon_pkg'
[1.406s] Level 1:colcon.colcon_core.package_identification:_identify(/home/henriquemarlon/Projects/grupo4) by extensions ['colcon_meta']
[1.406s] Level 1:colcon.colcon_core.package_identification:_identify(/home/henriquemarlon/Projects/grupo4) by extension 'colcon_meta'
[1.407s] Level 1:colcon.colcon_core.package_identification:_identify(/home/henriquemarlon/Projects/grupo4) by extensions ['ros']
[1.407s] Level 1:colcon.colcon_core.package_identification:_identify(/home/henriquemarlon/Projects/grupo4) by extension 'ros'
[1.422s] Level 1:colcon.colcon_core.package_identification:_identify(/home/henriquemarlon/Projects/grupo4) by extensions ['cmake', 'python']
[1.423s] Level 1:colcon.colcon_core.package_identification:_identify(/home/henriquemarlon/Projects/grupo4) by extension 'cmake'
[1.423s] Level 1:colcon.colcon_core.package_identification:_identify(/home/henriquemarlon/Projects/grupo4) by extension 'python'
[1.423s] Level 1:colcon.colcon_core.package_identification:_identify(/home/henriquemarlon/Projects/grupo4) by extensions ['python_setup_py']
[1.423s] Level 1:colcon.colcon_core.package_identification:_identify(/home/henriquemarlon/Projects/grupo4) by extension 'python_setup_py'
[1.423s] Level 1:colcon.colcon_core.package_identification:_identify(/home/henriquemarlon/Projects/grupo4/docs) by extensions ['ignore', 'ignore_ament_install']
[1.423s] Level 1:colcon.colcon_core.package_identification:_identify(/home/henriquemarlon/Projects/grupo4/docs) by extension 'ignore'
[1.423s] Level 1:colcon.colcon_core.package_identification:_identify(/home/henriquemarlon/Projects/grupo4/docs) by extension 'ignore_ament_install'
[1.423s] Level 1:colcon.colcon_core.package_identification:_identify(/home/henriquemarlon/Projects/grupo4/docs) by extensions ['colcon_pkg']
[1.423s] Level 1:colcon.colcon_core.package_identification:_identify(/home/henriquemarlon/Projects/grupo4/docs) by extension 'colcon_pkg'
[1.424s] Level 1:colcon.colcon_core.package_identification:_identify(/home/henriquemarlon/Projects/grupo4/docs) by extensions ['colcon_meta']
[1.424s] Level 1:colcon.colcon_core.package_identification:_identify(/home/henriquemarlon/Projects/grupo4/docs) by extension 'colcon_meta'
[1.424s] Level 1:colcon.colcon_core.package_identification:_identify(/home/henriquemarlon/Projects/grupo4/docs) by extensions ['ros']
[1.424s] Level 1:colcon.colcon_core.package_identification:_identify(/home/henriquemarlon/Projects/grupo4/docs) by extension 'ros'
[1.424s] Level 1:colcon.colcon_core.package_identification:_identify(/home/henriquemarlon/Projects/grupo4/docs) by extensions ['cmake', 'python']
[1.424s] Level 1:colcon.colcon_core.package_identification:_identify(/home/henriquemarlon/Projects/grupo4/docs) by extension 'cmake'
[1.424s] Level 1:colcon.colcon_core.package_identification:_identify(/home/henriquemarlon/Projects/grupo4/docs) by extension 'python'
[1.424s] Level 1:colcon.colcon_core.package_identification:_identify(/home/henriquemarlon/Projects/grupo4/docs) by extensions ['python_setup_py']
[1.424s] Level 1:colcon.colcon_core.package_identification:_identify(/home/henriquemarlon/Projects/grupo4/docs) by extension 'python_setup_py'
[1.424s] Level 1:colcon.colcon_core.package_identification:_identify(/home/henriquemarlon/Projects/grupo4/docs/docs) by extensions ['ignore', 'ignore_ament_install']
[1.424s] Level 1:colcon.colcon_core.package_identification:_identify(/home/henriquemarlon/Projects/grupo4/docs/docs) by extension 'ignore'
[1.424s] Level 1:colcon.colcon_core.package_identification:_identify(/home/henriquemarlon/Projects/grupo4/docs/docs) by extension 'ignore_ament_install'
[1.424s] Level 1:colcon.colcon_core.package_identification:_identify(/home/henriquemarlon/Projects/grupo4/docs/docs) by extensions ['colcon_pkg']
[1.425s] Level 1:colcon.colcon_core.package_identification:_identify(/home/henriquemarlon/Projects/grupo4/docs/docs) by extension 'colcon_pkg'
[1.425s] Level 1:colcon.colcon_core.package_identification:_identify(/home/henriquemarlon/Projects/grupo4/docs/docs) by extensions ['colcon_meta']
[1.425s] Level 1:colcon.colcon_core.package_identification:_identify(/home/henriquemarlon/Projects/grupo4/docs/docs) by extension 'colcon_meta'
[1.425s] Level 1:colcon.colcon_core.package_identification:_identify(/home/henriquemarlon/Projects/grupo4/docs/docs) by extensions ['ros']
[1.425s] Level 1:colcon.colcon_core.package_identification:_identify(/home/henriquemarlon/Projects/grupo4/docs/docs) by extension 'ros'
[1.425s] Level 1:colcon.colcon_core.package_identification:_identify(/home/henriquemarlon/Projects/grupo4/docs/docs) by extensions ['cmake', 'python']
[1.425s] Level 1:colcon.colcon_core.package_identification:_identify(/home/henriquemarlon/Projects/grupo4/docs/docs) by extension 'cmake'
[1.425s] Level 1:colcon.colcon_core.package_identification:_identify(/home/henriquemarlon/Projects/grupo4/docs/docs) by extension 'python'
[1.425s] Level 1:colcon.colcon_core.package_identification:_identify(/home/henriquemarlon/Projects/grupo4/docs/docs) by extensions ['python_setup_py']
[1.425s] Level 1:colcon.colcon_core.package_identification:_identify(/home/henriquemarlon/Projects/grupo4/docs/docs) by extension 'python_setup_py'
[1.425s] Level 1:colcon.colcon_core.package_identification:_identify(/home/henriquemarlon/Projects/grupo4/docs/docs/2. Proposta de Solução) by extensions ['ignore', 'ignore_ament_install']
[1.425s] Level 1:colcon.colcon_core.package_identification:_identify(/home/henriquemarlon/Projects/grupo4/docs/docs/2. Proposta de Solução) by extension 'ignore'
[1.425s] Level 1:colcon.colcon_core.package_identification:_identify(/home/henriquemarlon/Projects/grupo4/docs/docs/2. Proposta de Solução) by extension 'ignore_ament_install'
[1.426s] Level 1:colcon.colcon_core.package_identification:_identify(/home/henriquemarlon/Projects/grupo4/docs/docs/2. Proposta de Solução) by extensions ['colcon_pkg']
[1.426s] Level 1:colcon.colcon_core.package_identification:_identify(/home/henriquemarlon/Projects/grupo4/docs/docs/2. Proposta de Solução) by extension 'colcon_pkg'
[1.426s] Level 1:colcon.colcon_core.package_identification:_identify(/home/henriquemarlon/Projects/grupo4/docs/docs/2. Proposta de Solução) by extensions ['colcon_meta']
[1.426s] Level 1:colcon.colcon_core.package_identification:_identify(/home/henriquemarlon/Projects/grupo4/docs/docs/2. Proposta de Solução) by extension 'colcon_meta'
[1.426s] Level 1:colcon.colcon_core.package_identification:_identify(/home/henriquemarlon/Projects/grupo4/docs/docs/2. Proposta de Solução) by extensions ['ros']
[1.426s] Level 1:colcon.colcon_core.package_identification:_identify(/home/henriquemarlon/Projects/grupo4/docs/docs/2. Proposta de Solução) by extension 'ros'
[1.426s] Level 1:colcon.colcon_core.package_identification:_identify(/home/henriquemarlon/Projects/grupo4/docs/docs/2. Proposta de Solução) by extensions ['cmake', 'python']
[1.426s] Level 1:colcon.colcon_core.package_identification:_identify(/home/henriquemarlon/Projects/grupo4/docs/docs/2. Proposta de Solução) by extension 'cmake'
[1.426s] Level 1:colcon.colcon_core.package_identification:_identify(/home/henriquemarlon/Projects/grupo4/docs/docs/2. Proposta de Solução) by extension 'python'
[1.426s] Level 1:colcon.colcon_core.package_identification:_identify(/home/henriquemarlon/Projects/grupo4/docs/docs/2. Proposta de Solução) by extensions ['python_setup_py']
[1.426s] Level 1:colcon.colcon_core.package_identification:_identify(/home/henriquemarlon/Projects/grupo4/docs/docs/2. Proposta de Solução) by extension 'python_setup_py'
[1.426s] Level 1:colcon.colcon_core.package_identification:_identify(/home/henriquemarlon/Projects/grupo4/docs/docs/3. Contexto da Indústria) by extensions ['ignore', 'ignore_ament_install']
[1.427s] Level 1:colcon.colcon_core.package_identification:_identify(/home/henriquemarlon/Projects/grupo4/docs/docs/3. Contexto da Indústria) by extension 'ignore'
[1.427s] Level 1:colcon.colcon_core.package_identification:_identify(/home/henriquemarlon/Projects/grupo4/docs/docs/3. Contexto da Indústria) by extension 'ignore_ament_install'
[1.427s] Level 1:colcon.colcon_core.package_identification:_identify(/home/henriquemarlon/Projects/grupo4/docs/docs/3. Contexto da Indústria) by extensions ['colcon_pkg']
[1.427s] Level 1:colcon.colcon_core.package_identification:_identify(/home/henriquemarlon/Projects/grupo4/docs/docs/3. Contexto da Indústria) by extension 'colcon_pkg'
[1.427s] Level 1:colcon.colcon_core.package_identification:_identify(/home/henriquemarlon/Projects/grupo4/docs/docs/3. Contexto da Indústria) by extensions ['colcon_meta']
[1.427s] Level 1:colcon.colcon_core.package_identification:_identify(/home/henriquemarlon/Projects/grupo4/docs/docs/3. Contexto da Indústria) by extension 'colcon_meta'
[1.427s] Level 1:colcon.colcon_core.package_identification:_identify(/home/henriquemarlon/Projects/grupo4/docs/docs/3. Contexto da Indústria) by extensions ['ros']
[1.427s] Level 1:colcon.colcon_core.package_identification:_identify(/home/henriquemarlon/Projects/grupo4/docs/docs/3. Contexto da Indústria) by extension 'ros'
[1.427s] Level 1:colcon.colcon_core.package_identification:_identify(/home/henriquemarlon/Projects/grupo4/docs/docs/3. Contexto da Indústria) by extensions ['cmake', 'python']
[1.427s] Level 1:colcon.colcon_core.package_identification:_identify(/home/henriquemarlon/Projects/grupo4/docs/docs/3. Contexto da Indústria) by extension 'cmake'
[1.427s] Level 1:colcon.colcon_core.package_identification:_identify(/home/henriquemarlon/Projects/grupo4/docs/docs/3. Contexto da Indústria) by extension 'python'
[1.427s] Level 1:colcon.colcon_core.package_identification:_identify(/home/henriquemarlon/Projects/grupo4/docs/docs/3. Contexto da Indústria) by extensions ['python_setup_py']
[1.427s] Level 1:colcon.colcon_core.package_identification:_identify(/home/henriquemarlon/Projects/grupo4/docs/docs/3. Contexto da Indústria) by extension 'python_setup_py'
[1.428s] Level 1:colcon.colcon_core.package_identification:_identify(/home/henriquemarlon/Projects/grupo4/docs/docs/Referências) by extensions ['ignore', 'ignore_ament_install']
[1.428s] Level 1:colcon.colcon_core.package_identification:_identify(/home/henriquemarlon/Projects/grupo4/docs/docs/Referências) by extension 'ignore'
[1.428s] Level 1:colcon.colcon_core.package_identification:_identify(/home/henriquemarlon/Projects/grupo4/docs/docs/Referências) by extension 'ignore_ament_install'
[1.428s] Level 1:colcon.colcon_core.package_identification:_identify(/home/henriquemarlon/Projects/grupo4/docs/docs/Referências) by extensions ['colcon_pkg']
[1.428s] Level 1:colcon.colcon_core.package_identification:_identify(/home/henriquemarlon/Projects/grupo4/docs/docs/Referências) by extension 'colcon_pkg'
[1.428s] Level 1:colcon.colcon_core.package_identification:_identify(/home/henriquemarlon/Projects/grupo4/docs/docs/Referências) by extensions ['colcon_meta']
[1.428s] Level 1:colcon.colcon_core.package_identification:_identify(/home/henriquemarlon/Projects/grupo4/docs/docs/Referências) by extension 'colcon_meta'
[1.428s] Level 1:colcon.colcon_core.package_identification:_identify(/home/henriquemarlon/Projects/grupo4/docs/docs/Referências) by extensions ['ros']
[1.428s] Level 1:colcon.colcon_core.package_identification:_identify(/home/henriquemarlon/Projects/grupo4/docs/docs/Referências) by extension 'ros'
[1.428s] Level 1:colcon.colcon_core.package_identification:_identify(/home/henriquemarlon/Projects/grupo4/docs/docs/Referências) by extensions ['cmake', 'python']
[1.429s] Level 1:colcon.colcon_core.package_identification:_identify(/home/henriquemarlon/Projects/grupo4/docs/docs/Referências) by extension 'cmake'
[1.429s] Level 1:colcon.colcon_core.package_identification:_identify(/home/henriquemarlon/Projects/grupo4/docs/docs/Referências) by extension 'python'
[1.429s] Level 1:colcon.colcon_core.package_identification:_identify(/home/henriquemarlon/Projects/grupo4/docs/docs/Referências) by extensions ['python_setup_py']
[1.429s] Level 1:colcon.colcon_core.package_identification:_identify(/home/henriquemarlon/Projects/grupo4/docs/docs/Referências) by extension 'python_setup_py'
[1.429s] Level 1:colcon.colcon_core.package_identification:_identify(/home/henriquemarlon/Projects/grupo4/docs/src) by extensions ['ignore', 'ignore_ament_install']
[1.429s] Level 1:colcon.colcon_core.package_identification:_identify(/home/henriquemarlon/Projects/grupo4/docs/src) by extension 'ignore'
[1.429s] Level 1:colcon.colcon_core.package_identification:_identify(/home/henriquemarlon/Projects/grupo4/docs/src) by extension 'ignore_ament_install'
[1.429s] Level 1:colcon.colcon_core.package_identification:_identify(/home/henriquemarlon/Projects/grupo4/docs/src) by extensions ['colcon_pkg']
[1.429s] Level 1:colcon.colcon_core.package_identification:_identify(/home/henriquemarlon/Projects/grupo4/docs/src) by extension 'colcon_pkg'
[1.429s] Level 1:colcon.colcon_core.package_identification:_identify(/home/henriquemarlon/Projects/grupo4/docs/src) by extensions ['colcon_meta']
[1.429s] Level 1:colcon.colcon_core.package_identification:_identify(/home/henriquemarlon/Projects/grupo4/docs/src) by extension 'colcon_meta'
[1.429s] Level 1:colcon.colcon_core.package_identification:_identify(/home/henriquemarlon/Projects/grupo4/docs/src) by extensions ['ros']
[1.429s] Level 1:colcon.colcon_core.package_identification:_identify(/home/henriquemarlon/Projects/grupo4/docs/src) by extension 'ros'
[1.430s] Level 1:colcon.colcon_core.package_identification:_identify(/home/henriquemarlon/Projects/grupo4/docs/src) by extensions ['cmake', 'python']
[1.430s] Level 1:colcon.colcon_core.package_identification:_identify(/home/henriquemarlon/Projects/grupo4/docs/src) by extension 'cmake'
[1.430s] Level 1:colcon.colcon_core.package_identification:_identify(/home/henriquemarlon/Projects/grupo4/docs/src) by extension 'python'
[1.430s] Level 1:colcon.colcon_core.package_identification:_identify(/home/henriquemarlon/Projects/grupo4/docs/src) by extensions ['python_setup_py']
[1.430s] Level 1:colcon.colcon_core.package_identification:_identify(/home/henriquemarlon/Projects/grupo4/docs/src) by extension 'python_setup_py'
[1.430s] Level 1:colcon.colcon_core.package_identification:_identify(/home/henriquemarlon/Projects/grupo4/docs/src/components) by extensions ['ignore', 'ignore_ament_install']
[1.430s] Level 1:colcon.colcon_core.package_identification:_identify(/home/henriquemarlon/Projects/grupo4/docs/src/components) by extension 'ignore'
[1.430s] Level 1:colcon.colcon_core.package_identification:_identify(/home/henriquemarlon/Projects/grupo4/docs/src/components) by extension 'ignore_ament_install'
[1.430s] Level 1:colcon.colcon_core.package_identification:_identify(/home/henriquemarlon/Projects/grupo4/docs/src/components) by extensions ['colcon_pkg']
[1.430s] Level 1:colcon.colcon_core.package_identification:_identify(/home/henriquemarlon/Projects/grupo4/docs/src/components) by extension 'colcon_pkg'
[1.430s] Level 1:colcon.colcon_core.package_identification:_identify(/home/henriquemarlon/Projects/grupo4/docs/src/components) by extensions ['colcon_meta']
[1.430s] Level 1:colcon.colcon_core.package_identification:_identify(/home/henriquemarlon/Projects/grupo4/docs/src/components) by extension 'colcon_meta'
[1.431s] Level 1:colcon.colcon_core.package_identification:_identify(/home/henriquemarlon/Projects/grupo4/docs/src/components) by extensions ['ros']
[1.431s] Level 1:colcon.colcon_core.package_identification:_identify(/home/henriquemarlon/Projects/grupo4/docs/src/components) by extension 'ros'
[1.431s] Level 1:colcon.colcon_core.package_identification:_identify(/home/henriquemarlon/Projects/grupo4/docs/src/components) by extensions ['cmake', 'python']
[1.431s] Level 1:colcon.colcon_core.package_identification:_identify(/home/henriquemarlon/Projects/grupo4/docs/src/components) by extension 'cmake'
[1.431s] Level 1:colcon.colcon_core.package_identification:_identify(/home/henriquemarlon/Projects/grupo4/docs/src/components) by extension 'python'
[1.431s] Level 1:colcon.colcon_core.package_identification:_identify(/home/henriquemarlon/Projects/grupo4/docs/src/components) by extensions ['python_setup_py']
[1.431s] Level 1:colcon.colcon_core.package_identification:_identify(/home/henriquemarlon/Projects/grupo4/docs/src/components) by extension 'python_setup_py'
[1.431s] Level 1:colcon.colcon_core.package_identification:_identify(/home/henriquemarlon/Projects/grupo4/docs/src/components/HomepageFeatures) by extensions ['ignore', 'ignore_ament_install']
[1.431s] Level 1:colcon.colcon_core.package_identification:_identify(/home/henriquemarlon/Projects/grupo4/docs/src/components/HomepageFeatures) by extension 'ignore'
[1.431s] Level 1:colcon.colcon_core.package_identification:_identify(/home/henriquemarlon/Projects/grupo4/docs/src/components/HomepageFeatures) by extension 'ignore_ament_install'
[1.431s] Level 1:colcon.colcon_core.package_identification:_identify(/home/henriquemarlon/Projects/grupo4/docs/src/components/HomepageFeatures) by extensions ['colcon_pkg']
[1.431s] Level 1:colcon.colcon_core.package_identification:_identify(/home/henriquemarlon/Projects/grupo4/docs/src/components/HomepageFeatures) by extension 'colcon_pkg'
[1.432s] Level 1:colcon.colcon_core.package_identification:_identify(/home/henriquemarlon/Projects/grupo4/docs/src/components/HomepageFeatures) by extensions ['colcon_meta']
[1.432s] Level 1:colcon.colcon_core.package_identification:_identify(/home/henriquemarlon/Projects/grupo4/docs/src/components/HomepageFeatures) by extension 'colcon_meta'
[1.432s] Level 1:colcon.colcon_core.package_identification:_identify(/home/henriquemarlon/Projects/grupo4/docs/src/components/HomepageFeatures) by extensions ['ros']
[1.432s] Level 1:colcon.colcon_core.package_identification:_identify(/home/henriquemarlon/Projects/grupo4/docs/src/components/HomepageFeatures) by extension 'ros'
[1.432s] Level 1:colcon.colcon_core.package_identification:_identify(/home/henriquemarlon/Projects/grupo4/docs/src/components/HomepageFeatures) by extensions ['cmake', 'python']
[1.432s] Level 1:colcon.colcon_core.package_identification:_identify(/home/henriquemarlon/Projects/grupo4/docs/src/components/HomepageFeatures) by extension 'cmake'
[1.432s] Level 1:colcon.colcon_core.package_identification:_identify(/home/henriquemarlon/Projects/grupo4/docs/src/components/HomepageFeatures) by extension 'python'
[1.432s] Level 1:colcon.colcon_core.package_identification:_identify(/home/henriquemarlon/Projects/grupo4/docs/src/components/HomepageFeatures) by extensions ['python_setup_py']
[1.432s] Level 1:colcon.colcon_core.package_identification:_identify(/home/henriquemarlon/Projects/grupo4/docs/src/components/HomepageFeatures) by extension 'python_setup_py'
[1.433s] Level 1:colcon.colcon_core.package_identification:_identify(/home/henriquemarlon/Projects/grupo4/docs/src/css) by extensions ['ignore', 'ignore_ament_install']
[1.433s] Level 1:colcon.colcon_core.package_identification:_identify(/home/henriquemarlon/Projects/grupo4/docs/src/css) by extension 'ignore'
[1.433s] Level 1:colcon.colcon_core.package_identification:_identify(/home/henriquemarlon/Projects/grupo4/docs/src/css) by extension 'ignore_ament_install'
[1.433s] Level 1:colcon.colcon_core.package_identification:_identify(/home/henriquemarlon/Projects/grupo4/docs/src/css) by extensions ['colcon_pkg']
[1.433s] Level 1:colcon.colcon_core.package_identification:_identify(/home/henriquemarlon/Projects/grupo4/docs/src/css) by extension 'colcon_pkg'
[1.433s] Level 1:colcon.colcon_core.package_identification:_identify(/home/henriquemarlon/Projects/grupo4/docs/src/css) by extensions ['colcon_meta']
[1.433s] Level 1:colcon.colcon_core.package_identification:_identify(/home/henriquemarlon/Projects/grupo4/docs/src/css) by extension 'colcon_meta'
[1.433s] Level 1:colcon.colcon_core.package_identification:_identify(/home/henriquemarlon/Projects/grupo4/docs/src/css) by extensions ['ros']
[1.433s] Level 1:colcon.colcon_core.package_identification:_identify(/home/henriquemarlon/Projects/grupo4/docs/src/css) by extension 'ros'
[1.433s] Level 1:colcon.colcon_core.package_identification:_identify(/home/henriquemarlon/Projects/grupo4/docs/src/css) by extensions ['cmake', 'python']
[1.433s] Level 1:colcon.colcon_core.package_identification:_identify(/home/henriquemarlon/Projects/grupo4/docs/src/css) by extension 'cmake'
[1.433s] Level 1:colcon.colcon_core.package_identification:_identify(/home/henriquemarlon/Projects/grupo4/docs/src/css) by extension 'python'
[1.433s] Level 1:colcon.colcon_core.package_identification:_identify(/home/henriquemarlon/Projects/grupo4/docs/src/css) by extensions ['python_setup_py']
[1.433s] Level 1:colcon.colcon_core.package_identification:_identify(/home/henriquemarlon/Projects/grupo4/docs/src/css) by extension 'python_setup_py'
[1.434s] Level 1:colcon.colcon_core.package_identification:_identify(/home/henriquemarlon/Projects/grupo4/docs/src/pages) by extensions ['ignore', 'ignore_ament_install']
[1.434s] Level 1:colcon.colcon_core.package_identification:_identify(/home/henriquemarlon/Projects/grupo4/docs/src/pages) by extension 'ignore'
[1.434s] Level 1:colcon.colcon_core.package_identification:_identify(/home/henriquemarlon/Projects/grupo4/docs/src/pages) by extension 'ignore_ament_install'
[1.434s] Level 1:colcon.colcon_core.package_identification:_identify(/home/henriquemarlon/Projects/grupo4/docs/src/pages) by extensions ['colcon_pkg']
[1.434s] Level 1:colcon.colcon_core.package_identification:_identify(/home/henriquemarlon/Projects/grupo4/docs/src/pages) by extension 'colcon_pkg'
[1.434s] Level 1:colcon.colcon_core.package_identification:_identify(/home/henriquemarlon/Projects/grupo4/docs/src/pages) by extensions ['colcon_meta']
[1.434s] Level 1:colcon.colcon_core.package_identification:_identify(/home/henriquemarlon/Projects/grupo4/docs/src/pages) by extension 'colcon_meta'
[1.434s] Level 1:colcon.colcon_core.package_identification:_identify(/home/henriquemarlon/Projects/grupo4/docs/src/pages) by extensions ['ros']
[1.434s] Level 1:colcon.colcon_core.package_identification:_identify(/home/henriquemarlon/Projects/grupo4/docs/src/pages) by extension 'ros'
[1.434s] Level 1:colcon.colcon_core.package_identification:_identify(/home/henriquemarlon/Projects/grupo4/docs/src/pages) by extensions ['cmake', 'python']
[1.434s] Level 1:colcon.colcon_core.package_identification:_identify(/home/henriquemarlon/Projects/grupo4/docs/src/pages) by extension 'cmake'
[1.434s] Level 1:colcon.colcon_core.package_identification:_identify(/home/henriquemarlon/Projects/grupo4/docs/src/pages) by extension 'python'
[1.434s] Level 1:colcon.colcon_core.package_identification:_identify(/home/henriquemarlon/Projects/grupo4/docs/src/pages) by extensions ['python_setup_py']
[1.435s] Level 1:colcon.colcon_core.package_identification:_identify(/home/henriquemarlon/Projects/grupo4/docs/src/pages) by extension 'python_setup_py'
[1.435s] Level 1:colcon.colcon_core.package_identification:_identify(/home/henriquemarlon/Projects/grupo4/docs/static) by extensions ['ignore', 'ignore_ament_install']
[1.435s] Level 1:colcon.colcon_core.package_identification:_identify(/home/henriquemarlon/Projects/grupo4/docs/static) by extension 'ignore'
[1.435s] Level 1:colcon.colcon_core.package_identification:_identify(/home/henriquemarlon/Projects/grupo4/docs/static) by extension 'ignore_ament_install'
[1.435s] Level 1:colcon.colcon_core.package_identification:_identify(/home/henriquemarlon/Projects/grupo4/docs/static) by extensions ['colcon_pkg']
[1.435s] Level 1:colcon.colcon_core.package_identification:_identify(/home/henriquemarlon/Projects/grupo4/docs/static) by extension 'colcon_pkg'
[1.435s] Level 1:colcon.colcon_core.package_identification:_identify(/home/henriquemarlon/Projects/grupo4/docs/static) by extensions ['colcon_meta']
[1.435s] Level 1:colcon.colcon_core.package_identification:_identify(/home/henriquemarlon/Projects/grupo4/docs/static) by extension 'colcon_meta'
[1.435s] Level 1:colcon.colcon_core.package_identification:_identify(/home/henriquemarlon/Projects/grupo4/docs/static) by extensions ['ros']
[1.435s] Level 1:colcon.colcon_core.package_identification:_identify(/home/henriquemarlon/Projects/grupo4/docs/static) by extension 'ros'
[1.436s] Level 1:colcon.colcon_core.package_identification:_identify(/home/henriquemarlon/Projects/grupo4/docs/static) by extensions ['cmake', 'python']
[1.436s] Level 1:colcon.colcon_core.package_identification:_identify(/home/henriquemarlon/Projects/grupo4/docs/static) by extension 'cmake'
[1.436s] Level 1:colcon.colcon_core.package_identification:_identify(/home/henriquemarlon/Projects/grupo4/docs/static) by extension 'python'
[1.436s] Level 1:colcon.colcon_core.package_identification:_identify(/home/henriquemarlon/Projects/grupo4/docs/static) by extensions ['python_setup_py']
[1.436s] Level 1:colcon.colcon_core.package_identification:_identify(/home/henriquemarlon/Projects/grupo4/docs/static) by extension 'python_setup_py'
[1.436s] Level 1:colcon.colcon_core.package_identification:_identify(/home/henriquemarlon/Projects/grupo4/docs/static/files) by extensions ['ignore', 'ignore_ament_install']
[1.436s] Level 1:colcon.colcon_core.package_identification:_identify(/home/henriquemarlon/Projects/grupo4/docs/static/files) by extension 'ignore'
[1.436s] Level 1:colcon.colcon_core.package_identification:_identify(/home/henriquemarlon/Projects/grupo4/docs/static/files) by extension 'ignore_ament_install'
[1.436s] Level 1:colcon.colcon_core.package_identification:_identify(/home/henriquemarlon/Projects/grupo4/docs/static/files) by extensions ['colcon_pkg']
[1.436s] Level 1:colcon.colcon_core.package_identification:_identify(/home/henriquemarlon/Projects/grupo4/docs/static/files) by extension 'colcon_pkg'
[1.436s] Level 1:colcon.colcon_core.package_identification:_identify(/home/henriquemarlon/Projects/grupo4/docs/static/files) by extensions ['colcon_meta']
[1.436s] Level 1:colcon.colcon_core.package_identification:_identify(/home/henriquemarlon/Projects/grupo4/docs/static/files) by extension 'colcon_meta'
[1.436s] Level 1:colcon.colcon_core.package_identification:_identify(/home/henriquemarlon/Projects/grupo4/docs/static/files) by extensions ['ros']
[1.436s] Level 1:colcon.colcon_core.package_identification:_identify(/home/henriquemarlon/Projects/grupo4/docs/static/files) by extension 'ros'
[1.437s] Level 1:colcon.colcon_core.package_identification:_identify(/home/henriquemarlon/Projects/grupo4/docs/static/files) by extensions ['cmake', 'python']
[1.437s] Level 1:colcon.colcon_core.package_identification:_identify(/home/henriquemarlon/Projects/grupo4/docs/static/files) by extension 'cmake'
[1.437s] Level 1:colcon.colcon_core.package_identification:_identify(/home/henriquemarlon/Projects/grupo4/docs/static/files) by extension 'python'
[1.437s] Level 1:colcon.colcon_core.package_identification:_identify(/home/henriquemarlon/Projects/grupo4/docs/static/files) by extensions ['python_setup_py']
[1.437s] Level 1:colcon.colcon_core.package_identification:_identify(/home/henriquemarlon/Projects/grupo4/docs/static/files) by extension 'python_setup_py'
[1.437s] Level 1:colcon.colcon_core.package_identification:_identify(/home/henriquemarlon/Projects/grupo4/docs/static/img) by extensions ['ignore', 'ignore_ament_install']
[1.437s] Level 1:colcon.colcon_core.package_identification:_identify(/home/henriquemarlon/Projects/grupo4/docs/static/img) by extension 'ignore'
[1.437s] Level 1:colcon.colcon_core.package_identification:_identify(/home/henriquemarlon/Projects/grupo4/docs/static/img) by extension 'ignore_ament_install'
[1.437s] Level 1:colcon.colcon_core.package_identification:_identify(/home/henriquemarlon/Projects/grupo4/docs/static/img) by extensions ['colcon_pkg']
[1.437s] Level 1:colcon.colcon_core.package_identification:_identify(/home/henriquemarlon/Projects/grupo4/docs/static/img) by extension 'colcon_pkg'
[1.437s] Level 1:colcon.colcon_core.package_identification:_identify(/home/henriquemarlon/Projects/grupo4/docs/static/img) by extensions ['colcon_meta']
[1.437s] Level 1:colcon.colcon_core.package_identification:_identify(/home/henriquemarlon/Projects/grupo4/docs/static/img) by extension 'colcon_meta'
[1.438s] Level 1:colcon.colcon_core.package_identification:_identify(/home/henriquemarlon/Projects/grupo4/docs/static/img) by extensions ['ros']
[1.438s] Level 1:colcon.colcon_core.package_identification:_identify(/home/henriquemarlon/Projects/grupo4/docs/static/img) by extension 'ros'
[1.438s] Level 1:colcon.colcon_core.package_identification:_identify(/home/henriquemarlon/Projects/grupo4/docs/static/img) by extensions ['cmake', 'python']
[1.438s] Level 1:colcon.colcon_core.package_identification:_identify(/home/henriquemarlon/Projects/grupo4/docs/static/img) by extension 'cmake'
[1.438s] Level 1:colcon.colcon_core.package_identification:_identify(/home/henriquemarlon/Projects/grupo4/docs/static/img) by extension 'python'
[1.438s] Level 1:colcon.colcon_core.package_identification:_identify(/home/henriquemarlon/Projects/grupo4/docs/static/img) by extensions ['python_setup_py']
[1.438s] Level 1:colcon.colcon_core.package_identification:_identify(/home/henriquemarlon/Projects/grupo4/docs/static/img) by extension 'python_setup_py'
[1.438s] Level 1:colcon.colcon_core.package_identification:_identify(/home/henriquemarlon/Projects/grupo4/infrastructure) by extensions ['ignore', 'ignore_ament_install']
[1.438s] Level 1:colcon.colcon_core.package_identification:_identify(/home/henriquemarlon/Projects/grupo4/infrastructure) by extension 'ignore'
[1.438s] Level 1:colcon.colcon_core.package_identification:_identify(/home/henriquemarlon/Projects/grupo4/infrastructure) by extension 'ignore_ament_install'
[1.438s] Level 1:colcon.colcon_core.package_identification:_identify(/home/henriquemarlon/Projects/grupo4/infrastructure) by extensions ['colcon_pkg']
[1.438s] Level 1:colcon.colcon_core.package_identification:_identify(/home/henriquemarlon/Projects/grupo4/infrastructure) by extension 'colcon_pkg'
[1.438s] Level 1:colcon.colcon_core.package_identification:_identify(/home/henriquemarlon/Projects/grupo4/infrastructure) by extensions ['colcon_meta']
[1.439s] Level 1:colcon.colcon_core.package_identification:_identify(/home/henriquemarlon/Projects/grupo4/infrastructure) by extension 'colcon_meta'
[1.439s] Level 1:colcon.colcon_core.package_identification:_identify(/home/henriquemarlon/Projects/grupo4/infrastructure) by extensions ['ros']
[1.439s] Level 1:colcon.colcon_core.package_identification:_identify(/home/henriquemarlon/Projects/grupo4/infrastructure) by extension 'ros'
[1.439s] Level 1:colcon.colcon_core.package_identification:_identify(/home/henriquemarlon/Projects/grupo4/infrastructure) by extensions ['cmake', 'python']
[1.439s] Level 1:colcon.colcon_core.package_identification:_identify(/home/henriquemarlon/Projects/grupo4/infrastructure) by extension 'cmake'
[1.439s] Level 1:colcon.colcon_core.package_identification:_identify(/home/henriquemarlon/Projects/grupo4/infrastructure) by extension 'python'
[1.439s] Level 1:colcon.colcon_core.package_identification:_identify(/home/henriquemarlon/Projects/grupo4/infrastructure) by extensions ['python_setup_py']
[1.439s] Level 1:colcon.colcon_core.package_identification:_identify(/home/henriquemarlon/Projects/grupo4/infrastructure) by extension 'python_setup_py'
[1.440s] Level 1:colcon.colcon_core.package_identification:_identify(/home/henriquemarlon/Projects/grupo4/log) by extensions ['ignore', 'ignore_ament_install']
[1.440s] Level 1:colcon.colcon_core.package_identification:_identify(/home/henriquemarlon/Projects/grupo4/log) by extension 'ignore'
[1.440s] Level 1:colcon.colcon_core.package_identification:_identify(/home/henriquemarlon/Projects/grupo4/log) ignored
[1.440s] Level 1:colcon.colcon_core.package_identification:_identify(/home/henriquemarlon/Projects/grupo4/src) by extensions ['ignore', 'ignore_ament_install']
[1.440s] Level 1:colcon.colcon_core.package_identification:_identify(/home/henriquemarlon/Projects/grupo4/src) by extension 'ignore'
[1.440s] Level 1:colcon.colcon_core.package_identification:_identify(/home/henriquemarlon/Projects/grupo4/src) by extension 'ignore_ament_install'
[1.440s] Level 1:colcon.colcon_core.package_identification:_identify(/home/henriquemarlon/Projects/grupo4/src) by extensions ['colcon_pkg']
[1.440s] Level 1:colcon.colcon_core.package_identification:_identify(/home/henriquemarlon/Projects/grupo4/src) by extension 'colcon_pkg'
[1.440s] Level 1:colcon.colcon_core.package_identification:_identify(/home/henriquemarlon/Projects/grupo4/src) by extensions ['colcon_meta']
[1.441s] Level 1:colcon.colcon_core.package_identification:_identify(/home/henriquemarlon/Projects/grupo4/src) by extension 'colcon_meta'
[1.441s] Level 1:colcon.colcon_core.package_identification:_identify(/home/henriquemarlon/Projects/grupo4/src) by extensions ['ros']
[1.441s] Level 1:colcon.colcon_core.package_identification:_identify(/home/henriquemarlon/Projects/grupo4/src) by extension 'ros'
[1.441s] Level 1:colcon.colcon_core.package_identification:_identify(/home/henriquemarlon/Projects/grupo4/src) by extensions ['cmake', 'python']
[1.441s] Level 1:colcon.colcon_core.package_identification:_identify(/home/henriquemarlon/Projects/grupo4/src) by extension 'cmake'
[1.441s] Level 1:colcon.colcon_core.package_identification:_identify(/home/henriquemarlon/Projects/grupo4/src) by extension 'python'
[1.441s] Level 1:colcon.colcon_core.package_identification:_identify(/home/henriquemarlon/Projects/grupo4/src) by extensions ['python_setup_py']
[1.441s] Level 1:colcon.colcon_core.package_identification:_identify(/home/henriquemarlon/Projects/grupo4/src) by extension 'python_setup_py'
[1.441s] Level 1:colcon.colcon_core.package_identification:_identify(/home/henriquemarlon/Projects/grupo4/src/ROS) by extensions ['ignore', 'ignore_ament_install']
[1.441s] Level 1:colcon.colcon_core.package_identification:_identify(/home/henriquemarlon/Projects/grupo4/src/ROS) by extension 'ignore'
[1.441s] Level 1:colcon.colcon_core.package_identification:_identify(/home/henriquemarlon/Projects/grupo4/src/ROS) by extension 'ignore_ament_install'
[1.441s] Level 1:colcon.colcon_core.package_identification:_identify(/home/henriquemarlon/Projects/grupo4/src/ROS) by extensions ['colcon_pkg']
[1.442s] Level 1:colcon.colcon_core.package_identification:_identify(/home/henriquemarlon/Projects/grupo4/src/ROS) by extension 'colcon_pkg'
[1.442s] Level 1:colcon.colcon_core.package_identification:_identify(/home/henriquemarlon/Projects/grupo4/src/ROS) by extensions ['colcon_meta']
[1.442s] Level 1:colcon.colcon_core.package_identification:_identify(/home/henriquemarlon/Projects/grupo4/src/ROS) by extension 'colcon_meta'
[1.442s] Level 1:colcon.colcon_core.package_identification:_identify(/home/henriquemarlon/Projects/grupo4/src/ROS) by extensions ['ros']
[1.442s] Level 1:colcon.colcon_core.package_identification:_identify(/home/henriquemarlon/Projects/grupo4/src/ROS) by extension 'ros'
[1.442s] Level 1:colcon.colcon_core.package_identification:_identify(/home/henriquemarlon/Projects/grupo4/src/ROS) by extensions ['cmake', 'python']
[1.442s] Level 1:colcon.colcon_core.package_identification:_identify(/home/henriquemarlon/Projects/grupo4/src/ROS) by extension 'cmake'
[1.442s] Level 1:colcon.colcon_core.package_identification:_identify(/home/henriquemarlon/Projects/grupo4/src/ROS) by extension 'python'
[1.442s] Level 1:colcon.colcon_core.package_identification:_identify(/home/henriquemarlon/Projects/grupo4/src/ROS) by extensions ['python_setup_py']
[1.442s] Level 1:colcon.colcon_core.package_identification:_identify(/home/henriquemarlon/Projects/grupo4/src/ROS) by extension 'python_setup_py'
[1.442s] Level 1:colcon.colcon_core.package_identification:_identify(/home/henriquemarlon/Projects/grupo4/src/ROS/cpp_srv_turtlesim) by extensions ['ignore', 'ignore_ament_install']
[1.442s] Level 1:colcon.colcon_core.package_identification:_identify(/home/henriquemarlon/Projects/grupo4/src/ROS/cpp_srv_turtlesim) by extension 'ignore'
[1.442s] Level 1:colcon.colcon_core.package_identification:_identify(/home/henriquemarlon/Projects/grupo4/src/ROS/cpp_srv_turtlesim) by extension 'ignore_ament_install'
[1.443s] Level 1:colcon.colcon_core.package_identification:_identify(/home/henriquemarlon/Projects/grupo4/src/ROS/cpp_srv_turtlesim) by extensions ['colcon_pkg']
[1.443s] Level 1:colcon.colcon_core.package_identification:_identify(/home/henriquemarlon/Projects/grupo4/src/ROS/cpp_srv_turtlesim) by extension 'colcon_pkg'
[1.443s] Level 1:colcon.colcon_core.package_identification:_identify(/home/henriquemarlon/Projects/grupo4/src/ROS/cpp_srv_turtlesim) by extensions ['colcon_meta']
[1.443s] Level 1:colcon.colcon_core.package_identification:_identify(/home/henriquemarlon/Projects/grupo4/src/ROS/cpp_srv_turtlesim) by extension 'colcon_meta'
[1.443s] Level 1:colcon.colcon_core.package_identification:_identify(/home/henriquemarlon/Projects/grupo4/src/ROS/cpp_srv_turtlesim) by extensions ['ros']
[1.443s] Level 1:colcon.colcon_core.package_identification:_identify(/home/henriquemarlon/Projects/grupo4/src/ROS/cpp_srv_turtlesim) by extension 'ros'
[1.446s] DEBUG:colcon.colcon_core.package_identification:Package '/home/henriquemarlon/Projects/grupo4/src/ROS/cpp_srv_turtlesim' with type 'ros.ament_cmake' and name 'cpp_srv_turtlesim'
[1.446s] Level 1:colcon.colcon_core.package_identification:_identify(/home/henriquemarlon/Projects/grupo4/src/ROS/ros_turtles) by extensions ['ignore', 'ignore_ament_install']
[1.446s] Level 1:colcon.colcon_core.package_identification:_identify(/home/henriquemarlon/Projects/grupo4/src/ROS/ros_turtles) by extension 'ignore'
[1.446s] Level 1:colcon.colcon_core.package_identification:_identify(/home/henriquemarlon/Projects/grupo4/src/ROS/ros_turtles) by extension 'ignore_ament_install'
[1.446s] Level 1:colcon.colcon_core.package_identification:_identify(/home/henriquemarlon/Projects/grupo4/src/ROS/ros_turtles) by extensions ['colcon_pkg']
[1.446s] Level 1:colcon.colcon_core.package_identification:_identify(/home/henriquemarlon/Projects/grupo4/src/ROS/ros_turtles) by extension 'colcon_pkg'
[1.447s] Level 1:colcon.colcon_core.package_identification:_identify(/home/henriquemarlon/Projects/grupo4/src/ROS/ros_turtles) by extensions ['colcon_meta']
[1.447s] Level 1:colcon.colcon_core.package_identification:_identify(/home/henriquemarlon/Projects/grupo4/src/ROS/ros_turtles) by extension 'colcon_meta'
[1.447s] Level 1:colcon.colcon_core.package_identification:_identify(/home/henriquemarlon/Projects/grupo4/src/ROS/ros_turtles) by extensions ['ros']
[1.447s] Level 1:colcon.colcon_core.package_identification:_identify(/home/henriquemarlon/Projects/grupo4/src/ROS/ros_turtles) by extension 'ros'
[1.448s] DEBUG:colcon.colcon_core.package_identification:Package '/home/henriquemarlon/Projects/grupo4/src/ROS/ros_turtles' with type 'ros.ament_cmake' and name 'ros_turtles'
[1.448s] Level 1:colcon.colcon_core.package_identification:_identify(/home/henriquemarlon/Projects/grupo4/src/chatbot) by extensions ['ignore', 'ignore_ament_install']
[1.448s] Level 1:colcon.colcon_core.package_identification:_identify(/home/henriquemarlon/Projects/grupo4/src/chatbot) by extension 'ignore'
[1.448s] Level 1:colcon.colcon_core.package_identification:_identify(/home/henriquemarlon/Projects/grupo4/src/chatbot) by extension 'ignore_ament_install'
[1.448s] Level 1:colcon.colcon_core.package_identification:_identify(/home/henriquemarlon/Projects/grupo4/src/chatbot) by extensions ['colcon_pkg']
[1.448s] Level 1:colcon.colcon_core.package_identification:_identify(/home/henriquemarlon/Projects/grupo4/src/chatbot) by extension 'colcon_pkg'
[1.448s] Level 1:colcon.colcon_core.package_identification:_identify(/home/henriquemarlon/Projects/grupo4/src/chatbot) by extensions ['colcon_meta']
[1.448s] Level 1:colcon.colcon_core.package_identification:_identify(/home/henriquemarlon/Projects/grupo4/src/chatbot) by extension 'colcon_meta'
[1.449s] Level 1:colcon.colcon_core.package_identification:_identify(/home/henriquemarlon/Projects/grupo4/src/chatbot) by extensions ['ros']
[1.449s] Level 1:colcon.colcon_core.package_identification:_identify(/home/henriquemarlon/Projects/grupo4/src/chatbot) by extension 'ros'
[1.449s] Level 1:colcon.colcon_core.package_identification:_identify(/home/henriquemarlon/Projects/grupo4/src/chatbot) by extensions ['cmake', 'python']
[1.449s] Level 1:colcon.colcon_core.package_identification:_identify(/home/henriquemarlon/Projects/grupo4/src/chatbot) by extension 'cmake'
[1.449s] Level 1:colcon.colcon_core.package_identification:_identify(/home/henriquemarlon/Projects/grupo4/src/chatbot) by extension 'python'
[1.449s] Level 1:colcon.colcon_core.package_identification:_identify(/home/henriquemarlon/Projects/grupo4/src/chatbot) by extensions ['python_setup_py']
[1.449s] Level 1:colcon.colcon_core.package_identification:_identify(/home/henriquemarlon/Projects/grupo4/src/chatbot) by extension 'python_setup_py'
[1.449s] Level 1:colcon.colcon_core.package_identification:_identify(/home/henriquemarlon/Projects/grupo4/src/chatbot/src) by extensions ['ignore', 'ignore_ament_install']
[1.449s] Level 1:colcon.colcon_core.package_identification:_identify(/home/henriquemarlon/Projects/grupo4/src/chatbot/src) by extension 'ignore'
[1.449s] Level 1:colcon.colcon_core.package_identification:_identify(/home/henriquemarlon/Projects/grupo4/src/chatbot/src) by extension 'ignore_ament_install'
[1.449s] Level 1:colcon.colcon_core.package_identification:_identify(/home/henriquemarlon/Projects/grupo4/src/chatbot/src) by extensions ['colcon_pkg']
[1.449s] Level 1:colcon.colcon_core.package_identification:_identify(/home/henriquemarlon/Projects/grupo4/src/chatbot/src) by extension 'colcon_pkg'
[1.449s] Level 1:colcon.colcon_core.package_identification:_identify(/home/henriquemarlon/Projects/grupo4/src/chatbot/src) by extensions ['colcon_meta']
[1.449s] Level 1:colcon.colcon_core.package_identification:_identify(/home/henriquemarlon/Projects/grupo4/src/chatbot/src) by extension 'colcon_meta'
[1.450s] Level 1:colcon.colcon_core.package_identification:_identify(/home/henriquemarlon/Projects/grupo4/src/chatbot/src) by extensions ['ros']
[1.450s] Level 1:colcon.colcon_core.package_identification:_identify(/home/henriquemarlon/Projects/grupo4/src/chatbot/src) by extension 'ros'
[1.450s] Level 1:colcon.colcon_core.package_identification:_identify(/home/henriquemarlon/Projects/grupo4/src/chatbot/src) by extensions ['cmake', 'python']
[1.450s] Level 1:colcon.colcon_core.package_identification:_identify(/home/henriquemarlon/Projects/grupo4/src/chatbot/src) by extension 'cmake'
[1.450s] Level 1:colcon.colcon_core.package_identification:_identify(/home/henriquemarlon/Projects/grupo4/src/chatbot/src) by extension 'python'
[1.450s] Level 1:colcon.colcon_core.package_identification:_identify(/home/henriquemarlon/Projects/grupo4/src/chatbot/src) by extensions ['python_setup_py']
[1.450s] Level 1:colcon.colcon_core.package_identification:_identify(/home/henriquemarlon/Projects/grupo4/src/chatbot/src) by extension 'python_setup_py'
[1.450s] Level 1:colcon.colcon_core.package_identification:_identify(/home/henriquemarlon/Projects/grupo4/src/chatbot/src/cli) by extensions ['ignore', 'ignore_ament_install']
[1.450s] Level 1:colcon.colcon_core.package_identification:_identify(/home/henriquemarlon/Projects/grupo4/src/chatbot/src/cli) by extension 'ignore'
[1.450s] Level 1:colcon.colcon_core.package_identification:_identify(/home/henriquemarlon/Projects/grupo4/src/chatbot/src/cli) by extension 'ignore_ament_install'
[1.450s] Level 1:colcon.colcon_core.package_identification:_identify(/home/henriquemarlon/Projects/grupo4/src/chatbot/src/cli) by extensions ['colcon_pkg']
[1.451s] Level 1:colcon.colcon_core.package_identification:_identify(/home/henriquemarlon/Projects/grupo4/src/chatbot/src/cli) by extension 'colcon_pkg'
[1.451s] Level 1:colcon.colcon_core.package_identification:_identify(/home/henriquemarlon/Projects/grupo4/src/chatbot/src/cli) by extensions ['colcon_meta']
[1.451s] Level 1:colcon.colcon_core.package_identification:_identify(/home/henriquemarlon/Projects/grupo4/src/chatbot/src/cli) by extension 'colcon_meta'
[1.451s] Level 1:colcon.colcon_core.package_identification:_identify(/home/henriquemarlon/Projects/grupo4/src/chatbot/src/cli) by extensions ['ros']
[1.451s] Level 1:colcon.colcon_core.package_identification:_identify(/home/henriquemarlon/Projects/grupo4/src/chatbot/src/cli) by extension 'ros'
[1.451s] Level 1:colcon.colcon_core.package_identification:_identify(/home/henriquemarlon/Projects/grupo4/src/chatbot/src/cli) by extensions ['cmake', 'python']
[1.451s] Level 1:colcon.colcon_core.package_identification:_identify(/home/henriquemarlon/Projects/grupo4/src/chatbot/src/cli) by extension 'cmake'
[1.451s] Level 1:colcon.colcon_core.package_identification:_identify(/home/henriquemarlon/Projects/grupo4/src/chatbot/src/cli) by extension 'python'
[1.451s] Level 1:colcon.colcon_core.package_identification:_identify(/home/henriquemarlon/Projects/grupo4/src/chatbot/src/cli) by extensions ['python_setup_py']
[1.451s] Level 1:colcon.colcon_core.package_identification:_identify(/home/henriquemarlon/Projects/grupo4/src/chatbot/src/cli) by extension 'python_setup_py'
[1.451s] Level 1:colcon.colcon_core.package_identification:_identify(/home/henriquemarlon/Projects/grupo4/src/chatbot/src/commands) by extensions ['ignore', 'ignore_ament_install']
[1.451s] Level 1:colcon.colcon_core.package_identification:_identify(/home/henriquemarlon/Projects/grupo4/src/chatbot/src/commands) by extension 'ignore'
[1.452s] Level 1:colcon.colcon_core.package_identification:_identify(/home/henriquemarlon/Projects/grupo4/src/chatbot/src/commands) by extension 'ignore_ament_install'
[1.452s] Level 1:colcon.colcon_core.package_identification:_identify(/home/henriquemarlon/Projects/grupo4/src/chatbot/src/commands) by extensions ['colcon_pkg']
[1.452s] Level 1:colcon.colcon_core.package_identification:_identify(/home/henriquemarlon/Projects/grupo4/src/chatbot/src/commands) by extension 'colcon_pkg'
[1.452s] Level 1:colcon.colcon_core.package_identification:_identify(/home/henriquemarlon/Projects/grupo4/src/chatbot/src/commands) by extensions ['colcon_meta']
[1.452s] Level 1:colcon.colcon_core.package_identification:_identify(/home/henriquemarlon/Projects/grupo4/src/chatbot/src/commands) by extension 'colcon_meta'
[1.452s] Level 1:colcon.colcon_core.package_identification:_identify(/home/henriquemarlon/Projects/grupo4/src/chatbot/src/commands) by extensions ['ros']
[1.452s] Level 1:colcon.colcon_core.package_identification:_identify(/home/henriquemarlon/Projects/grupo4/src/chatbot/src/commands) by extension 'ros'
[1.452s] Level 1:colcon.colcon_core.package_identification:_identify(/home/henriquemarlon/Projects/grupo4/src/chatbot/src/commands) by extensions ['cmake', 'python']
[1.452s] Level 1:colcon.colcon_core.package_identification:_identify(/home/henriquemarlon/Projects/grupo4/src/chatbot/src/commands) by extension 'cmake'
[1.452s] Level 1:colcon.colcon_core.package_identification:_identify(/home/henriquemarlon/Projects/grupo4/src/chatbot/src/commands) by extension 'python'
[1.452s] Level 1:colcon.colcon_core.package_identification:_identify(/home/henriquemarlon/Projects/grupo4/src/chatbot/src/commands) by extensions ['python_setup_py']
[1.452s] Level 1:colcon.colcon_core.package_identification:_identify(/home/henriquemarlon/Projects/grupo4/src/chatbot/src/commands) by extension 'python_setup_py'
[1.452s] Level 1:colcon.colcon_core.package_identification:_identify(/home/henriquemarlon/Projects/grupo4/src/chatbot/src/handlers) by extensions ['ignore', 'ignore_ament_install']
[1.453s] Level 1:colcon.colcon_core.package_identification:_identify(/home/henriquemarlon/Projects/grupo4/src/chatbot/src/handlers) by extension 'ignore'
[1.453s] Level 1:colcon.colcon_core.package_identification:_identify(/home/henriquemarlon/Projects/grupo4/src/chatbot/src/handlers) by extension 'ignore_ament_install'
[1.453s] Level 1:colcon.colcon_core.package_identification:_identify(/home/henriquemarlon/Projects/grupo4/src/chatbot/src/handlers) by extensions ['colcon_pkg']
[1.453s] Level 1:colcon.colcon_core.package_identification:_identify(/home/henriquemarlon/Projects/grupo4/src/chatbot/src/handlers) by extension 'colcon_pkg'
[1.453s] Level 1:colcon.colcon_core.package_identification:_identify(/home/henriquemarlon/Projects/grupo4/src/chatbot/src/handlers) by extensions ['colcon_meta']
[1.453s] Level 1:colcon.colcon_core.package_identification:_identify(/home/henriquemarlon/Projects/grupo4/src/chatbot/src/handlers) by extension 'colcon_meta'
[1.453s] Level 1:colcon.colcon_core.package_identification:_identify(/home/henriquemarlon/Projects/grupo4/src/chatbot/src/handlers) by extensions ['ros']
[1.453s] Level 1:colcon.colcon_core.package_identification:_identify(/home/henriquemarlon/Projects/grupo4/src/chatbot/src/handlers) by extension 'ros'
[1.453s] Level 1:colcon.colcon_core.package_identification:_identify(/home/henriquemarlon/Projects/grupo4/src/chatbot/src/handlers) by extensions ['cmake', 'python']
[1.453s] Level 1:colcon.colcon_core.package_identification:_identify(/home/henriquemarlon/Projects/grupo4/src/chatbot/src/handlers) by extension 'cmake'
[1.453s] Level 1:colcon.colcon_core.package_identification:_identify(/home/henriquemarlon/Projects/grupo4/src/chatbot/src/handlers) by extension 'python'
[1.453s] Level 1:colcon.colcon_core.package_identification:_identify(/home/henriquemarlon/Projects/grupo4/src/chatbot/src/handlers) by extensions ['python_setup_py']
[1.453s] Level 1:colcon.colcon_core.package_identification:_identify(/home/henriquemarlon/Projects/grupo4/src/chatbot/src/handlers) by extension 'python_setup_py'
[1.453s] Level 1:colcon.colcon_core.package_identification:_identify(/home/henriquemarlon/Projects/grupo4/src/chatbot/src/prisma) by extensions ['ignore', 'ignore_ament_install']
[1.454s] Level 1:colcon.colcon_core.package_identification:_identify(/home/henriquemarlon/Projects/grupo4/src/chatbot/src/prisma) by extension 'ignore'
[1.454s] Level 1:colcon.colcon_core.package_identification:_identify(/home/henriquemarlon/Projects/grupo4/src/chatbot/src/prisma) by extension 'ignore_ament_install'
[1.454s] Level 1:colcon.colcon_core.package_identification:_identify(/home/henriquemarlon/Projects/grupo4/src/chatbot/src/prisma) by extensions ['colcon_pkg']
[1.454s] Level 1:colcon.colcon_core.package_identification:_identify(/home/henriquemarlon/Projects/grupo4/src/chatbot/src/prisma) by extension 'colcon_pkg'
[1.454s] Level 1:colcon.colcon_core.package_identification:_identify(/home/henriquemarlon/Projects/grupo4/src/chatbot/src/prisma) by extensions ['colcon_meta']
[1.454s] Level 1:colcon.colcon_core.package_identification:_identify(/home/henriquemarlon/Projects/grupo4/src/chatbot/src/prisma) by extension 'colcon_meta'
[1.454s] Level 1:colcon.colcon_core.package_identification:_identify(/home/henriquemarlon/Projects/grupo4/src/chatbot/src/prisma) by extensions ['ros']
[1.454s] Level 1:colcon.colcon_core.package_identification:_identify(/home/henriquemarlon/Projects/grupo4/src/chatbot/src/prisma) by extension 'ros'
[1.454s] Level 1:colcon.colcon_core.package_identification:_identify(/home/henriquemarlon/Projects/grupo4/src/chatbot/src/prisma) by extensions ['cmake', 'python']
[1.454s] Level 1:colcon.colcon_core.package_identification:_identify(/home/henriquemarlon/Projects/grupo4/src/chatbot/src/prisma) by extension 'cmake'
[1.454s] Level 1:colcon.colcon_core.package_identification:_identify(/home/henriquemarlon/Projects/grupo4/src/chatbot/src/prisma) by extension 'python'
[1.454s] Level 1:colcon.colcon_core.package_identification:_identify(/home/henriquemarlon/Projects/grupo4/src/chatbot/src/prisma) by extensions ['python_setup_py']
[1.454s] Level 1:colcon.colcon_core.package_identification:_identify(/home/henriquemarlon/Projects/grupo4/src/chatbot/src/prisma) by extension 'python_setup_py'
[1.455s] Level 1:colcon.colcon_core.package_identification:_identify(/home/henriquemarlon/Projects/grupo4/src/chatbot/src/providers) by extensions ['ignore', 'ignore_ament_install']
[1.455s] Level 1:colcon.colcon_core.package_identification:_identify(/home/henriquemarlon/Projects/grupo4/src/chatbot/src/providers) by extension 'ignore'
[1.455s] Level 1:colcon.colcon_core.package_identification:_identify(/home/henriquemarlon/Projects/grupo4/src/chatbot/src/providers) by extension 'ignore_ament_install'
[1.455s] Level 1:colcon.colcon_core.package_identification:_identify(/home/henriquemarlon/Projects/grupo4/src/chatbot/src/providers) by extensions ['colcon_pkg']
[1.455s] Level 1:colcon.colcon_core.package_identification:_identify(/home/henriquemarlon/Projects/grupo4/src/chatbot/src/providers) by extension 'colcon_pkg'
[1.455s] Level 1:colcon.colcon_core.package_identification:_identify(/home/henriquemarlon/Projects/grupo4/src/chatbot/src/providers) by extensions ['colcon_meta']
[1.455s] Level 1:colcon.colcon_core.package_identification:_identify(/home/henriquemarlon/Projects/grupo4/src/chatbot/src/providers) by extension 'colcon_meta'
[1.455s] Level 1:colcon.colcon_core.package_identification:_identify(/home/henriquemarlon/Projects/grupo4/src/chatbot/src/providers) by extensions ['ros']
[1.455s] Level 1:colcon.colcon_core.package_identification:_identify(/home/henriquemarlon/Projects/grupo4/src/chatbot/src/providers) by extension 'ros'
[1.455s] Level 1:colcon.colcon_core.package_identification:_identify(/home/henriquemarlon/Projects/grupo4/src/chatbot/src/providers) by extensions ['cmake', 'python']
[1.455s] Level 1:colcon.colcon_core.package_identification:_identify(/home/henriquemarlon/Projects/grupo4/src/chatbot/src/providers) by extension 'cmake'
[1.455s] Level 1:colcon.colcon_core.package_identification:_identify(/home/henriquemarlon/Projects/grupo4/src/chatbot/src/providers) by extension 'python'
[1.455s] Level 1:colcon.colcon_core.package_identification:_identify(/home/henriquemarlon/Projects/grupo4/src/chatbot/src/providers) by extensions ['python_setup_py']
[1.455s] Level 1:colcon.colcon_core.package_identification:_identify(/home/henriquemarlon/Projects/grupo4/src/chatbot/src/providers) by extension 'python_setup_py'
[1.456s] Level 1:colcon.colcon_core.package_identification:_identify(/home/henriquemarlon/Projects/grupo4/src/chatbot/src/types) by extensions ['ignore', 'ignore_ament_install']
[1.456s] Level 1:colcon.colcon_core.package_identification:_identify(/home/henriquemarlon/Projects/grupo4/src/chatbot/src/types) by extension 'ignore'
[1.456s] Level 1:colcon.colcon_core.package_identification:_identify(/home/henriquemarlon/Projects/grupo4/src/chatbot/src/types) by extension 'ignore_ament_install'
[1.456s] Level 1:colcon.colcon_core.package_identification:_identify(/home/henriquemarlon/Projects/grupo4/src/chatbot/src/types) by extensions ['colcon_pkg']
[1.456s] Level 1:colcon.colcon_core.package_identification:_identify(/home/henriquemarlon/Projects/grupo4/src/chatbot/src/types) by extension 'colcon_pkg'
[1.456s] Level 1:colcon.colcon_core.package_identification:_identify(/home/henriquemarlon/Projects/grupo4/src/chatbot/src/types) by extensions ['colcon_meta']
[1.456s] Level 1:colcon.colcon_core.package_identification:_identify(/home/henriquemarlon/Projects/grupo4/src/chatbot/src/types) by extension 'colcon_meta'
[1.456s] Level 1:colcon.colcon_core.package_identification:_identify(/home/henriquemarlon/Projects/grupo4/src/chatbot/src/types) by extensions ['ros']
[1.456s] Level 1:colcon.colcon_core.package_identification:_identify(/home/henriquemarlon/Projects/grupo4/src/chatbot/src/types) by extension 'ros'
[1.456s] Level 1:colcon.colcon_core.package_identification:_identify(/home/henriquemarlon/Projects/grupo4/src/chatbot/src/types) by extensions ['cmake', 'python']
[1.456s] Level 1:colcon.colcon_core.package_identification:_identify(/home/henriquemarlon/Projects/grupo4/src/chatbot/src/types) by extension 'cmake'
[1.457s] Level 1:colcon.colcon_core.package_identification:_identify(/home/henriquemarlon/Projects/grupo4/src/chatbot/src/types) by extension 'python'
[1.457s] Level 1:colcon.colcon_core.package_identification:_identify(/home/henriquemarlon/Projects/grupo4/src/chatbot/src/types) by extensions ['python_setup_py']
[1.457s] Level 1:colcon.colcon_core.package_identification:_identify(/home/henriquemarlon/Projects/grupo4/src/chatbot/src/types) by extension 'python_setup_py'
[1.457s] Level 1:colcon.colcon_core.package_discovery:discover_packages(recursive) using defaults
