[0.000000] (-) TimerEvent: {}
[0.000446] (navigator) JobQueued: {'identifier': 'navigator', 'dependencies': OrderedDict()}
[0.000519] (navigator) JobStarted: {'identifier': 'navigator'}
[0.099679] (-) TimerEvent: {}
[0.199919] (-) TimerEvent: {}
[0.300173] (-) TimerEvent: {}
[0.400433] (-) TimerEvent: {}
[0.500772] (-) TimerEvent: {}
[0.601103] (-) TimerEvent: {}
[0.701435] (-) TimerEvent: {}
[0.801721] (-) TimerEvent: {}
[0.809792] (navigator) Command: {'cmd': ['/usr/bin/python3', 'setup.py', 'egg_info', '--egg-base', '../../build/navigator', 'build', '--build-base', '/home/elisa/grupo4/src/nav_workspace/build/navigator/build', 'install', '--record', '/home/elisa/grupo4/src/nav_workspace/build/navigator/install.log', '--single-version-externally-managed'], 'cwd': '/home/elisa/grupo4/src/nav_workspace/src/navigator', 'env': {'GJS_DEBUG_TOPICS': 'JS ERROR;JS LOG', 'USER': 'elisa', 'LC_TIME': 'pt_BR.UTF-8', 'GIO_MODULE_DIR': '/home/elisa/snap/code/common/.cache/gio-modules', 'XDG_SESSION_TYPE': 'wayland', 'GIT_ASKPASS': '/snap/code/145/usr/share/code/resources/app/extensions/git/dist/askpass.sh', 'GTK_EXE_PREFIX_VSCODE_SNAP_ORIG': '', 'GDK_BACKEND_VSCODE_SNAP_ORIG': '', 'SHLVL': '1', 'HOME': '/home/elisa', 'CHROME_DESKTOP': 'code-url-handler.desktop', 'LOCPATH_VSCODE_SNAP_ORIG': '', 'TERM_PROGRAM_VERSION': '1.84.1', 'DESKTOP_SESSION': 'ubuntu', 'GTK_PATH': '/snap/code/145/usr/lib/x86_64-linux-gnu/gtk-3.0', 'GTK_IM_MODULE_FILE': '/home/elisa/snap/code/common/.cache/immodules/immodules.cache', 'GIO_LAUNCHED_DESKTOP_FILE': '/var/lib/snapd/desktop/applications/code_code.desktop', 'GNOME_SHELL_SESSION_MODE': 'ubuntu', 'GTK_MODULES': 'gail:atk-bridge', 'GSETTINGS_SCHEMA_DIR_VSCODE_SNAP_ORIG': '', 'VSCODE_GIT_ASKPASS_MAIN': '/snap/code/145/usr/share/code/resources/app/extensions/git/dist/askpass-main.js', 'LC_MONETARY': 'pt_BR.UTF-8', 'VSCODE_GIT_ASKPASS_NODE': '/snap/code/145/usr/share/code/code', 'MANAGERPID': '923', 'LC_CTYPE': 'pt_BR.UTF-8', 'SYSTEMD_EXEC_PID': '1173', 'IM_CONFIG_CHECK_ENV': '1', 'DBUS_SESSION_BUS_ADDRESS': 'unix:path=/run/user/1000/bus', 'COLORTERM': 'truecolor', 'GIO_LAUNCHED_DESKTOP_FILE_PID': '4111', 'IM_CONFIG_PHASE': '1', 'WAYLAND_DISPLAY': 'wayland-0', 'LOGNAME': 'elisa', 'JOURNAL_STREAM': '8:32821', '_': '/usr/bin/colcon', 'XDG_CONFIG_DIRS_VSCODE_SNAP_ORIG': '/etc/xdg/xdg-ubuntu:/etc/xdg', 'XDG_SESSION_CLASS': 'user', 'XDG_DATA_DIRS_VSCODE_SNAP_ORIG': '/usr/share/ubuntu:/usr/local/share/:/usr/share/:/var/lib/snapd/desktop', 'USERNAME': 'elisa', 'TERM': 'xterm-256color', 'GNOME_DESKTOP_SESSION_ID': 'this-is-deprecated', 'PATH': '/usr/local/sbin:/usr/local/bin:/usr/sbin:/usr/bin:/sbin:/bin:/usr/games:/usr/local/games:/snap/bin:/snap/bin', 'SESSION_MANAGER': 'local/elisa-Latitude-5420:@/tmp/.ICE-unix/1113,unix/elisa-Latitude-5420:/tmp/.ICE-unix/1113', 'GTK_EXE_PREFIX': '/snap/code/145/usr', 'INVOCATION_ID': '35c621c2501c43bb97868fbbe33e14d7', 'XDG_MENU_PREFIX': 'gnome-', 'LC_ADDRESS': 'pt_BR.UTF-8', 'BAMF_DESKTOP_FILE_HINT': '/var/lib/snapd/desktop/applications/code_code.desktop', 'GNOME_SETUP_DISPLAY': ':1', 'XDG_RUNTIME_DIR': '/run/user/1000', 'GDK_BACKEND': 'x11', 'DISPLAY': ':0', 'LOCPATH': '/snap/code/145/usr/lib/locale', 'LANG': 'en_US.UTF-8', 'XDG_CURRENT_DESKTOP': 'Unity', 'LC_TELEPHONE': 'pt_BR.UTF-8', 'GIO_MODULE_DIR_VSCODE_SNAP_ORIG': '', 'XMODIFIERS': '@im=ibus', 'XDG_SESSION_DESKTOP': 'ubuntu', 'XAUTHORITY': '/run/user/1000/.mutter-Xwaylandauth.NA42D2', 'VSCODE_GIT_IPC_HANDLE': '/run/user/1000/vscode-git-0640dae23f.sock', 'TERM_PROGRAM': 'vscode', 'SSH_AGENT_LAUNCHER': 'gnome-keyring', 'SSH_AUTH_SOCK': '/run/user/1000/keyring/ssh', 'GSETTINGS_SCHEMA_DIR': '/home/elisa/snap/code/145/.local/share/glib-2.0/schemas', 'ORIGINAL_XDG_CURRENT_DESKTOP': 'ubuntu:GNOME', 'SHELL': '/bin/bash', 'LC_NAME': 'pt_BR.UTF-8', 'QT_ACCESSIBILITY': '1', 'GDMSESSION': 'ubuntu', 'GTK_PATH_VSCODE_SNAP_ORIG': '', 'GTK_IM_MODULE_FILE_VSCODE_SNAP_ORIG': '', 'LC_MEASUREMENT': 'pt_BR.UTF-8', 'GJS_DEBUG_OUTPUT': 'stderr', 'LC_IDENTIFICATION': 'pt_BR.UTF-8', 'VSCODE_GIT_ASKPASS_EXTRA_ARGS': '--ms-enable-electron-run-as-node', 'QT_IM_MODULE': 'ibus', 'PWD': '/home/elisa/grupo4/src/nav_workspace/build/navigator', 'XDG_CONFIG_DIRS': '/etc/xdg/xdg-ubuntu:/etc/xdg', 'XDG_DATA_DIRS': '/home/elisa/snap/code/145/.local/share:/home/elisa/snap/code/145:/snap/code/145/usr/share:/usr/share/ubuntu:/usr/local/share/:/usr/share/:/var/lib/snapd/desktop', 'LC_NUMERIC': 'pt_BR.UTF-8', 'LC_PAPER': 'pt_BR.UTF-8', 'COLCON': '1', 'PYTHONPATH': '/home/elisa/grupo4/src/nav_workspace/build/navigator/prefix_override:/home/elisa/grupo4/src/nav_workspace/install/navigator/lib/python3.10/site-packages:'}, 'shell': False}
[0.901807] (-) TimerEvent: {}
[0.985746] (navigator) StdoutLine: {'line': b'running egg_info\n'}
[0.986196] (navigator) StdoutLine: {'line': b'writing ../../build/navigator/navigator.egg-info/PKG-INFO\n'}
[0.986480] (navigator) StdoutLine: {'line': b'writing dependency_links to ../../build/navigator/navigator.egg-info/dependency_links.txt\n'}
[0.986672] (navigator) StdoutLine: {'line': b'writing entry points to ../../build/navigator/navigator.egg-info/entry_points.txt\n'}
[0.986855] (navigator) StdoutLine: {'line': b'writing requirements to ../../build/navigator/navigator.egg-info/requires.txt\n'}
[0.986916] (navigator) StdoutLine: {'line': b'writing top-level names to ../../build/navigator/navigator.egg-info/top_level.txt\n'}
[0.988454] (navigator) StdoutLine: {'line': b"reading manifest file '../../build/navigator/navigator.egg-info/SOURCES.txt'\n"}
[0.989709] (navigator) StdoutLine: {'line': b"writing manifest file '../../build/navigator/navigator.egg-info/SOURCES.txt'\n"}
[0.989820] (navigator) StdoutLine: {'line': b'running build\n'}
[0.989987] (navigator) StdoutLine: {'line': b'running build_py\n'}
[0.990470] (navigator) StdoutLine: {'line': b'running install\n'}
[0.991195] (navigator) StderrLine: {'line': b'/usr/lib/python3/dist-packages/setuptools/command/install.py:34: SetuptoolsDeprecationWarning: setup.py install is deprecated. Use build and pip and other standards-based tools.\n'}
[0.991310] (navigator) StderrLine: {'line': b'  warnings.warn(\n'}
[0.991471] (navigator) StdoutLine: {'line': b'running install_lib\n'}
[0.992847] (navigator) StdoutLine: {'line': b'running install_data\n'}
[0.993298] (navigator) StdoutLine: {'line': b'running install_egg_info\n'}
[0.994731] (navigator) StdoutLine: {'line': b"removing '/home/elisa/grupo4/src/nav_workspace/install/navigator/lib/python3.10/site-packages/navigator-0.0.0-py3.10.egg-info' (and everything under it)\n"}
[0.994967] (navigator) StdoutLine: {'line': b'Copying ../../build/navigator/navigator.egg-info to /home/elisa/grupo4/src/nav_workspace/install/navigator/lib/python3.10/site-packages/navigator-0.0.0-py3.10.egg-info\n'}
[0.996029] (navigator) StdoutLine: {'line': b'running install_scripts\n'}
[1.001890] (-) TimerEvent: {}
[1.015542] (navigator) StdoutLine: {'line': b'Installing chatbot script to /home/elisa/grupo4/src/nav_workspace/install/navigator/lib/navigator\n'}
[1.015759] (navigator) StdoutLine: {'line': b'Installing coordinatesChatbot script to /home/elisa/grupo4/src/nav_workspace/install/navigator/lib/navigator\n'}
[1.015858] (navigator) StdoutLine: {'line': b'Installing init_pose script to /home/elisa/grupo4/src/nav_workspace/install/navigator/lib/navigator\n'}
[1.015941] (navigator) StdoutLine: {'line': b'Installing queue script to /home/elisa/grupo4/src/nav_workspace/install/navigator/lib/navigator\n'}
[1.016019] (navigator) StdoutLine: {'line': b'Installing vallet script to /home/elisa/grupo4/src/nav_workspace/install/navigator/lib/navigator\n'}
[1.016233] (navigator) StdoutLine: {'line': b"writing list of installed files to '/home/elisa/grupo4/src/nav_workspace/build/navigator/install.log'\n"}
[1.038024] (navigator) CommandEnded: {'returncode': 0}
[1.081487] (navigator) JobEnded: {'identifier': 'navigator', 'rc': 0}
[1.082266] (-) EventReactorShutdown: {}
