[0.636s] Invoking command in '/home/elisa/Documents/turtlesim/workspace/src/navigator': PYTHONPATH=/home/elisa/Documents/turtlesim/workspace/build/navigator/prefix_override:/home/elisa/Documents/turtlesim/workspace/install/navigator/lib/python3.10/site-packages:${PYTHONPATH} /usr/bin/python3 setup.py egg_info --egg-base ../../build/navigator build --build-base /home/elisa/Documents/turtlesim/workspace/build/navigator/build install --record /home/elisa/Documents/turtlesim/workspace/build/navigator/install.log --single-version-externally-managed
[0.826s] running egg_info
[0.826s] creating ../../build/navigator/navigator.egg-info
[0.826s] writing ../../build/navigator/navigator.egg-info/PKG-INFO
[0.827s] writing dependency_links to ../../build/navigator/navigator.egg-info/dependency_links.txt
[0.827s] writing entry points to ../../build/navigator/navigator.egg-info/entry_points.txt
[0.827s] writing requirements to ../../build/navigator/navigator.egg-info/requires.txt
[0.827s] writing top-level names to ../../build/navigator/navigator.egg-info/top_level.txt
[0.827s] writing manifest file '../../build/navigator/navigator.egg-info/SOURCES.txt'
[0.829s] reading manifest file '../../build/navigator/navigator.egg-info/SOURCES.txt'
[0.829s] writing manifest file '../../build/navigator/navigator.egg-info/SOURCES.txt'
[0.829s] running build
[0.830s] running build_py
[0.830s] creating /home/elisa/Documents/turtlesim/workspace/build/navigator/build
[0.830s] creating /home/elisa/Documents/turtlesim/workspace/build/navigator/build/lib
[0.830s] creating /home/elisa/Documents/turtlesim/workspace/build/navigator/build/lib/navigator
[0.830s] copying navigator/__init__.py -> /home/elisa/Documents/turtlesim/workspace/build/navigator/build/lib/navigator
[0.830s] running install
[0.830s] /usr/lib/python3/dist-packages/setuptools/command/install.py:34: SetuptoolsDeprecationWarning: setup.py install is deprecated. Use build and pip and other standards-based tools.
[0.830s]   warnings.warn(
[0.831s] running install_lib
[0.831s] creating /home/elisa/Documents/turtlesim/workspace/install/navigator/lib/python3.10/site-packages/navigator
[0.831s] copying /home/elisa/Documents/turtlesim/workspace/build/navigator/build/lib/navigator/__init__.py -> /home/elisa/Documents/turtlesim/workspace/install/navigator/lib/python3.10/site-packages/navigator
[0.832s] byte-compiling /home/elisa/Documents/turtlesim/workspace/install/navigator/lib/python3.10/site-packages/navigator/__init__.py to __init__.cpython-310.pyc
[0.832s] running install_data
[0.832s] creating /home/elisa/Documents/turtlesim/workspace/install/navigator/share/ament_index
[0.832s] creating /home/elisa/Documents/turtlesim/workspace/install/navigator/share/ament_index/resource_index
[0.832s] creating /home/elisa/Documents/turtlesim/workspace/install/navigator/share/ament_index/resource_index/packages
[0.832s] copying resource/navigator -> /home/elisa/Documents/turtlesim/workspace/install/navigator/share/ament_index/resource_index/packages
[0.833s] copying package.xml -> /home/elisa/Documents/turtlesim/workspace/install/navigator/share/navigator
[0.833s] running install_egg_info
[0.834s] Copying ../../build/navigator/navigator.egg-info to /home/elisa/Documents/turtlesim/workspace/install/navigator/lib/python3.10/site-packages/navigator-0.0.0-py3.10.egg-info
[0.834s] running install_scripts
[0.850s] writing list of installed files to '/home/elisa/Documents/turtlesim/workspace/build/navigator/install.log'
[0.883s] Invoked command in '/home/elisa/Documents/turtlesim/workspace/src/navigator' returned '0': PYTHONPATH=/home/elisa/Documents/turtlesim/workspace/build/navigator/prefix_override:/home/elisa/Documents/turtlesim/workspace/install/navigator/lib/python3.10/site-packages:${PYTHONPATH} /usr/bin/python3 setup.py egg_info --egg-base ../../build/navigator build --build-base /home/elisa/Documents/turtlesim/workspace/build/navigator/build install --record /home/elisa/Documents/turtlesim/workspace/build/navigator/install.log --single-version-externally-managed
