[0.851s] Invoking command in '/home/elisa/grupo4/src/nav_workspace/src/navigator': PYTHONPATH=/home/elisa/grupo4/src/nav_workspace/build/navigator/prefix_override:/home/elisa/grupo4/src/nav_workspace/install/navigator/lib/python3.10/site-packages:${PYTHONPATH} /usr/bin/python3 setup.py egg_info --egg-base ../../build/navigator build --build-base /home/elisa/grupo4/src/nav_workspace/build/navigator/build install --record /home/elisa/grupo4/src/nav_workspace/build/navigator/install.log --single-version-externally-managed
[1.059s] running egg_info
[1.060s] writing ../../build/navigator/navigator.egg-info/PKG-INFO
[1.060s] writing dependency_links to ../../build/navigator/navigator.egg-info/dependency_links.txt
[1.060s] writing entry points to ../../build/navigator/navigator.egg-info/entry_points.txt
[1.060s] writing requirements to ../../build/navigator/navigator.egg-info/requires.txt
[1.060s] writing top-level names to ../../build/navigator/navigator.egg-info/top_level.txt
[1.062s] reading manifest file '../../build/navigator/navigator.egg-info/SOURCES.txt'
[1.065s] writing manifest file '../../build/navigator/navigator.egg-info/SOURCES.txt'
[1.065s] running build
[1.066s] running build_py
[1.066s] running install
[1.067s] /usr/lib/python3/dist-packages/setuptools/command/install.py:34: SetuptoolsDeprecationWarning: setup.py install is deprecated. Use build and pip and other standards-based tools.
[1.067s]   warnings.warn(
[1.067s] running install_lib
[1.069s] running install_data
[1.069s] running install_egg_info
[1.071s] removing '/home/elisa/grupo4/src/nav_workspace/install/navigator/lib/python3.10/site-packages/navigator-0.0.0-py3.10.egg-info' (and everything under it)
[1.071s] Copying ../../build/navigator/navigator.egg-info to /home/elisa/grupo4/src/nav_workspace/install/navigator/lib/python3.10/site-packages/navigator-0.0.0-py3.10.egg-info
[1.073s] running install_scripts
[1.091s] Installing chatbot script to /home/elisa/grupo4/src/nav_workspace/install/navigator/lib/navigator
[1.091s] Installing init_pose script to /home/elisa/grupo4/src/nav_workspace/install/navigator/lib/navigator
[1.091s] Installing queue script to /home/elisa/grupo4/src/nav_workspace/install/navigator/lib/navigator
[1.091s] Installing vallet script to /home/elisa/grupo4/src/nav_workspace/install/navigator/lib/navigator
[1.091s] writing list of installed files to '/home/elisa/grupo4/src/nav_workspace/build/navigator/install.log'
[1.116s] Invoked command in '/home/elisa/grupo4/src/nav_workspace/src/navigator' returned '0': PYTHONPATH=/home/elisa/grupo4/src/nav_workspace/build/navigator/prefix_override:/home/elisa/grupo4/src/nav_workspace/install/navigator/lib/python3.10/site-packages:${PYTHONPATH} /usr/bin/python3 setup.py egg_info --egg-base ../../build/navigator build --build-base /home/elisa/grupo4/src/nav_workspace/build/navigator/build install --record /home/elisa/grupo4/src/nav_workspace/build/navigator/install.log --single-version-externally-managed
