[0.921s] Invoking command in '/home/elisa/Documents/turtlesim/workspace/src/navigator': PYTHONPATH=/home/elisa/Documents/turtlesim/workspace/build/navigator/prefix_override:/home/elisa/Documents/turtlesim/workspace/install/navigator/lib/python3.10/site-packages:${PYTHONPATH} /usr/bin/python3 setup.py egg_info --egg-base ../../build/navigator build --build-base /home/elisa/Documents/turtlesim/workspace/build/navigator/build install --record /home/elisa/Documents/turtlesim/workspace/build/navigator/install.log --single-version-externally-managed
[1.198s] running egg_info
[1.199s] writing ../../build/navigator/navigator.egg-info/PKG-INFO
[1.199s] writing dependency_links to ../../build/navigator/navigator.egg-info/dependency_links.txt
[1.199s] writing entry points to ../../build/navigator/navigator.egg-info/entry_points.txt
[1.199s] writing requirements to ../../build/navigator/navigator.egg-info/requires.txt
[1.199s] writing top-level names to ../../build/navigator/navigator.egg-info/top_level.txt
[1.202s] reading manifest file '../../build/navigator/navigator.egg-info/SOURCES.txt'
[1.203s] writing manifest file '../../build/navigator/navigator.egg-info/SOURCES.txt'
[1.204s] running build
[1.204s] running build_py
[1.204s] running install
[1.204s] /usr/lib/python3/dist-packages/setuptools/command/install.py:34: SetuptoolsDeprecationWarning: setup.py install is deprecated. Use build and pip and other standards-based tools.
[1.205s]   warnings.warn(
[1.205s] running install_lib
[1.207s] running install_data
[1.208s] running install_egg_info
[1.210s] removing '/home/elisa/Documents/turtlesim/workspace/install/navigator/lib/python3.10/site-packages/navigator-0.0.0-py3.10.egg-info' (and everything under it)
[1.210s] Copying ../../build/navigator/navigator.egg-info to /home/elisa/Documents/turtlesim/workspace/install/navigator/lib/python3.10/site-packages/navigator-0.0.0-py3.10.egg-info
[1.211s] running install_scripts
[1.240s] Installing andando script to /home/elisa/Documents/turtlesim/workspace/install/navigator/lib/navigator
[1.240s] Installing cli script to /home/elisa/Documents/turtlesim/workspace/install/navigator/lib/navigator
[1.240s] Installing init_pose script to /home/elisa/Documents/turtlesim/workspace/install/navigator/lib/navigator
[1.240s] Installing queue script to /home/elisa/Documents/turtlesim/workspace/install/navigator/lib/navigator
[1.241s] writing list of installed files to '/home/elisa/Documents/turtlesim/workspace/build/navigator/install.log'
[1.271s] Invoked command in '/home/elisa/Documents/turtlesim/workspace/src/navigator' returned '0': PYTHONPATH=/home/elisa/Documents/turtlesim/workspace/build/navigator/prefix_override:/home/elisa/Documents/turtlesim/workspace/install/navigator/lib/python3.10/site-packages:${PYTHONPATH} /usr/bin/python3 setup.py egg_info --egg-base ../../build/navigator build --build-base /home/elisa/Documents/turtlesim/workspace/build/navigator/build install --record /home/elisa/Documents/turtlesim/workspace/build/navigator/install.log --single-version-externally-managed
