[0.555s] Invoking command in '/home/elisa/Documents/turtlesim/workspace/src/navigator': PYTHONPATH=/home/elisa/Documents/turtlesim/workspace/build/navigator/prefix_override:/home/elisa/Documents/turtlesim/workspace/install/navigator/lib/python3.10/site-packages:${PYTHONPATH} /usr/bin/python3 setup.py egg_info --egg-base ../../build/navigator build --build-base /home/elisa/Documents/turtlesim/workspace/build/navigator/build install --record /home/elisa/Documents/turtlesim/workspace/build/navigator/install.log --single-version-externally-managed
[0.725s] running egg_info
[0.726s] writing ../../build/navigator/navigator.egg-info/PKG-INFO
[0.726s] writing dependency_links to ../../build/navigator/navigator.egg-info/dependency_links.txt
[0.726s] writing entry points to ../../build/navigator/navigator.egg-info/entry_points.txt
[0.727s] writing requirements to ../../build/navigator/navigator.egg-info/requires.txt
[0.727s] writing top-level names to ../../build/navigator/navigator.egg-info/top_level.txt
[0.729s] reading manifest file '../../build/navigator/navigator.egg-info/SOURCES.txt'
[0.733s] writing manifest file '../../build/navigator/navigator.egg-info/SOURCES.txt'
[0.733s] running build
[0.733s] running build_py
[0.733s] running install
[0.733s] /usr/lib/python3/dist-packages/setuptools/command/install.py:34: SetuptoolsDeprecationWarning: setup.py install is deprecated. Use build and pip and other standards-based tools.
[0.734s]   warnings.warn(
[0.734s] running install_lib
[0.735s] running install_data
[0.735s] copying launch/navigator_launch.py -> /home/elisa/Documents/turtlesim/workspace/install/navigator/share/navigator/launch
[0.736s] running install_egg_info
[0.737s] removing '/home/elisa/Documents/turtlesim/workspace/install/navigator/lib/python3.10/site-packages/navigator-0.0.0-py3.10.egg-info' (and everything under it)
[0.737s] Copying ../../build/navigator/navigator.egg-info to /home/elisa/Documents/turtlesim/workspace/install/navigator/lib/python3.10/site-packages/navigator-0.0.0-py3.10.egg-info
[0.738s] running install_scripts
[0.753s] Installing andando script to /home/elisa/Documents/turtlesim/workspace/install/navigator/lib/navigator
[0.753s] Installing cli script to /home/elisa/Documents/turtlesim/workspace/install/navigator/lib/navigator
[0.753s] Installing init_pose script to /home/elisa/Documents/turtlesim/workspace/install/navigator/lib/navigator
[0.753s] Installing queue script to /home/elisa/Documents/turtlesim/workspace/install/navigator/lib/navigator
[0.754s] writing list of installed files to '/home/elisa/Documents/turtlesim/workspace/build/navigator/install.log'
[0.772s] Invoked command in '/home/elisa/Documents/turtlesim/workspace/src/navigator' returned '0': PYTHONPATH=/home/elisa/Documents/turtlesim/workspace/build/navigator/prefix_override:/home/elisa/Documents/turtlesim/workspace/install/navigator/lib/python3.10/site-packages:${PYTHONPATH} /usr/bin/python3 setup.py egg_info --egg-base ../../build/navigator build --build-base /home/elisa/Documents/turtlesim/workspace/build/navigator/build install --record /home/elisa/Documents/turtlesim/workspace/build/navigator/install.log --single-version-externally-managed
