running egg_info
creating ../../build/navigator/navigator.egg-info
writing ../../build/navigator/navigator.egg-info/PKG-INFO
writing dependency_links to ../../build/navigator/navigator.egg-info/dependency_links.txt
writing entry points to ../../build/navigator/navigator.egg-info/entry_points.txt
writing requirements to ../../build/navigator/navigator.egg-info/requires.txt
writing top-level names to ../../build/navigator/navigator.egg-info/top_level.txt
writing manifest file '../../build/navigator/navigator.egg-info/SOURCES.txt'
reading manifest file '../../build/navigator/navigator.egg-info/SOURCES.txt'
writing manifest file '../../build/navigator/navigator.egg-info/SOURCES.txt'
running build
running build_py
creating /home/elisa/grupo4/src/bridge/nav_workspace/build/navigator/build
creating /home/elisa/grupo4/src/bridge/nav_workspace/build/navigator/build/lib
creating /home/elisa/grupo4/src/bridge/nav_workspace/build/navigator/build/lib/navigator
copying navigator/coordinateChatbot.py -> /home/elisa/grupo4/src/bridge/nav_workspace/build/navigator/build/lib/navigator
copying navigator/initialize_pose.py -> /home/elisa/grupo4/src/bridge/nav_workspace/build/navigator/build/lib/navigator
copying navigator/poseQueue.py -> /home/elisa/grupo4/src/bridge/nav_workspace/build/navigator/build/lib/navigator
copying navigator/__init__.py -> /home/elisa/grupo4/src/bridge/nav_workspace/build/navigator/build/lib/navigator
copying navigator/chatbot.py -> /home/elisa/grupo4/src/bridge/nav_workspace/build/navigator/build/lib/navigator
copying navigator/vallet.py -> /home/elisa/grupo4/src/bridge/nav_workspace/build/navigator/build/lib/navigator
running install
running install_lib
creating /home/elisa/grupo4/src/bridge/nav_workspace/install/navigator/lib/python3.10/site-packages/navigator
copying /home/elisa/grupo4/src/bridge/nav_workspace/build/navigator/build/lib/navigator/coordinateChatbot.py -> /home/elisa/grupo4/src/bridge/nav_workspace/install/navigator/lib/python3.10/site-packages/navigator
copying /home/elisa/grupo4/src/bridge/nav_workspace/build/navigator/build/lib/navigator/initialize_pose.py -> /home/elisa/grupo4/src/bridge/nav_workspace/install/navigator/lib/python3.10/site-packages/navigator
copying /home/elisa/grupo4/src/bridge/nav_workspace/build/navigator/build/lib/navigator/poseQueue.py -> /home/elisa/grupo4/src/bridge/nav_workspace/install/navigator/lib/python3.10/site-packages/navigator
copying /home/elisa/grupo4/src/bridge/nav_workspace/build/navigator/build/lib/navigator/__init__.py -> /home/elisa/grupo4/src/bridge/nav_workspace/install/navigator/lib/python3.10/site-packages/navigator
copying /home/elisa/grupo4/src/bridge/nav_workspace/build/navigator/build/lib/navigator/chatbot.py -> /home/elisa/grupo4/src/bridge/nav_workspace/install/navigator/lib/python3.10/site-packages/navigator
copying /home/elisa/grupo4/src/bridge/nav_workspace/build/navigator/build/lib/navigator/vallet.py -> /home/elisa/grupo4/src/bridge/nav_workspace/install/navigator/lib/python3.10/site-packages/navigator
byte-compiling /home/elisa/grupo4/src/bridge/nav_workspace/install/navigator/lib/python3.10/site-packages/navigator/coordinateChatbot.py to coordinateChatbot.cpython-310.pyc
byte-compiling /home/elisa/grupo4/src/bridge/nav_workspace/install/navigator/lib/python3.10/site-packages/navigator/initialize_pose.py to initialize_pose.cpython-310.pyc
byte-compiling /home/elisa/grupo4/src/bridge/nav_workspace/install/navigator/lib/python3.10/site-packages/navigator/poseQueue.py to poseQueue.cpython-310.pyc
byte-compiling /home/elisa/grupo4/src/bridge/nav_workspace/install/navigator/lib/python3.10/site-packages/navigator/__init__.py to __init__.cpython-310.pyc
byte-compiling /home/elisa/grupo4/src/bridge/nav_workspace/install/navigator/lib/python3.10/site-packages/navigator/chatbot.py to chatbot.cpython-310.pyc
byte-compiling /home/elisa/grupo4/src/bridge/nav_workspace/install/navigator/lib/python3.10/site-packages/navigator/vallet.py to vallet.cpython-310.pyc
running install_data
creating /home/elisa/grupo4/src/bridge/nav_workspace/install/navigator/share/ament_index
creating /home/elisa/grupo4/src/bridge/nav_workspace/install/navigator/share/ament_index/resource_index
creating /home/elisa/grupo4/src/bridge/nav_workspace/install/navigator/share/ament_index/resource_index/packages
copying resource/navigator -> /home/elisa/grupo4/src/bridge/nav_workspace/install/navigator/share/ament_index/resource_index/packages
copying package.xml -> /home/elisa/grupo4/src/bridge/nav_workspace/install/navigator/share/navigator
creating /home/elisa/grupo4/src/bridge/nav_workspace/install/navigator/share/navigator/launch
copying launch/navigator_launch.py -> /home/elisa/grupo4/src/bridge/nav_workspace/install/navigator/share/navigator/launch
running install_egg_info
Copying ../../build/navigator/navigator.egg-info to /home/elisa/grupo4/src/bridge/nav_workspace/install/navigator/lib/python3.10/site-packages/navigator-0.0.0-py3.10.egg-info
running install_scripts
Installing chatbot script to /home/elisa/grupo4/src/bridge/nav_workspace/install/navigator/lib/navigator
Installing coordinatesChatbot script to /home/elisa/grupo4/src/bridge/nav_workspace/install/navigator/lib/navigator
Installing init_pose script to /home/elisa/grupo4/src/bridge/nav_workspace/install/navigator/lib/navigator
Installing queue script to /home/elisa/grupo4/src/bridge/nav_workspace/install/navigator/lib/navigator
Installing vallet script to /home/elisa/grupo4/src/bridge/nav_workspace/install/navigator/lib/navigator
writing list of installed files to '/home/elisa/grupo4/src/bridge/nav_workspace/build/navigator/install.log'
