[0.518s] Invoking command in '/home/elisa/Documents/turtlesim/workspace/src/navigator': PYTHONPATH=/home/elisa/Documents/turtlesim/workspace/build/navigator/prefix_override:/home/elisa/Documents/turtlesim/workspace/install/navigator/lib/python3.10/site-packages:${PYTHONPATH} /usr/bin/python3 setup.py egg_info --egg-base ../../build/navigator build --build-base /home/elisa/Documents/turtlesim/workspace/build/navigator/build install --record /home/elisa/Documents/turtlesim/workspace/build/navigator/install.log --single-version-externally-managed
[0.667s] running egg_info
[0.668s] writing ../../build/navigator/navigator.egg-info/PKG-INFO
[0.668s] writing dependency_links to ../../build/navigator/navigator.egg-info/dependency_links.txt
[0.668s] writing entry points to ../../build/navigator/navigator.egg-info/entry_points.txt
[0.668s] writing requirements to ../../build/navigator/navigator.egg-info/requires.txt
[0.668s] writing top-level names to ../../build/navigator/navigator.egg-info/top_level.txt
[0.670s] reading manifest file '../../build/navigator/navigator.egg-info/SOURCES.txt'
[0.692s] writing manifest file '../../build/navigator/navigator.egg-info/SOURCES.txt'
[0.692s] running build
[0.692s] running build_py
[0.692s] copying navigator/initialize_pose.py -> /home/elisa/Documents/turtlesim/workspace/build/navigator/build/lib/navigator
[0.693s] running install
[0.693s] /usr/lib/python3/dist-packages/setuptools/command/install.py:34: SetuptoolsDeprecationWarning: setup.py install is deprecated. Use build and pip and other standards-based tools.
[0.693s]   warnings.warn(
[0.693s] running install_lib
[0.694s] copying /home/elisa/Documents/turtlesim/workspace/build/navigator/build/lib/navigator/initialize_pose.py -> /home/elisa/Documents/turtlesim/workspace/install/navigator/lib/python3.10/site-packages/navigator
[0.695s] byte-compiling /home/elisa/Documents/turtlesim/workspace/install/navigator/lib/python3.10/site-packages/navigator/initialize_pose.py to initialize_pose.cpython-310.pyc
[0.695s] running install_data
[0.696s] running install_egg_info
[0.697s] removing '/home/elisa/Documents/turtlesim/workspace/install/navigator/lib/python3.10/site-packages/navigator-0.0.0-py3.10.egg-info' (and everything under it)
[0.697s] Copying ../../build/navigator/navigator.egg-info to /home/elisa/Documents/turtlesim/workspace/install/navigator/lib/python3.10/site-packages/navigator-0.0.0-py3.10.egg-info
[0.698s] running install_scripts
[0.713s] Installing init_pose script to /home/elisa/Documents/turtlesim/workspace/install/navigator/lib/navigator
[0.713s] Installing publisher script to /home/elisa/Documents/turtlesim/workspace/install/navigator/lib/navigator
[0.713s] Installing subscriber script to /home/elisa/Documents/turtlesim/workspace/install/navigator/lib/navigator
[0.713s] writing list of installed files to '/home/elisa/Documents/turtlesim/workspace/build/navigator/install.log'
[0.731s] Invoked command in '/home/elisa/Documents/turtlesim/workspace/src/navigator' returned '0': PYTHONPATH=/home/elisa/Documents/turtlesim/workspace/build/navigator/prefix_override:/home/elisa/Documents/turtlesim/workspace/install/navigator/lib/python3.10/site-packages:${PYTHONPATH} /usr/bin/python3 setup.py egg_info --egg-base ../../build/navigator build --build-base /home/elisa/Documents/turtlesim/workspace/build/navigator/build install --record /home/elisa/Documents/turtlesim/workspace/build/navigator/install.log --single-version-externally-managed
