[1.403s] Invoking command in '/home/elisa/Documents/turtlesim/workspace/src/navigator': PYTHONPATH=/home/elisa/Documents/turtlesim/workspace/build/navigator/prefix_override:/home/elisa/Documents/turtlesim/workspace/install/navigator/lib/python3.10/site-packages:${PYTHONPATH} /usr/bin/python3 setup.py egg_info --egg-base ../../build/navigator build --build-base /home/elisa/Documents/turtlesim/workspace/build/navigator/build install --record /home/elisa/Documents/turtlesim/workspace/build/navigator/install.log --single-version-externally-managed
[1.808s] running egg_info
[1.809s] writing ../../build/navigator/navigator.egg-info/PKG-INFO
[1.827s] writing dependency_links to ../../build/navigator/navigator.egg-info/dependency_links.txt
[1.827s] writing entry points to ../../build/navigator/navigator.egg-info/entry_points.txt
[1.827s] writing requirements to ../../build/navigator/navigator.egg-info/requires.txt
[1.827s] writing top-level names to ../../build/navigator/navigator.egg-info/top_level.txt
[1.831s] reading manifest file '../../build/navigator/navigator.egg-info/SOURCES.txt'
[1.862s] writing manifest file '../../build/navigator/navigator.egg-info/SOURCES.txt'
[1.870s] running build
[1.870s] running build_py
[1.871s] running install
[1.871s] /usr/lib/python3/dist-packages/setuptools/command/install.py:34: SetuptoolsDeprecationWarning: setup.py install is deprecated. Use build and pip and other standards-based tools.
[1.871s]   warnings.warn(
[1.871s] running install_lib
[1.875s] running install_data
[1.876s] running install_egg_info
[1.879s] removing '/home/elisa/Documents/turtlesim/workspace/install/navigator/lib/python3.10/site-packages/navigator-0.0.0-py3.10.egg-info' (and everything under it)
[1.880s] Copying ../../build/navigator/navigator.egg-info to /home/elisa/Documents/turtlesim/workspace/install/navigator/lib/python3.10/site-packages/navigator-0.0.0-py3.10.egg-info
[1.882s] running install_scripts
[1.928s] Installing cli script to /home/elisa/Documents/turtlesim/workspace/install/navigator/lib/navigator
[1.975s] Installing init_pose script to /home/elisa/Documents/turtlesim/workspace/install/navigator/lib/navigator
[1.976s] Installing nav_node script to /home/elisa/Documents/turtlesim/workspace/install/navigator/lib/navigator
[1.976s] Installing queue script to /home/elisa/Documents/turtlesim/workspace/install/navigator/lib/navigator
[1.976s] writing list of installed files to '/home/elisa/Documents/turtlesim/workspace/build/navigator/install.log'
[2.019s] Invoked command in '/home/elisa/Documents/turtlesim/workspace/src/navigator' returned '0': PYTHONPATH=/home/elisa/Documents/turtlesim/workspace/build/navigator/prefix_override:/home/elisa/Documents/turtlesim/workspace/install/navigator/lib/python3.10/site-packages:${PYTHONPATH} /usr/bin/python3 setup.py egg_info --egg-base ../../build/navigator build --build-base /home/elisa/Documents/turtlesim/workspace/build/navigator/build install --record /home/elisa/Documents/turtlesim/workspace/build/navigator/install.log --single-version-externally-managed
