running egg_info
writing ../../build/navigator/navigator.egg-info/PKG-INFO
writing dependency_links to ../../build/navigator/navigator.egg-info/dependency_links.txt
writing entry points to ../../build/navigator/navigator.egg-info/entry_points.txt
writing requirements to ../../build/navigator/navigator.egg-info/requires.txt
writing top-level names to ../../build/navigator/navigator.egg-info/top_level.txt
reading manifest file '../../build/navigator/navigator.egg-info/SOURCES.txt'
writing manifest file '../../build/navigator/navigator.egg-info/SOURCES.txt'
running build
running build_py
copying navigator/navigator.py -> /home/elisa/Documents/turtlesim/workspace/build/navigator/build/lib/navigator
copying navigator/queue.py -> /home/elisa/Documents/turtlesim/workspace/build/navigator/build/lib/navigator
copying navigator/cli.py -> /home/elisa/Documents/turtlesim/workspace/build/navigator/build/lib/navigator
running install
running install_lib
copying /home/elisa/Documents/turtlesim/workspace/build/navigator/build/lib/navigator/navigator.py -> /home/elisa/Documents/turtlesim/workspace/install/navigator/lib/python3.10/site-packages/navigator
copying /home/elisa/Documents/turtlesim/workspace/build/navigator/build/lib/navigator/queue.py -> /home/elisa/Documents/turtlesim/workspace/install/navigator/lib/python3.10/site-packages/navigator
copying /home/elisa/Documents/turtlesim/workspace/build/navigator/build/lib/navigator/cli.py -> /home/elisa/Documents/turtlesim/workspace/install/navigator/lib/python3.10/site-packages/navigator
byte-compiling /home/elisa/Documents/turtlesim/workspace/install/navigator/lib/python3.10/site-packages/navigator/navigator.py to navigator.cpython-310.pyc
byte-compiling /home/elisa/Documents/turtlesim/workspace/install/navigator/lib/python3.10/site-packages/navigator/queue.py to queue.cpython-310.pyc
byte-compiling /home/elisa/Documents/turtlesim/workspace/install/navigator/lib/python3.10/site-packages/navigator/cli.py to cli.cpython-310.pyc
running install_data
running install_egg_info
removing '/home/elisa/Documents/turtlesim/workspace/install/navigator/lib/python3.10/site-packages/navigator-0.0.0-py3.10.egg-info' (and everything under it)
Copying ../../build/navigator/navigator.egg-info to /home/elisa/Documents/turtlesim/workspace/install/navigator/lib/python3.10/site-packages/navigator-0.0.0-py3.10.egg-info
running install_scripts
Installing cli script to /home/elisa/Documents/turtlesim/workspace/install/navigator/lib/navigator
Installing init_pose script to /home/elisa/Documents/turtlesim/workspace/install/navigator/lib/navigator
Installing navigator script to /home/elisa/Documents/turtlesim/workspace/install/navigator/lib/navigator
Installing queue script to /home/elisa/Documents/turtlesim/workspace/install/navigator/lib/navigator
writing list of installed files to '/home/elisa/Documents/turtlesim/workspace/build/navigator/install.log'
