[0.575s] Invoking command in '/home/elisa/Documents/turtlesim/workspace/src/navigator': PYTHONPATH=/home/elisa/Documents/turtlesim/workspace/build/navigator/prefix_override:/home/elisa/Documents/turtlesim/workspace/install/navigator/lib/python3.10/site-packages:${PYTHONPATH} /usr/bin/python3 setup.py egg_info --egg-base ../../build/navigator build --build-base /home/elisa/Documents/turtlesim/workspace/build/navigator/build install --record /home/elisa/Documents/turtlesim/workspace/build/navigator/install.log --single-version-externally-managed
[0.753s] running egg_info
[0.753s] writing ../../build/navigator/navigator.egg-info/PKG-INFO
[0.753s] writing dependency_links to ../../build/navigator/navigator.egg-info/dependency_links.txt
[0.754s] writing entry points to ../../build/navigator/navigator.egg-info/entry_points.txt
[0.754s] writing requirements to ../../build/navigator/navigator.egg-info/requires.txt
[0.754s] writing top-level names to ../../build/navigator/navigator.egg-info/top_level.txt
[0.755s] reading manifest file '../../build/navigator/navigator.egg-info/SOURCES.txt'
[0.828s] writing manifest file '../../build/navigator/navigator.egg-info/SOURCES.txt'
[0.829s] running build
[0.829s] running build_py
[0.829s] copying navigator/initialize_pose.py -> /home/elisa/Documents/turtlesim/workspace/build/navigator/build/lib/navigator
[0.829s] running install
[0.830s] /usr/lib/python3/dist-packages/setuptools/command/install.py:34: SetuptoolsDeprecationWarning: setup.py install is deprecated. Use build and pip and other standards-based tools.
[0.830s]   warnings.warn(
[0.830s] running install_lib
[0.832s] copying /home/elisa/Documents/turtlesim/workspace/build/navigator/build/lib/navigator/initialize_pose.py -> /home/elisa/Documents/turtlesim/workspace/install/navigator/lib/python3.10/site-packages/navigator
[0.832s] byte-compiling /home/elisa/Documents/turtlesim/workspace/install/navigator/lib/python3.10/site-packages/navigator/initialize_pose.py to initialize_pose.cpython-310.pyc
[0.833s] running install_data
[0.834s] running install_egg_info
[0.837s] removing '/home/elisa/Documents/turtlesim/workspace/install/navigator/lib/python3.10/site-packages/navigator-0.0.0-py3.10.egg-info' (and everything under it)
[0.837s] Copying ../../build/navigator/navigator.egg-info to /home/elisa/Documents/turtlesim/workspace/install/navigator/lib/python3.10/site-packages/navigator-0.0.0-py3.10.egg-info
[0.838s] running install_scripts
[0.857s] Installing publisher script to /home/elisa/Documents/turtlesim/workspace/install/navigator/lib/navigator
[0.857s] Installing subscriber script to /home/elisa/Documents/turtlesim/workspace/install/navigator/lib/navigator
[0.858s] writing list of installed files to '/home/elisa/Documents/turtlesim/workspace/build/navigator/install.log'
[0.878s] Invoked command in '/home/elisa/Documents/turtlesim/workspace/src/navigator' returned '0': PYTHONPATH=/home/elisa/Documents/turtlesim/workspace/build/navigator/prefix_override:/home/elisa/Documents/turtlesim/workspace/install/navigator/lib/python3.10/site-packages:${PYTHONPATH} /usr/bin/python3 setup.py egg_info --egg-base ../../build/navigator build --build-base /home/elisa/Documents/turtlesim/workspace/build/navigator/build install --record /home/elisa/Documents/turtlesim/workspace/build/navigator/install.log --single-version-externally-managed
