[1.423s] Invoking command in '/home/elisa/Documents/turtlesim/workspace/src/navigator': PYTHONPATH=/home/elisa/Documents/turtlesim/workspace/build/navigator/prefix_override:/home/elisa/Documents/turtlesim/workspace/install/navigator/lib/python3.10/site-packages:${PYTHONPATH} /usr/bin/python3 setup.py egg_info --egg-base ../../build/navigator build --build-base /home/elisa/Documents/turtlesim/workspace/build/navigator/build install --record /home/elisa/Documents/turtlesim/workspace/build/navigator/install.log --single-version-externally-managed
[1.862s] running egg_info
[1.864s] writing ../../build/navigator/navigator.egg-info/PKG-INFO
[1.866s] writing dependency_links to ../../build/navigator/navigator.egg-info/dependency_links.txt
[1.866s] writing entry points to ../../build/navigator/navigator.egg-info/entry_points.txt
[1.867s] writing requirements to ../../build/navigator/navigator.egg-info/requires.txt
[1.867s] writing top-level names to ../../build/navigator/navigator.egg-info/top_level.txt
[1.868s] reading manifest file '../../build/navigator/navigator.egg-info/SOURCES.txt'
[1.875s] writing manifest file '../../build/navigator/navigator.egg-info/SOURCES.txt'
[1.876s] running build
[1.877s] running build_py
[1.877s] copying navigator/navigator.py -> /home/elisa/Documents/turtlesim/workspace/build/navigator/build/lib/navigator
[1.880s] /usr/lib/python3/dist-packages/setuptools/command/install.py:34: SetuptoolsDeprecationWarning: setup.py install is deprecated. Use build and pip and other standards-based tools.
[1.880s]   warnings.warn(
[1.880s] running install
[1.880s] running install_lib
[1.880s] copying /home/elisa/Documents/turtlesim/workspace/build/navigator/build/lib/navigator/navigator.py -> /home/elisa/Documents/turtlesim/workspace/install/navigator/lib/python3.10/site-packages/navigator
[1.881s] byte-compiling /home/elisa/Documents/turtlesim/workspace/install/navigator/lib/python3.10/site-packages/navigator/navigator.py to navigator.cpython-310.pyc
[1.881s] running install_data
[1.883s] running install_egg_info
[1.886s] removing '/home/elisa/Documents/turtlesim/workspace/install/navigator/lib/python3.10/site-packages/navigator-0.0.0-py3.10.egg-info' (and everything under it)
[1.886s] Copying ../../build/navigator/navigator.egg-info to /home/elisa/Documents/turtlesim/workspace/install/navigator/lib/python3.10/site-packages/navigator-0.0.0-py3.10.egg-info
[1.887s] running install_scripts
[1.920s] Installing andando script to /home/elisa/Documents/turtlesim/workspace/install/navigator/lib/navigator
[1.945s] Installing cli script to /home/elisa/Documents/turtlesim/workspace/install/navigator/lib/navigator
[1.945s] Installing init_pose script to /home/elisa/Documents/turtlesim/workspace/install/navigator/lib/navigator
[1.945s] Installing queue script to /home/elisa/Documents/turtlesim/workspace/install/navigator/lib/navigator
[1.946s] writing list of installed files to '/home/elisa/Documents/turtlesim/workspace/build/navigator/install.log'
[1.977s] Invoked command in '/home/elisa/Documents/turtlesim/workspace/src/navigator' returned '0': PYTHONPATH=/home/elisa/Documents/turtlesim/workspace/build/navigator/prefix_override:/home/elisa/Documents/turtlesim/workspace/install/navigator/lib/python3.10/site-packages:${PYTHONPATH} /usr/bin/python3 setup.py egg_info --egg-base ../../build/navigator build --build-base /home/elisa/Documents/turtlesim/workspace/build/navigator/build install --record /home/elisa/Documents/turtlesim/workspace/build/navigator/install.log --single-version-externally-managed
