[0.549s] Invoking command in '/home/elisa/Documents/turtlesim/workspace/src/navigator': PYTHONPATH=/home/elisa/Documents/turtlesim/workspace/build/navigator/prefix_override:/home/elisa/Documents/turtlesim/workspace/install/navigator/lib/python3.10/site-packages:${PYTHONPATH} /usr/bin/python3 setup.py egg_info --egg-base ../../build/navigator build --build-base /home/elisa/Documents/turtlesim/workspace/build/navigator/build install --record /home/elisa/Documents/turtlesim/workspace/build/navigator/install.log --single-version-externally-managed
[0.714s] running egg_info
[0.715s] writing ../../build/navigator/navigator.egg-info/PKG-INFO
[0.715s] writing dependency_links to ../../build/navigator/navigator.egg-info/dependency_links.txt
[0.715s] writing entry points to ../../build/navigator/navigator.egg-info/entry_points.txt
[0.715s] writing requirements to ../../build/navigator/navigator.egg-info/requires.txt
[0.715s] writing top-level names to ../../build/navigator/navigator.egg-info/top_level.txt
[0.717s] reading manifest file '../../build/navigator/navigator.egg-info/SOURCES.txt'
[0.718s] writing manifest file '../../build/navigator/navigator.egg-info/SOURCES.txt'
[0.718s] running build
[0.718s] running build_py
[0.718s] copying navigator/initialize_pose.py -> /home/elisa/Documents/turtlesim/workspace/build/navigator/build/lib/navigator
[0.718s] running install
[0.719s] /usr/lib/python3/dist-packages/setuptools/command/install.py:34: SetuptoolsDeprecationWarning: setup.py install is deprecated. Use build and pip and other standards-based tools.
[0.719s]   warnings.warn(
[0.719s] running install_lib
[0.719s] copying /home/elisa/Documents/turtlesim/workspace/build/navigator/build/lib/navigator/initialize_pose.py -> /home/elisa/Documents/turtlesim/workspace/install/navigator/lib/python3.10/site-packages/navigator
[0.720s] byte-compiling /home/elisa/Documents/turtlesim/workspace/install/navigator/lib/python3.10/site-packages/navigator/initialize_pose.py to initialize_pose.cpython-310.pyc
[0.720s] running install_data
[0.721s] running install_egg_info
[0.722s] removing '/home/elisa/Documents/turtlesim/workspace/install/navigator/lib/python3.10/site-packages/navigator-0.0.0-py3.10.egg-info' (and everything under it)
[0.722s] Copying ../../build/navigator/navigator.egg-info to /home/elisa/Documents/turtlesim/workspace/install/navigator/lib/python3.10/site-packages/navigator-0.0.0-py3.10.egg-info
[0.723s] running install_scripts
[0.737s] Installing publisher script to /home/elisa/Documents/turtlesim/workspace/install/navigator/lib/navigator
[0.737s] Installing subscriber=navigator.subscriber:maininit_pose script to /home/elisa/Documents/turtlesim/workspace/install/navigator/lib/navigator
[0.737s] writing list of installed files to '/home/elisa/Documents/turtlesim/workspace/build/navigator/install.log'
[0.755s] Invoked command in '/home/elisa/Documents/turtlesim/workspace/src/navigator' returned '0': PYTHONPATH=/home/elisa/Documents/turtlesim/workspace/build/navigator/prefix_override:/home/elisa/Documents/turtlesim/workspace/install/navigator/lib/python3.10/site-packages:${PYTHONPATH} /usr/bin/python3 setup.py egg_info --egg-base ../../build/navigator build --build-base /home/elisa/Documents/turtlesim/workspace/build/navigator/build install --record /home/elisa/Documents/turtlesim/workspace/build/navigator/install.log --single-version-externally-managed
