[0.877s] Invoking command in '/home/elisa/Documents/turtlesim/workspace/src/navigator': PYTHONPATH=/home/elisa/Documents/turtlesim/workspace/build/navigator/prefix_override:/home/elisa/Documents/turtlesim/workspace/install/navigator/lib/python3.10/site-packages:${PYTHONPATH} /usr/bin/python3 setup.py egg_info --egg-base ../../build/navigator build --build-base /home/elisa/Documents/turtlesim/workspace/build/navigator/build install --record /home/elisa/Documents/turtlesim/workspace/build/navigator/install.log --single-version-externally-managed
[1.067s] running egg_info
[1.068s] writing ../../build/navigator/navigator.egg-info/PKG-INFO
[1.068s] writing dependency_links to ../../build/navigator/navigator.egg-info/dependency_links.txt
[1.068s] writing entry points to ../../build/navigator/navigator.egg-info/entry_points.txt
[1.068s] writing requirements to ../../build/navigator/navigator.egg-info/requires.txt
[1.068s] writing top-level names to ../../build/navigator/navigator.egg-info/top_level.txt
[1.071s] reading manifest file '../../build/navigator/navigator.egg-info/SOURCES.txt'
[1.072s] writing manifest file '../../build/navigator/navigator.egg-info/SOURCES.txt'
[1.072s] running build
[1.072s] running build_py
[1.072s] copying navigator/navigator.py -> /home/elisa/Documents/turtlesim/workspace/build/navigator/build/lib/navigator
[1.073s] running install
[1.073s] /usr/lib/python3/dist-packages/setuptools/command/install.py:34: SetuptoolsDeprecationWarning: setup.py install is deprecated. Use build and pip and other standards-based tools.
[1.073s]   warnings.warn(
[1.074s] running install_lib
[1.075s] copying /home/elisa/Documents/turtlesim/workspace/build/navigator/build/lib/navigator/navigator.py -> /home/elisa/Documents/turtlesim/workspace/install/navigator/lib/python3.10/site-packages/navigator
[1.075s] byte-compiling /home/elisa/Documents/turtlesim/workspace/install/navigator/lib/python3.10/site-packages/navigator/navigator.py to navigator.cpython-310.pyc
[1.076s] running install_data
[1.077s] running install_egg_info
[1.078s] removing '/home/elisa/Documents/turtlesim/workspace/install/navigator/lib/python3.10/site-packages/navigator-0.0.0-py3.10.egg-info' (and everything under it)
[1.079s] Copying ../../build/navigator/navigator.egg-info to /home/elisa/Documents/turtlesim/workspace/install/navigator/lib/python3.10/site-packages/navigator-0.0.0-py3.10.egg-info
[1.080s] running install_scripts
[1.109s] Installing init_pose script to /home/elisa/Documents/turtlesim/workspace/install/navigator/lib/navigator
[1.109s] Installing navigator script to /home/elisa/Documents/turtlesim/workspace/install/navigator/lib/navigator
[1.109s] Installing publisher script to /home/elisa/Documents/turtlesim/workspace/install/navigator/lib/navigator
[1.110s] writing list of installed files to '/home/elisa/Documents/turtlesim/workspace/build/navigator/install.log'
[1.153s] Invoked command in '/home/elisa/Documents/turtlesim/workspace/src/navigator' returned '0': PYTHONPATH=/home/elisa/Documents/turtlesim/workspace/build/navigator/prefix_override:/home/elisa/Documents/turtlesim/workspace/install/navigator/lib/python3.10/site-packages:${PYTHONPATH} /usr/bin/python3 setup.py egg_info --egg-base ../../build/navigator build --build-base /home/elisa/Documents/turtlesim/workspace/build/navigator/build install --record /home/elisa/Documents/turtlesim/workspace/build/navigator/install.log --single-version-externally-managed
