running egg_info
writing ../../build/navigator/navigator.egg-info/PKG-INFO
writing dependency_links to ../../build/navigator/navigator.egg-info/dependency_links.txt
writing entry points to ../../build/navigator/navigator.egg-info/entry_points.txt
writing requirements to ../../build/navigator/navigator.egg-info/requires.txt
writing top-level names to ../../build/navigator/navigator.egg-info/top_level.txt
reading manifest file '../../build/navigator/navigator.egg-info/SOURCES.txt'
writing manifest file '../../build/navigator/navigator.egg-info/SOURCES.txt'
running build
running build_py
copying navigator/publisher.py -> /home/elisa/Documents/turtlesim/workspace/build/navigator/build/lib/navigator
running install
/usr/lib/python3/dist-packages/setuptools/command/install.py:34: SetuptoolsDeprecationWarning: setup.py install is deprecated. Use build and pip and other standards-based tools.
  warnings.warn(
running install_lib
copying /home/elisa/Documents/turtlesim/workspace/build/navigator/build/lib/navigator/publisher.py -> /home/elisa/Documents/turtlesim/workspace/install/navigator/lib/python3.10/site-packages/navigator
byte-compiling /home/elisa/Documents/turtlesim/workspace/install/navigator/lib/python3.10/site-packages/navigator/publisher.py to publisher.cpython-310.pyc
running install_data
running install_egg_info
removing '/home/elisa/Documents/turtlesim/workspace/install/navigator/lib/python3.10/site-packages/navigator-0.0.0-py3.10.egg-info' (and everything under it)
Copying ../../build/navigator/navigator.egg-info to /home/elisa/Documents/turtlesim/workspace/install/navigator/lib/python3.10/site-packages/navigator-0.0.0-py3.10.egg-info
running install_scripts
Installing publisher script to /home/elisa/Documents/turtlesim/workspace/install/navigator/lib/navigator
writing list of installed files to '/home/elisa/Documents/turtlesim/workspace/build/navigator/install.log'
