[1.115s] DEBUG:colcon:Command line arguments: ['/usr/bin/colcon', 'build']
[1.115s] DEBUG:colcon:Parsed command line arguments: Namespace(log_base=None, log_level=None, verb_name='build', build_base='build', install_base='install', merge_install=False, symlink_install=False, test_result_base=None, continue_on_error=False, executor='parallel', parallel_workers=8, event_handlers=None, ignore_user_meta=False, metas=['./colcon.meta'], base_paths=['.'], packages_ignore=None, packages_ignore_regex=None, paths=None, packages_up_to=None, packages_up_to_regex=None, packages_above=None, packages_above_and_dependencies=None, packages_above_depth=None, packages_select_by_dep=None, packages_skip_by_dep=None, packages_skip_up_to=None, packages_select_build_failed=False, packages_skip_build_finished=False, packages_select_test_failures=False, packages_skip_test_passed=False, packages_select=None, packages_skip=None, packages_select_regex=None, packages_skip_regex=None, packages_start=None, packages_end=None, allow_overriding=[], cmake_args=None, cmake_target=None, cmake_target_skip_unavailable=False, cmake_clean_cache=False, cmake_clean_first=False, cmake_force_configure=False, ament_cmake_args=None, catkin_cmake_args=None, catkin_skip_building_tests=False, verb_parser=<colcon_defaults.argument_parser.defaults.DefaultArgumentsDecorator object at 0x7f1d314b8f40>, verb_extension=<colcon_core.verb.build.BuildVerb object at 0x7f1d318cf970>, main=<bound method BuildVerb.main of <colcon_core.verb.build.BuildVerb object at 0x7f1d318cf970>>)
[1.158s] Level 1:colcon.colcon_core.package_discovery:discover_packages(colcon_meta) check parameters
[1.158s] Level 1:colcon.colcon_core.package_discovery:discover_packages(recursive) check parameters
[1.158s] Level 1:colcon.colcon_core.package_discovery:discover_packages(ignore) check parameters
[1.158s] Level 1:colcon.colcon_core.package_discovery:discover_packages(path) check parameters
[1.158s] Level 1:colcon.colcon_core.package_discovery:discover_packages(colcon_meta) discover
[1.158s] Level 1:colcon.colcon_core.package_discovery:discover_packages(recursive) discover
[1.158s] INFO:colcon.colcon_core.package_discovery:Crawling recursively for packages in '/home/elisa/Documents/turtlesim/workspace'
[1.158s] Level 1:colcon.colcon_core.package_identification:_identify(.) by extensions ['ignore', 'ignore_ament_install']
[1.158s] Level 1:colcon.colcon_core.package_identification:_identify(.) by extension 'ignore'
[1.158s] Level 1:colcon.colcon_core.package_identification:_identify(.) by extension 'ignore_ament_install'
[1.158s] Level 1:colcon.colcon_core.package_identification:_identify(.) by extensions ['colcon_pkg']
[1.158s] Level 1:colcon.colcon_core.package_identification:_identify(.) by extension 'colcon_pkg'
[1.158s] Level 1:colcon.colcon_core.package_identification:_identify(.) by extensions ['colcon_meta']
[1.158s] Level 1:colcon.colcon_core.package_identification:_identify(.) by extension 'colcon_meta'
[1.158s] Level 1:colcon.colcon_core.package_identification:_identify(.) by extensions ['ros']
[1.158s] Level 1:colcon.colcon_core.package_identification:_identify(.) by extension 'ros'
[1.169s] Level 1:colcon.colcon_core.package_identification:_identify(.) by extensions ['cmake', 'python']
[1.169s] Level 1:colcon.colcon_core.package_identification:_identify(.) by extension 'cmake'
[1.169s] Level 1:colcon.colcon_core.package_identification:_identify(.) by extension 'python'
[1.169s] Level 1:colcon.colcon_core.package_identification:_identify(.) by extensions ['python_setup_py']
[1.169s] Level 1:colcon.colcon_core.package_identification:_identify(.) by extension 'python_setup_py'
[1.169s] Level 1:colcon.colcon_core.package_identification:_identify(build) by extensions ['ignore', 'ignore_ament_install']
[1.170s] Level 1:colcon.colcon_core.package_identification:_identify(build) by extension 'ignore'
[1.170s] Level 1:colcon.colcon_core.package_identification:_identify(build) ignored
[1.170s] Level 1:colcon.colcon_core.package_identification:_identify(install) by extensions ['ignore', 'ignore_ament_install']
[1.170s] Level 1:colcon.colcon_core.package_identification:_identify(install) by extension 'ignore'
[1.170s] Level 1:colcon.colcon_core.package_identification:_identify(install) ignored
[1.170s] Level 1:colcon.colcon_core.package_identification:_identify(launch) by extensions ['ignore', 'ignore_ament_install']
[1.170s] Level 1:colcon.colcon_core.package_identification:_identify(launch) by extension 'ignore'
[1.170s] Level 1:colcon.colcon_core.package_identification:_identify(launch) by extension 'ignore_ament_install'
[1.170s] Level 1:colcon.colcon_core.package_identification:_identify(launch) by extensions ['colcon_pkg']
[1.170s] Level 1:colcon.colcon_core.package_identification:_identify(launch) by extension 'colcon_pkg'
[1.170s] Level 1:colcon.colcon_core.package_identification:_identify(launch) by extensions ['colcon_meta']
[1.170s] Level 1:colcon.colcon_core.package_identification:_identify(launch) by extension 'colcon_meta'
[1.170s] Level 1:colcon.colcon_core.package_identification:_identify(launch) by extensions ['ros']
[1.170s] Level 1:colcon.colcon_core.package_identification:_identify(launch) by extension 'ros'
[1.170s] Level 1:colcon.colcon_core.package_identification:_identify(launch) by extensions ['cmake', 'python']
[1.170s] Level 1:colcon.colcon_core.package_identification:_identify(launch) by extension 'cmake'
[1.170s] Level 1:colcon.colcon_core.package_identification:_identify(launch) by extension 'python'
[1.170s] Level 1:colcon.colcon_core.package_identification:_identify(launch) by extensions ['python_setup_py']
[1.170s] Level 1:colcon.colcon_core.package_identification:_identify(launch) by extension 'python_setup_py'
[1.171s] Level 1:colcon.colcon_core.package_identification:_identify(launch/__pycache__) by extensions ['ignore', 'ignore_ament_install']
[1.171s] Level 1:colcon.colcon_core.package_identification:_identify(launch/__pycache__) by extension 'ignore'
[1.171s] Level 1:colcon.colcon_core.package_identification:_identify(launch/__pycache__) by extension 'ignore_ament_install'
[1.171s] Level 1:colcon.colcon_core.package_identification:_identify(launch/__pycache__) by extensions ['colcon_pkg']
[1.171s] Level 1:colcon.colcon_core.package_identification:_identify(launch/__pycache__) by extension 'colcon_pkg'
[1.171s] Level 1:colcon.colcon_core.package_identification:_identify(launch/__pycache__) by extensions ['colcon_meta']
[1.171s] Level 1:colcon.colcon_core.package_identification:_identify(launch/__pycache__) by extension 'colcon_meta'
[1.171s] Level 1:colcon.colcon_core.package_identification:_identify(launch/__pycache__) by extensions ['ros']
[1.171s] Level 1:colcon.colcon_core.package_identification:_identify(launch/__pycache__) by extension 'ros'
[1.171s] Level 1:colcon.colcon_core.package_identification:_identify(launch/__pycache__) by extensions ['cmake', 'python']
[1.171s] Level 1:colcon.colcon_core.package_identification:_identify(launch/__pycache__) by extension 'cmake'
[1.171s] Level 1:colcon.colcon_core.package_identification:_identify(launch/__pycache__) by extension 'python'
[1.171s] Level 1:colcon.colcon_core.package_identification:_identify(launch/__pycache__) by extensions ['python_setup_py']
[1.171s] Level 1:colcon.colcon_core.package_identification:_identify(launch/__pycache__) by extension 'python_setup_py'
[1.171s] Level 1:colcon.colcon_core.package_identification:_identify(log) by extensions ['ignore', 'ignore_ament_install']
[1.171s] Level 1:colcon.colcon_core.package_identification:_identify(log) by extension 'ignore'
[1.171s] Level 1:colcon.colcon_core.package_identification:_identify(log) ignored
[1.171s] Level 1:colcon.colcon_core.package_identification:_identify(maps) by extensions ['ignore', 'ignore_ament_install']
[1.171s] Level 1:colcon.colcon_core.package_identification:_identify(maps) by extension 'ignore'
[1.171s] Level 1:colcon.colcon_core.package_identification:_identify(maps) by extension 'ignore_ament_install'
[1.171s] Level 1:colcon.colcon_core.package_identification:_identify(maps) by extensions ['colcon_pkg']
[1.171s] Level 1:colcon.colcon_core.package_identification:_identify(maps) by extension 'colcon_pkg'
[1.172s] Level 1:colcon.colcon_core.package_identification:_identify(maps) by extensions ['colcon_meta']
[1.172s] Level 1:colcon.colcon_core.package_identification:_identify(maps) by extension 'colcon_meta'
[1.172s] Level 1:colcon.colcon_core.package_identification:_identify(maps) by extensions ['ros']
[1.172s] Level 1:colcon.colcon_core.package_identification:_identify(maps) by extension 'ros'
[1.172s] Level 1:colcon.colcon_core.package_identification:_identify(maps) by extensions ['cmake', 'python']
[1.172s] Level 1:colcon.colcon_core.package_identification:_identify(maps) by extension 'cmake'
[1.172s] Level 1:colcon.colcon_core.package_identification:_identify(maps) by extension 'python'
[1.172s] Level 1:colcon.colcon_core.package_identification:_identify(maps) by extensions ['python_setup_py']
[1.172s] Level 1:colcon.colcon_core.package_identification:_identify(maps) by extension 'python_setup_py'
[1.172s] Level 1:colcon.colcon_core.package_identification:_identify(src) by extensions ['ignore', 'ignore_ament_install']
[1.172s] Level 1:colcon.colcon_core.package_identification:_identify(src) by extension 'ignore'
[1.172s] Level 1:colcon.colcon_core.package_identification:_identify(src) by extension 'ignore_ament_install'
[1.172s] Level 1:colcon.colcon_core.package_identification:_identify(src) by extensions ['colcon_pkg']
[1.172s] Level 1:colcon.colcon_core.package_identification:_identify(src) by extension 'colcon_pkg'
[1.172s] Level 1:colcon.colcon_core.package_identification:_identify(src) by extensions ['colcon_meta']
[1.172s] Level 1:colcon.colcon_core.package_identification:_identify(src) by extension 'colcon_meta'
[1.172s] Level 1:colcon.colcon_core.package_identification:_identify(src) by extensions ['ros']
[1.172s] Level 1:colcon.colcon_core.package_identification:_identify(src) by extension 'ros'
[1.172s] Level 1:colcon.colcon_core.package_identification:_identify(src) by extensions ['cmake', 'python']
[1.172s] Level 1:colcon.colcon_core.package_identification:_identify(src) by extension 'cmake'
[1.172s] Level 1:colcon.colcon_core.package_identification:_identify(src) by extension 'python'
[1.172s] Level 1:colcon.colcon_core.package_identification:_identify(src) by extensions ['python_setup_py']
[1.172s] Level 1:colcon.colcon_core.package_identification:_identify(src) by extension 'python_setup_py'
[1.173s] Level 1:colcon.colcon_core.package_identification:_identify(src/navigator) by extensions ['ignore', 'ignore_ament_install']
[1.173s] Level 1:colcon.colcon_core.package_identification:_identify(src/navigator) by extension 'ignore'
[1.173s] Level 1:colcon.colcon_core.package_identification:_identify(src/navigator) by extension 'ignore_ament_install'
[1.173s] Level 1:colcon.colcon_core.package_identification:_identify(src/navigator) by extensions ['colcon_pkg']
[1.173s] Level 1:colcon.colcon_core.package_identification:_identify(src/navigator) by extension 'colcon_pkg'
[1.173s] Level 1:colcon.colcon_core.package_identification:_identify(src/navigator) by extensions ['colcon_meta']
[1.173s] Level 1:colcon.colcon_core.package_identification:_identify(src/navigator) by extension 'colcon_meta'
[1.173s] Level 1:colcon.colcon_core.package_identification:_identify(src/navigator) by extensions ['ros']
[1.173s] Level 1:colcon.colcon_core.package_identification:_identify(src/navigator) by extension 'ros'
[1.175s] DEBUG:colcon.colcon_core.package_identification:Package 'src/navigator' with type 'ros.ament_python' and name 'navigator'
[1.175s] Level 1:colcon.colcon_core.package_discovery:discover_packages(recursive) using defaults
[1.175s] Level 1:colcon.colcon_core.package_discovery:discover_packages(ignore) discover
[1.175s] Level 1:colcon.colcon_core.package_discovery:discover_packages(ignore) using defaults
[1.175s] Level 1:colcon.colcon_core.package_discovery:discover_packages(path) discover
[1.175s] Level 1:colcon.colcon_core.package_discovery:discover_packages(path) using defaults
[1.256s] Level 1:colcon.colcon_core.package_discovery:discover_packages(prefix_path) check parameters
[1.256s] Level 1:colcon.colcon_core.package_discovery:discover_packages(prefix_path) discover
[1.282s] DEBUG:colcon.colcon_installed_package_information.package_discovery:Found 2 installed packages in /home/elisa/Documents/turtlesim/workspace/install
[1.295s] DEBUG:colcon.colcon_installed_package_information.package_discovery:Found 387 installed packages in /opt/ros/humble
[1.297s] Level 1:colcon.colcon_core.package_discovery:discover_packages(prefix_path) using defaults
[1.396s] Level 5:colcon.colcon_core.verb:set package 'navigator' build argument 'cmake_args' from command line to 'None'
[1.396s] Level 5:colcon.colcon_core.verb:set package 'navigator' build argument 'cmake_target' from command line to 'None'
[1.396s] Level 5:colcon.colcon_core.verb:set package 'navigator' build argument 'cmake_target_skip_unavailable' from command line to 'False'
[1.396s] Level 5:colcon.colcon_core.verb:set package 'navigator' build argument 'cmake_clean_cache' from command line to 'False'
[1.396s] Level 5:colcon.colcon_core.verb:set package 'navigator' build argument 'cmake_clean_first' from command line to 'False'
[1.396s] Level 5:colcon.colcon_core.verb:set package 'navigator' build argument 'cmake_force_configure' from command line to 'False'
[1.396s] Level 5:colcon.colcon_core.verb:set package 'navigator' build argument 'ament_cmake_args' from command line to 'None'
[1.396s] Level 5:colcon.colcon_core.verb:set package 'navigator' build argument 'catkin_cmake_args' from command line to 'None'
[1.397s] Level 5:colcon.colcon_core.verb:set package 'navigator' build argument 'catkin_skip_building_tests' from command line to 'False'
[1.397s] DEBUG:colcon.colcon_core.verb:Building package 'navigator' with the following arguments: {'ament_cmake_args': None, 'build_base': '/home/elisa/Documents/turtlesim/workspace/build/navigator', 'catkin_cmake_args': None, 'catkin_skip_building_tests': False, 'cmake_args': None, 'cmake_clean_cache': False, 'cmake_clean_first': False, 'cmake_force_configure': False, 'cmake_target': None, 'cmake_target_skip_unavailable': False, 'install_base': '/home/elisa/Documents/turtlesim/workspace/install/navigator', 'merge_install': False, 'path': '/home/elisa/Documents/turtlesim/workspace/src/navigator', 'symlink_install': False, 'test_result_base': None}
[1.409s] INFO:colcon.colcon_core.executor:Executing jobs using 'parallel' executor
[1.422s] DEBUG:colcon.colcon_parallel_executor.executor.parallel:run_until_complete
[1.422s] INFO:colcon.colcon_ros.task.ament_python.build:Building ROS package in '/home/elisa/Documents/turtlesim/workspace/src/navigator' with build type 'ament_python'
[1.422s] Level 1:colcon.colcon_core.shell:create_environment_hook('navigator', 'ament_prefix_path')
[1.439s] INFO:colcon.colcon_core.plugin_system:Skipping extension 'colcon_core.shell.bat': Not used on non-Windows systems
[1.439s] INFO:colcon.colcon_core.shell:Creating environment hook '/home/elisa/Documents/turtlesim/workspace/install/navigator/share/navigator/hook/ament_prefix_path.ps1'
[1.440s] INFO:colcon.colcon_core.shell:Creating environment descriptor '/home/elisa/Documents/turtlesim/workspace/install/navigator/share/navigator/hook/ament_prefix_path.dsv'
[1.440s] INFO:colcon.colcon_core.shell:Creating environment hook '/home/elisa/Documents/turtlesim/workspace/install/navigator/share/navigator/hook/ament_prefix_path.sh'
[1.458s] INFO:colcon.colcon_core.shell:Skip shell extension 'powershell' for command environment: Not usable outside of PowerShell
[1.458s] DEBUG:colcon.colcon_core.shell:Skip shell extension 'dsv' for command environment
[1.820s] INFO:colcon.colcon_core.task.python.build:Building Python package in '/home/elisa/Documents/turtlesim/workspace/src/navigator'
[1.836s] INFO:colcon.colcon_core.shell:Skip shell extension 'powershell' for command environment: Not usable outside of PowerShell
[1.836s] DEBUG:colcon.colcon_core.shell:Skip shell extension 'dsv' for command environment
[2.291s] DEBUG:colcon.colcon_core.event_handler.log_command:Invoking command in '/home/elisa/Documents/turtlesim/workspace/src/navigator': PYTHONPATH=/home/elisa/Documents/turtlesim/workspace/build/navigator/prefix_override:/home/elisa/Documents/turtlesim/workspace/install/navigator/lib/python3.10/site-packages:${PYTHONPATH} /usr/bin/python3 setup.py egg_info --egg-base ../../build/navigator build --build-base /home/elisa/Documents/turtlesim/workspace/build/navigator/build install --record /home/elisa/Documents/turtlesim/workspace/build/navigator/install.log --single-version-externally-managed
[2.643s] DEBUG:colcon.colcon_core.event_handler.log_command:Invoked command in '/home/elisa/Documents/turtlesim/workspace/src/navigator' returned '0': PYTHONPATH=/home/elisa/Documents/turtlesim/workspace/build/navigator/prefix_override:/home/elisa/Documents/turtlesim/workspace/install/navigator/lib/python3.10/site-packages:${PYTHONPATH} /usr/bin/python3 setup.py egg_info --egg-base ../../build/navigator build --build-base /home/elisa/Documents/turtlesim/workspace/build/navigator/build install --record /home/elisa/Documents/turtlesim/workspace/build/navigator/install.log --single-version-externally-managed
[2.661s] Level 1:colcon.colcon_core.environment:checking '/home/elisa/Documents/turtlesim/workspace/install/navigator' for CMake module files
[2.662s] Level 1:colcon.colcon_core.environment:checking '/home/elisa/Documents/turtlesim/workspace/install/navigator' for CMake config files
[2.662s] Level 1:colcon.colcon_core.environment:checking '/home/elisa/Documents/turtlesim/workspace/install/navigator/lib'
[2.663s] Level 1:colcon.colcon_core.environment:checking '/home/elisa/Documents/turtlesim/workspace/install/navigator/bin'
[2.663s] Level 1:colcon.colcon_core.environment:checking '/home/elisa/Documents/turtlesim/workspace/install/navigator/lib/pkgconfig/navigator.pc'
[2.663s] Level 1:colcon.colcon_core.environment:checking '/home/elisa/Documents/turtlesim/workspace/install/navigator/lib/python3.10/site-packages'
[2.663s] Level 1:colcon.colcon_core.shell:create_environment_hook('navigator', 'pythonpath')
[2.679s] INFO:colcon.colcon_core.shell:Creating environment hook '/home/elisa/Documents/turtlesim/workspace/install/navigator/share/navigator/hook/pythonpath.ps1'
[2.680s] INFO:colcon.colcon_core.shell:Creating environment descriptor '/home/elisa/Documents/turtlesim/workspace/install/navigator/share/navigator/hook/pythonpath.dsv'
[2.680s] INFO:colcon.colcon_core.shell:Creating environment hook '/home/elisa/Documents/turtlesim/workspace/install/navigator/share/navigator/hook/pythonpath.sh'
[2.681s] Level 1:colcon.colcon_core.environment:checking '/home/elisa/Documents/turtlesim/workspace/install/navigator/bin'
[2.681s] Level 1:colcon.colcon_core.environment:create_environment_scripts_only(navigator)
[2.701s] INFO:colcon.colcon_core.shell:Creating package script '/home/elisa/Documents/turtlesim/workspace/install/navigator/share/navigator/package.ps1'
[2.702s] INFO:colcon.colcon_core.shell:Creating package descriptor '/home/elisa/Documents/turtlesim/workspace/install/navigator/share/navigator/package.dsv'
[2.703s] INFO:colcon.colcon_core.shell:Creating package script '/home/elisa/Documents/turtlesim/workspace/install/navigator/share/navigator/package.sh'
[2.704s] INFO:colcon.colcon_core.shell:Creating package script '/home/elisa/Documents/turtlesim/workspace/install/navigator/share/navigator/package.bash'
[2.705s] INFO:colcon.colcon_core.shell:Creating package script '/home/elisa/Documents/turtlesim/workspace/install/navigator/share/navigator/package.zsh'
[2.706s] Level 1:colcon.colcon_core.environment:create_file_with_runtime_dependencies(/home/elisa/Documents/turtlesim/workspace/install/navigator/share/colcon-core/packages/navigator)
[2.707s] DEBUG:colcon.colcon_parallel_executor.executor.parallel:closing loop
[2.707s] DEBUG:colcon.colcon_parallel_executor.executor.parallel:loop closed
[2.707s] DEBUG:colcon.colcon_parallel_executor.executor.parallel:run_until_complete finished with '0'
[2.707s] DEBUG:colcon.colcon_core.event_reactor:joining thread
[2.738s] INFO:colcon.colcon_core.plugin_system:Skipping extension 'colcon_notification.desktop_notification.terminal_notifier': Not used on non-Darwin systems
[2.738s] INFO:colcon.colcon_core.plugin_system:Skipping extension 'colcon_notification.desktop_notification.win32': Not used on non-Windows systems
[2.738s] INFO:colcon.colcon_notification.desktop_notification:Sending desktop notification using 'notify2'
[2.752s] DEBUG:colcon.colcon_core.event_reactor:joined thread
[2.768s] INFO:colcon.colcon_core.shell:Creating prefix script '/home/elisa/Documents/turtlesim/workspace/install/local_setup.ps1'
[2.769s] INFO:colcon.colcon_core.shell:Creating prefix util module '/home/elisa/Documents/turtlesim/workspace/install/_local_setup_util_ps1.py'
[2.771s] INFO:colcon.colcon_core.shell:Creating prefix chain script '/home/elisa/Documents/turtlesim/workspace/install/setup.ps1'
[2.787s] INFO:colcon.colcon_core.shell:Creating prefix script '/home/elisa/Documents/turtlesim/workspace/install/local_setup.sh'
[2.788s] INFO:colcon.colcon_core.shell:Creating prefix util module '/home/elisa/Documents/turtlesim/workspace/install/_local_setup_util_sh.py'
[2.788s] INFO:colcon.colcon_core.shell:Creating prefix chain script '/home/elisa/Documents/turtlesim/workspace/install/setup.sh'
[2.807s] INFO:colcon.colcon_core.shell:Creating prefix script '/home/elisa/Documents/turtlesim/workspace/install/local_setup.bash'
[2.808s] INFO:colcon.colcon_core.shell:Creating prefix chain script '/home/elisa/Documents/turtlesim/workspace/install/setup.bash'
[2.826s] INFO:colcon.colcon_core.shell:Creating prefix script '/home/elisa/Documents/turtlesim/workspace/install/local_setup.zsh'
[2.827s] INFO:colcon.colcon_core.shell:Creating prefix chain script '/home/elisa/Documents/turtlesim/workspace/install/setup.zsh'
