[0.964s] Invoking command in '/home/elisa/grupo4/src/nav_workspace/src/navigator': PYTHONPATH=/home/elisa/grupo4/src/nav_workspace/build/navigator/prefix_override:/home/elisa/grupo4/src/nav_workspace/install/navigator/lib/python3.10/site-packages:${PYTHONPATH} /usr/bin/python3 setup.py egg_info --egg-base ../../build/navigator build --build-base /home/elisa/grupo4/src/nav_workspace/build/navigator/build install --record /home/elisa/grupo4/src/nav_workspace/build/navigator/install.log --single-version-externally-managed
[1.158s] running egg_info
[1.158s] writing ../../build/navigator/navigator.egg-info/PKG-INFO
[1.158s] writing dependency_links to ../../build/navigator/navigator.egg-info/dependency_links.txt
[1.158s] writing entry points to ../../build/navigator/navigator.egg-info/entry_points.txt
[1.158s] writing requirements to ../../build/navigator/navigator.egg-info/requires.txt
[1.158s] writing top-level names to ../../build/navigator/navigator.egg-info/top_level.txt
[1.160s] reading manifest file '../../build/navigator/navigator.egg-info/SOURCES.txt'
[1.164s] writing manifest file '../../build/navigator/navigator.egg-info/SOURCES.txt'
[1.164s] running build
[1.164s] running build_py
[1.165s] copying navigator/coordinateChatbot.py -> /home/elisa/grupo4/src/nav_workspace/build/navigator/build/lib/navigator
[1.165s] running install
[1.166s] /usr/lib/python3/dist-packages/setuptools/command/install.py:34: SetuptoolsDeprecationWarning: setup.py install is deprecated. Use build and pip and other standards-based tools.
[1.166s]   warnings.warn(
[1.166s] running install_lib
[1.168s] copying /home/elisa/grupo4/src/nav_workspace/build/navigator/build/lib/navigator/coordinateChatbot.py -> /home/elisa/grupo4/src/nav_workspace/install/navigator/lib/python3.10/site-packages/navigator
[1.169s] byte-compiling /home/elisa/grupo4/src/nav_workspace/install/navigator/lib/python3.10/site-packages/navigator/coordinateChatbot.py to coordinateChatbot.cpython-310.pyc
[1.169s] running install_data
[1.170s] copying launch/navigator_launch.py -> /home/elisa/grupo4/src/nav_workspace/install/navigator/share/navigator/launch
[1.170s] running install_egg_info
[1.173s] removing '/home/elisa/grupo4/src/nav_workspace/install/navigator/lib/python3.10/site-packages/navigator-0.0.0-py3.10.egg-info' (and everything under it)
[1.173s] Copying ../../build/navigator/navigator.egg-info to /home/elisa/grupo4/src/nav_workspace/install/navigator/lib/python3.10/site-packages/navigator-0.0.0-py3.10.egg-info
[1.174s] running install_scripts
[1.191s] Installing chatbot script to /home/elisa/grupo4/src/nav_workspace/install/navigator/lib/navigator
[1.191s] Installing coordinatesChatbot script to /home/elisa/grupo4/src/nav_workspace/install/navigator/lib/navigator
[1.191s] Installing init_pose script to /home/elisa/grupo4/src/nav_workspace/install/navigator/lib/navigator
[1.191s] Installing queue script to /home/elisa/grupo4/src/nav_workspace/install/navigator/lib/navigator
[1.191s] Installing vallet script to /home/elisa/grupo4/src/nav_workspace/install/navigator/lib/navigator
[1.191s] writing list of installed files to '/home/elisa/grupo4/src/nav_workspace/build/navigator/install.log'
[1.222s] Invoked command in '/home/elisa/grupo4/src/nav_workspace/src/navigator' returned '0': PYTHONPATH=/home/elisa/grupo4/src/nav_workspace/build/navigator/prefix_override:/home/elisa/grupo4/src/nav_workspace/install/navigator/lib/python3.10/site-packages:${PYTHONPATH} /usr/bin/python3 setup.py egg_info --egg-base ../../build/navigator build --build-base /home/elisa/grupo4/src/nav_workspace/build/navigator/build install --record /home/elisa/grupo4/src/nav_workspace/build/navigator/install.log --single-version-externally-managed
