[0.922s] Invoking command in '/home/elisa/Documents/turtlesim/workspace/src/navigator': PYTHONPATH=/home/elisa/Documents/turtlesim/workspace/build/navigator/prefix_override:/home/elisa/Documents/turtlesim/workspace/install/navigator/lib/python3.10/site-packages:${PYTHONPATH} /usr/bin/python3 setup.py egg_info --egg-base ../../build/navigator build --build-base /home/elisa/Documents/turtlesim/workspace/build/navigator/build install --record /home/elisa/Documents/turtlesim/workspace/build/navigator/install.log --single-version-externally-managed
[1.221s] running egg_info
[1.222s] writing ../../build/navigator/navigator.egg-info/PKG-INFO
[1.222s] writing dependency_links to ../../build/navigator/navigator.egg-info/dependency_links.txt
[1.222s] writing entry points to ../../build/navigator/navigator.egg-info/entry_points.txt
[1.222s] writing requirements to ../../build/navigator/navigator.egg-info/requires.txt
[1.222s] writing top-level names to ../../build/navigator/navigator.egg-info/top_level.txt
[1.224s] reading manifest file '../../build/navigator/navigator.egg-info/SOURCES.txt'
[1.289s] writing manifest file '../../build/navigator/navigator.egg-info/SOURCES.txt'
[1.347s] running build
[1.347s] running build_py
[1.347s] running install
[1.347s] /usr/lib/python3/dist-packages/setuptools/command/install.py:34: SetuptoolsDeprecationWarning: setup.py install is deprecated. Use build and pip and other standards-based tools.
[1.347s]   warnings.warn(
[1.348s] running install_lib
[1.349s] running install_data
[1.350s] copying launch/navigator_launch.py -> /home/elisa/Documents/turtlesim/workspace/install/navigator/share/navigator/launch
[1.350s] running install_egg_info
[1.352s] removing '/home/elisa/Documents/turtlesim/workspace/install/navigator/lib/python3.10/site-packages/navigator-0.0.0-py3.10.egg-info' (and everything under it)
[1.352s] Copying ../../build/navigator/navigator.egg-info to /home/elisa/Documents/turtlesim/workspace/install/navigator/lib/python3.10/site-packages/navigator-0.0.0-py3.10.egg-info
[1.353s] running install_scripts
[1.377s] Installing andando script to /home/elisa/Documents/turtlesim/workspace/install/navigator/lib/navigator
[1.377s] Installing cli script to /home/elisa/Documents/turtlesim/workspace/install/navigator/lib/navigator
[1.377s] Installing init_pose script to /home/elisa/Documents/turtlesim/workspace/install/navigator/lib/navigator
[1.378s] Installing queue script to /home/elisa/Documents/turtlesim/workspace/install/navigator/lib/navigator
[1.378s] writing list of installed files to '/home/elisa/Documents/turtlesim/workspace/build/navigator/install.log'
[1.404s] Invoked command in '/home/elisa/Documents/turtlesim/workspace/src/navigator' returned '0': PYTHONPATH=/home/elisa/Documents/turtlesim/workspace/build/navigator/prefix_override:/home/elisa/Documents/turtlesim/workspace/install/navigator/lib/python3.10/site-packages:${PYTHONPATH} /usr/bin/python3 setup.py egg_info --egg-base ../../build/navigator build --build-base /home/elisa/Documents/turtlesim/workspace/build/navigator/build install --record /home/elisa/Documents/turtlesim/workspace/build/navigator/install.log --single-version-externally-managed
