[0.590s] DEBUG:colcon:Command line arguments: ['/usr/bin/colcon', 'build']
[0.590s] DEBUG:colcon:Parsed command line arguments: Namespace(log_base=None, log_level=None, verb_name='build', build_base='build', install_base='install', merge_install=False, symlink_install=False, test_result_base=None, continue_on_error=False, executor='parallel', parallel_workers=8, event_handlers=None, ignore_user_meta=False, metas=['./colcon.meta'], base_paths=['.'], packages_ignore=None, packages_ignore_regex=None, paths=None, packages_up_to=None, packages_up_to_regex=None, packages_above=None, packages_above_and_dependencies=None, packages_above_depth=None, packages_select_by_dep=None, packages_skip_by_dep=None, packages_skip_up_to=None, packages_select_build_failed=False, packages_skip_build_finished=False, packages_select_test_failures=False, packages_skip_test_passed=False, packages_select=None, packages_skip=None, packages_select_regex=None, packages_skip_regex=None, packages_start=None, packages_end=None, allow_overriding=[], cmake_args=None, cmake_target=None, cmake_target_skip_unavailable=False, cmake_clean_cache=False, cmake_clean_first=False, cmake_force_configure=False, ament_cmake_args=None, catkin_cmake_args=None, catkin_skip_building_tests=False, verb_parser=<colcon_defaults.argument_parser.defaults.DefaultArgumentsDecorator object at 0x7fa062c22fe0>, verb_extension=<colcon_core.verb.build.BuildVerb object at 0x7fa0630c3e80>, main=<bound method BuildVerb.main of <colcon_core.verb.build.BuildVerb object at 0x7fa0630c3e80>>)
[0.618s] Level 1:colcon.colcon_core.package_discovery:discover_packages(colcon_meta) check parameters
[0.618s] Level 1:colcon.colcon_core.package_discovery:discover_packages(recursive) check parameters
[0.618s] Level 1:colcon.colcon_core.package_discovery:discover_packages(ignore) check parameters
[0.618s] Level 1:colcon.colcon_core.package_discovery:discover_packages(path) check parameters
[0.618s] Level 1:colcon.colcon_core.package_discovery:discover_packages(colcon_meta) discover
[0.618s] Level 1:colcon.colcon_core.package_discovery:discover_packages(recursive) discover
[0.618s] INFO:colcon.colcon_core.package_discovery:Crawling recursively for packages in '/home/elisa/grupo4/src/bridge/nav_workspace'
[0.618s] Level 1:colcon.colcon_core.package_identification:_identify(.) by extensions ['ignore', 'ignore_ament_install']
[0.618s] Level 1:colcon.colcon_core.package_identification:_identify(.) by extension 'ignore'
[0.619s] Level 1:colcon.colcon_core.package_identification:_identify(.) by extension 'ignore_ament_install'
[0.619s] Level 1:colcon.colcon_core.package_identification:_identify(.) by extensions ['colcon_pkg']
[0.619s] Level 1:colcon.colcon_core.package_identification:_identify(.) by extension 'colcon_pkg'
[0.619s] Level 1:colcon.colcon_core.package_identification:_identify(.) by extensions ['colcon_meta']
[0.619s] Level 1:colcon.colcon_core.package_identification:_identify(.) by extension 'colcon_meta'
[0.619s] Level 1:colcon.colcon_core.package_identification:_identify(.) by extensions ['ros']
[0.619s] Level 1:colcon.colcon_core.package_identification:_identify(.) by extension 'ros'
[0.626s] Level 1:colcon.colcon_core.package_identification:_identify(.) by extensions ['cmake', 'python']
[0.626s] Level 1:colcon.colcon_core.package_identification:_identify(.) by extension 'cmake'
[0.626s] Level 1:colcon.colcon_core.package_identification:_identify(.) by extension 'python'
[0.626s] Level 1:colcon.colcon_core.package_identification:_identify(.) by extensions ['python_setup_py']
[0.626s] Level 1:colcon.colcon_core.package_identification:_identify(.) by extension 'python_setup_py'
[0.626s] Level 1:colcon.colcon_core.package_identification:_identify(build) by extensions ['ignore', 'ignore_ament_install']
[0.626s] Level 1:colcon.colcon_core.package_identification:_identify(build) by extension 'ignore'
[0.626s] Level 1:colcon.colcon_core.package_identification:_identify(build) ignored
[0.626s] Level 1:colcon.colcon_core.package_identification:_identify(install) by extensions ['ignore', 'ignore_ament_install']
[0.626s] Level 1:colcon.colcon_core.package_identification:_identify(install) by extension 'ignore'
[0.626s] Level 1:colcon.colcon_core.package_identification:_identify(install) ignored
[0.627s] Level 1:colcon.colcon_core.package_identification:_identify(log) by extensions ['ignore', 'ignore_ament_install']
[0.627s] Level 1:colcon.colcon_core.package_identification:_identify(log) by extension 'ignore'
[0.627s] Level 1:colcon.colcon_core.package_identification:_identify(log) ignored
[0.627s] Level 1:colcon.colcon_core.package_identification:_identify(maps) by extensions ['ignore', 'ignore_ament_install']
[0.627s] Level 1:colcon.colcon_core.package_identification:_identify(maps) by extension 'ignore'
[0.627s] Level 1:colcon.colcon_core.package_identification:_identify(maps) by extension 'ignore_ament_install'
[0.627s] Level 1:colcon.colcon_core.package_identification:_identify(maps) by extensions ['colcon_pkg']
[0.627s] Level 1:colcon.colcon_core.package_identification:_identify(maps) by extension 'colcon_pkg'
[0.627s] Level 1:colcon.colcon_core.package_identification:_identify(maps) by extensions ['colcon_meta']
[0.627s] Level 1:colcon.colcon_core.package_identification:_identify(maps) by extension 'colcon_meta'
[0.627s] Level 1:colcon.colcon_core.package_identification:_identify(maps) by extensions ['ros']
[0.627s] Level 1:colcon.colcon_core.package_identification:_identify(maps) by extension 'ros'
[0.627s] Level 1:colcon.colcon_core.package_identification:_identify(maps) by extensions ['cmake', 'python']
[0.627s] Level 1:colcon.colcon_core.package_identification:_identify(maps) by extension 'cmake'
[0.627s] Level 1:colcon.colcon_core.package_identification:_identify(maps) by extension 'python'
[0.627s] Level 1:colcon.colcon_core.package_identification:_identify(maps) by extensions ['python_setup_py']
[0.627s] Level 1:colcon.colcon_core.package_identification:_identify(maps) by extension 'python_setup_py'
[0.627s] Level 1:colcon.colcon_core.package_identification:_identify(src) by extensions ['ignore', 'ignore_ament_install']
[0.627s] Level 1:colcon.colcon_core.package_identification:_identify(src) by extension 'ignore'
[0.627s] Level 1:colcon.colcon_core.package_identification:_identify(src) by extension 'ignore_ament_install'
[0.627s] Level 1:colcon.colcon_core.package_identification:_identify(src) by extensions ['colcon_pkg']
[0.627s] Level 1:colcon.colcon_core.package_identification:_identify(src) by extension 'colcon_pkg'
[0.627s] Level 1:colcon.colcon_core.package_identification:_identify(src) by extensions ['colcon_meta']
[0.627s] Level 1:colcon.colcon_core.package_identification:_identify(src) by extension 'colcon_meta'
[0.627s] Level 1:colcon.colcon_core.package_identification:_identify(src) by extensions ['ros']
[0.627s] Level 1:colcon.colcon_core.package_identification:_identify(src) by extension 'ros'
[0.627s] Level 1:colcon.colcon_core.package_identification:_identify(src) by extensions ['cmake', 'python']
[0.627s] Level 1:colcon.colcon_core.package_identification:_identify(src) by extension 'cmake'
[0.627s] Level 1:colcon.colcon_core.package_identification:_identify(src) by extension 'python'
[0.627s] Level 1:colcon.colcon_core.package_identification:_identify(src) by extensions ['python_setup_py']
[0.627s] Level 1:colcon.colcon_core.package_identification:_identify(src) by extension 'python_setup_py'
[0.627s] Level 1:colcon.colcon_core.package_identification:_identify(src/navigator) by extensions ['ignore', 'ignore_ament_install']
[0.627s] Level 1:colcon.colcon_core.package_identification:_identify(src/navigator) by extension 'ignore'
[0.627s] Level 1:colcon.colcon_core.package_identification:_identify(src/navigator) by extension 'ignore_ament_install'
[0.628s] Level 1:colcon.colcon_core.package_identification:_identify(src/navigator) by extensions ['colcon_pkg']
[0.628s] Level 1:colcon.colcon_core.package_identification:_identify(src/navigator) by extension 'colcon_pkg'
[0.628s] Level 1:colcon.colcon_core.package_identification:_identify(src/navigator) by extensions ['colcon_meta']
[0.628s] Level 1:colcon.colcon_core.package_identification:_identify(src/navigator) by extension 'colcon_meta'
[0.628s] Level 1:colcon.colcon_core.package_identification:_identify(src/navigator) by extensions ['ros']
[0.628s] Level 1:colcon.colcon_core.package_identification:_identify(src/navigator) by extension 'ros'
[0.629s] DEBUG:colcon.colcon_core.package_identification:Package 'src/navigator' with type 'ros.ament_python' and name 'navigator'
[0.629s] Level 1:colcon.colcon_core.package_discovery:discover_packages(recursive) using defaults
[0.629s] Level 1:colcon.colcon_core.package_discovery:discover_packages(ignore) discover
[0.629s] Level 1:colcon.colcon_core.package_discovery:discover_packages(ignore) using defaults
[0.629s] Level 1:colcon.colcon_core.package_discovery:discover_packages(path) discover
[0.629s] Level 1:colcon.colcon_core.package_discovery:discover_packages(path) using defaults
[0.684s] Level 1:colcon.colcon_core.package_discovery:discover_packages(prefix_path) check parameters
[0.684s] Level 1:colcon.colcon_core.package_discovery:discover_packages(prefix_path) discover
[0.702s] DEBUG:colcon.colcon_installed_package_information.package_discovery:Found 387 installed packages in /opt/ros/humble
[0.703s] Level 1:colcon.colcon_core.package_discovery:discover_packages(prefix_path) using defaults
[0.777s] Level 5:colcon.colcon_core.verb:set package 'navigator' build argument 'cmake_args' from command line to 'None'
[0.777s] Level 5:colcon.colcon_core.verb:set package 'navigator' build argument 'cmake_target' from command line to 'None'
[0.777s] Level 5:colcon.colcon_core.verb:set package 'navigator' build argument 'cmake_target_skip_unavailable' from command line to 'False'
[0.777s] Level 5:colcon.colcon_core.verb:set package 'navigator' build argument 'cmake_clean_cache' from command line to 'False'
[0.777s] Level 5:colcon.colcon_core.verb:set package 'navigator' build argument 'cmake_clean_first' from command line to 'False'
[0.777s] Level 5:colcon.colcon_core.verb:set package 'navigator' build argument 'cmake_force_configure' from command line to 'False'
[0.777s] Level 5:colcon.colcon_core.verb:set package 'navigator' build argument 'ament_cmake_args' from command line to 'None'
[0.777s] Level 5:colcon.colcon_core.verb:set package 'navigator' build argument 'catkin_cmake_args' from command line to 'None'
[0.777s] Level 5:colcon.colcon_core.verb:set package 'navigator' build argument 'catkin_skip_building_tests' from command line to 'False'
[0.777s] DEBUG:colcon.colcon_core.verb:Building package 'navigator' with the following arguments: {'ament_cmake_args': None, 'build_base': '/home/elisa/grupo4/src/bridge/nav_workspace/build/navigator', 'catkin_cmake_args': None, 'catkin_skip_building_tests': False, 'cmake_args': None, 'cmake_clean_cache': False, 'cmake_clean_first': False, 'cmake_force_configure': False, 'cmake_target': None, 'cmake_target_skip_unavailable': False, 'install_base': '/home/elisa/grupo4/src/bridge/nav_workspace/install/navigator', 'merge_install': False, 'path': '/home/elisa/grupo4/src/bridge/nav_workspace/src/navigator', 'symlink_install': False, 'test_result_base': None}
[0.786s] INFO:colcon.colcon_core.executor:Executing jobs using 'parallel' executor
[0.795s] DEBUG:colcon.colcon_parallel_executor.executor.parallel:run_until_complete
[0.795s] INFO:colcon.colcon_ros.task.ament_python.build:Building ROS package in '/home/elisa/grupo4/src/bridge/nav_workspace/src/navigator' with build type 'ament_python'
[0.795s] Level 1:colcon.colcon_core.shell:create_environment_hook('navigator', 'ament_prefix_path')
[0.805s] INFO:colcon.colcon_core.plugin_system:Skipping extension 'colcon_core.shell.bat': Not used on non-Windows systems
[0.805s] INFO:colcon.colcon_core.shell:Creating environment hook '/home/elisa/grupo4/src/bridge/nav_workspace/install/navigator/share/navigator/hook/ament_prefix_path.ps1'
[0.807s] INFO:colcon.colcon_core.shell:Creating environment descriptor '/home/elisa/grupo4/src/bridge/nav_workspace/install/navigator/share/navigator/hook/ament_prefix_path.dsv'
[0.807s] INFO:colcon.colcon_core.shell:Creating environment hook '/home/elisa/grupo4/src/bridge/nav_workspace/install/navigator/share/navigator/hook/ament_prefix_path.sh'
[0.817s] INFO:colcon.colcon_core.shell:Skip shell extension 'powershell' for command environment: Not usable outside of PowerShell
[0.817s] DEBUG:colcon.colcon_core.shell:Skip shell extension 'dsv' for command environment
[0.996s] INFO:colcon.colcon_core.task.python.build:Building Python package in '/home/elisa/grupo4/src/bridge/nav_workspace/src/navigator'
[1.005s] INFO:colcon.colcon_core.shell:Skip shell extension 'powershell' for command environment: Not usable outside of PowerShell
[1.005s] DEBUG:colcon.colcon_core.shell:Skip shell extension 'dsv' for command environment
[1.246s] DEBUG:colcon.colcon_core.event_handler.log_command:Invoking command in '/home/elisa/grupo4/src/bridge/nav_workspace/src/navigator': PYTHONPATH=/home/elisa/grupo4/src/bridge/nav_workspace/build/navigator/prefix_override:/home/elisa/grupo4/src/bridge/nav_workspace/install/navigator/lib/python3.10/site-packages:${PYTHONPATH} /usr/bin/python3 setup.py egg_info --egg-base ../../build/navigator build --build-base /home/elisa/grupo4/src/bridge/nav_workspace/build/navigator/build install --record /home/elisa/grupo4/src/bridge/nav_workspace/build/navigator/install.log --single-version-externally-managed
[1.429s] DEBUG:colcon.colcon_core.event_handler.log_command:Invoked command in '/home/elisa/grupo4/src/bridge/nav_workspace/src/navigator' returned '0': PYTHONPATH=/home/elisa/grupo4/src/bridge/nav_workspace/build/navigator/prefix_override:/home/elisa/grupo4/src/bridge/nav_workspace/install/navigator/lib/python3.10/site-packages:${PYTHONPATH} /usr/bin/python3 setup.py egg_info --egg-base ../../build/navigator build --build-base /home/elisa/grupo4/src/bridge/nav_workspace/build/navigator/build install --record /home/elisa/grupo4/src/bridge/nav_workspace/build/navigator/install.log --single-version-externally-managed
[1.439s] Level 1:colcon.colcon_core.environment:checking '/home/elisa/grupo4/src/bridge/nav_workspace/install/navigator' for CMake module files
[1.440s] Level 1:colcon.colcon_core.environment:checking '/home/elisa/grupo4/src/bridge/nav_workspace/install/navigator' for CMake config files
[1.440s] Level 1:colcon.colcon_core.environment:checking '/home/elisa/grupo4/src/bridge/nav_workspace/install/navigator/lib'
[1.440s] Level 1:colcon.colcon_core.environment:checking '/home/elisa/grupo4/src/bridge/nav_workspace/install/navigator/bin'
[1.440s] Level 1:colcon.colcon_core.environment:checking '/home/elisa/grupo4/src/bridge/nav_workspace/install/navigator/lib/pkgconfig/navigator.pc'
[1.440s] Level 1:colcon.colcon_core.environment:checking '/home/elisa/grupo4/src/bridge/nav_workspace/install/navigator/lib/python3.10/site-packages'
[1.440s] Level 1:colcon.colcon_core.shell:create_environment_hook('navigator', 'pythonpath')
[1.449s] INFO:colcon.colcon_core.shell:Creating environment hook '/home/elisa/grupo4/src/bridge/nav_workspace/install/navigator/share/navigator/hook/pythonpath.ps1'
[1.449s] INFO:colcon.colcon_core.shell:Creating environment descriptor '/home/elisa/grupo4/src/bridge/nav_workspace/install/navigator/share/navigator/hook/pythonpath.dsv'
[1.450s] INFO:colcon.colcon_core.shell:Creating environment hook '/home/elisa/grupo4/src/bridge/nav_workspace/install/navigator/share/navigator/hook/pythonpath.sh'
[1.450s] Level 1:colcon.colcon_core.environment:checking '/home/elisa/grupo4/src/bridge/nav_workspace/install/navigator/bin'
[1.450s] Level 1:colcon.colcon_core.environment:create_environment_scripts_only(navigator)
[1.459s] INFO:colcon.colcon_core.shell:Creating package script '/home/elisa/grupo4/src/bridge/nav_workspace/install/navigator/share/navigator/package.ps1'
[1.459s] INFO:colcon.colcon_core.shell:Creating package descriptor '/home/elisa/grupo4/src/bridge/nav_workspace/install/navigator/share/navigator/package.dsv'
[1.460s] INFO:colcon.colcon_core.shell:Creating package script '/home/elisa/grupo4/src/bridge/nav_workspace/install/navigator/share/navigator/package.sh'
[1.460s] INFO:colcon.colcon_core.shell:Creating package script '/home/elisa/grupo4/src/bridge/nav_workspace/install/navigator/share/navigator/package.bash'
[1.461s] INFO:colcon.colcon_core.shell:Creating package script '/home/elisa/grupo4/src/bridge/nav_workspace/install/navigator/share/navigator/package.zsh'
[1.461s] Level 1:colcon.colcon_core.environment:create_file_with_runtime_dependencies(/home/elisa/grupo4/src/bridge/nav_workspace/install/navigator/share/colcon-core/packages/navigator)
[1.461s] DEBUG:colcon.colcon_parallel_executor.executor.parallel:closing loop
[1.462s] DEBUG:colcon.colcon_parallel_executor.executor.parallel:loop closed
[1.462s] DEBUG:colcon.colcon_parallel_executor.executor.parallel:run_until_complete finished with '0'
[1.462s] DEBUG:colcon.colcon_core.event_reactor:joining thread
[1.474s] INFO:colcon.colcon_core.plugin_system:Skipping extension 'colcon_notification.desktop_notification.terminal_notifier': Not used on non-Darwin systems
[1.474s] INFO:colcon.colcon_core.plugin_system:Skipping extension 'colcon_notification.desktop_notification.win32': Not used on non-Windows systems
[1.474s] INFO:colcon.colcon_notification.desktop_notification:Sending desktop notification using 'notify2'
[1.482s] DEBUG:colcon.colcon_core.event_reactor:joined thread
[1.492s] INFO:colcon.colcon_core.shell:Creating prefix script '/home/elisa/grupo4/src/bridge/nav_workspace/install/local_setup.ps1'
[1.493s] INFO:colcon.colcon_core.shell:Creating prefix util module '/home/elisa/grupo4/src/bridge/nav_workspace/install/_local_setup_util_ps1.py'
[1.494s] INFO:colcon.colcon_core.shell:Creating prefix chain script '/home/elisa/grupo4/src/bridge/nav_workspace/install/setup.ps1'
[1.504s] INFO:colcon.colcon_core.shell:Creating prefix script '/home/elisa/grupo4/src/bridge/nav_workspace/install/local_setup.sh'
[1.504s] INFO:colcon.colcon_core.shell:Creating prefix util module '/home/elisa/grupo4/src/bridge/nav_workspace/install/_local_setup_util_sh.py'
[1.505s] INFO:colcon.colcon_core.shell:Creating prefix chain script '/home/elisa/grupo4/src/bridge/nav_workspace/install/setup.sh'
[1.515s] INFO:colcon.colcon_core.shell:Creating prefix script '/home/elisa/grupo4/src/bridge/nav_workspace/install/local_setup.bash'
[1.515s] INFO:colcon.colcon_core.shell:Creating prefix chain script '/home/elisa/grupo4/src/bridge/nav_workspace/install/setup.bash'
[1.524s] INFO:colcon.colcon_core.shell:Creating prefix script '/home/elisa/grupo4/src/bridge/nav_workspace/install/local_setup.zsh'
[1.525s] INFO:colcon.colcon_core.shell:Creating prefix chain script '/home/elisa/grupo4/src/bridge/nav_workspace/install/setup.zsh'
