running egg_info
writing ../../build/navigator/navigator.egg-info/PKG-INFO
writing dependency_links to ../../build/navigator/navigator.egg-info/dependency_links.txt
writing entry points to ../../build/navigator/navigator.egg-info/entry_points.txt
writing requirements to ../../build/navigator/navigator.egg-info/requires.txt
writing top-level names to ../../build/navigator/navigator.egg-info/top_level.txt
reading manifest file '../../build/navigator/navigator.egg-info/SOURCES.txt'
writing manifest file '../../build/navigator/navigator.egg-info/SOURCES.txt'
running build
running build_py
running install
running install_lib
running install_data
running install_egg_info
removing '/home/elisa/grupo4/src/nav_workspace/install/navigator/lib/python3.10/site-packages/navigator-0.0.0-py3.10.egg-info' (and everything under it)
Copying ../../build/navigator/navigator.egg-info to /home/elisa/grupo4/src/nav_workspace/install/navigator/lib/python3.10/site-packages/navigator-0.0.0-py3.10.egg-info
running install_scripts
Installing andando script to /home/elisa/grupo4/src/nav_workspace/install/navigator/lib/navigator
Installing cli script to /home/elisa/grupo4/src/nav_workspace/install/navigator/lib/navigator
Installing init_pose script to /home/elisa/grupo4/src/nav_workspace/install/navigator/lib/navigator
Installing queue script to /home/elisa/grupo4/src/nav_workspace/install/navigator/lib/navigator
writing list of installed files to '/home/elisa/grupo4/src/nav_workspace/build/navigator/install.log'
