[0.847s] Invoking command in '/home/elisa/grupo4/src/nav_workspace/src/navigator': PYTHONPATH=/home/elisa/grupo4/src/nav_workspace/build/navigator/prefix_override:/home/elisa/grupo4/src/nav_workspace/install/navigator/lib/python3.10/site-packages:${PYTHONPATH} /usr/bin/python3 setup.py egg_info --egg-base ../../build/navigator build --build-base /home/elisa/grupo4/src/nav_workspace/build/navigator/build install --record /home/elisa/grupo4/src/nav_workspace/build/navigator/install.log --single-version-externally-managed
[1.033s] running egg_info
[1.033s] writing ../../build/navigator/navigator.egg-info/PKG-INFO
[1.033s] writing dependency_links to ../../build/navigator/navigator.egg-info/dependency_links.txt
[1.033s] writing entry points to ../../build/navigator/navigator.egg-info/entry_points.txt
[1.034s] writing requirements to ../../build/navigator/navigator.egg-info/requires.txt
[1.034s] writing top-level names to ../../build/navigator/navigator.egg-info/top_level.txt
[1.035s] reading manifest file '../../build/navigator/navigator.egg-info/SOURCES.txt'
[1.036s] writing manifest file '../../build/navigator/navigator.egg-info/SOURCES.txt'
[1.037s] running build
[1.037s] running build_py
[1.037s] running install
[1.038s] /usr/lib/python3/dist-packages/setuptools/command/install.py:34: SetuptoolsDeprecationWarning: setup.py install is deprecated. Use build and pip and other standards-based tools.
[1.038s]   warnings.warn(
[1.038s] running install_lib
[1.039s] running install_data
[1.040s] running install_egg_info
[1.041s] removing '/home/elisa/grupo4/src/nav_workspace/install/navigator/lib/python3.10/site-packages/navigator-0.0.0-py3.10.egg-info' (and everything under it)
[1.041s] Copying ../../build/navigator/navigator.egg-info to /home/elisa/grupo4/src/nav_workspace/install/navigator/lib/python3.10/site-packages/navigator-0.0.0-py3.10.egg-info
[1.042s] running install_scripts
[1.062s] Installing andando script to /home/elisa/grupo4/src/nav_workspace/install/navigator/lib/navigator
[1.062s] Installing cli script to /home/elisa/grupo4/src/nav_workspace/install/navigator/lib/navigator
[1.062s] Installing init_pose script to /home/elisa/grupo4/src/nav_workspace/install/navigator/lib/navigator
[1.063s] Installing queue script to /home/elisa/grupo4/src/nav_workspace/install/navigator/lib/navigator
[1.063s] writing list of installed files to '/home/elisa/grupo4/src/nav_workspace/build/navigator/install.log'
[1.085s] Invoked command in '/home/elisa/grupo4/src/nav_workspace/src/navigator' returned '0': PYTHONPATH=/home/elisa/grupo4/src/nav_workspace/build/navigator/prefix_override:/home/elisa/grupo4/src/nav_workspace/install/navigator/lib/python3.10/site-packages:${PYTHONPATH} /usr/bin/python3 setup.py egg_info --egg-base ../../build/navigator build --build-base /home/elisa/grupo4/src/nav_workspace/build/navigator/build install --record /home/elisa/grupo4/src/nav_workspace/build/navigator/install.log --single-version-externally-managed
