[0.737s] DEBUG:colcon:Command line arguments: ['/usr/bin/colcon', 'build']
[0.738s] DEBUG:colcon:Parsed command line arguments: Namespace(log_base=None, log_level=None, verb_name='build', build_base='build', install_base='install', merge_install=False, symlink_install=False, test_result_base=None, continue_on_error=False, executor='parallel', parallel_workers=8, event_handlers=None, ignore_user_meta=False, metas=['./colcon.meta'], base_paths=['.'], packages_ignore=None, packages_ignore_regex=None, paths=None, packages_up_to=None, packages_up_to_regex=None, packages_above=None, packages_above_and_dependencies=None, packages_above_depth=None, packages_select_by_dep=None, packages_skip_by_dep=None, packages_skip_up_to=None, packages_select_build_failed=False, packages_skip_build_finished=False, packages_select_test_failures=False, packages_skip_test_passed=False, packages_select=None, packages_skip=None, packages_select_regex=None, packages_skip_regex=None, packages_start=None, packages_end=None, allow_overriding=[], cmake_args=None, cmake_target=None, cmake_target_skip_unavailable=False, cmake_clean_cache=False, cmake_clean_first=False, cmake_force_configure=False, ament_cmake_args=None, catkin_cmake_args=None, catkin_skip_building_tests=False, verb_parser=<colcon_defaults.argument_parser.defaults.DefaultArgumentsDecorator object at 0x7f14a34adf60>, verb_extension=<colcon_core.verb.build.BuildVerb object at 0x7f14a38bf8e0>, main=<bound method BuildVerb.main of <colcon_core.verb.build.BuildVerb object at 0x7f14a38bf8e0>>)
[0.772s] Level 1:colcon.colcon_core.package_discovery:discover_packages(colcon_meta) check parameters
[0.772s] Level 1:colcon.colcon_core.package_discovery:discover_packages(recursive) check parameters
[0.772s] Level 1:colcon.colcon_core.package_discovery:discover_packages(ignore) check parameters
[0.773s] Level 1:colcon.colcon_core.package_discovery:discover_packages(path) check parameters
[0.773s] Level 1:colcon.colcon_core.package_discovery:discover_packages(colcon_meta) discover
[0.773s] Level 1:colcon.colcon_core.package_discovery:discover_packages(recursive) discover
[0.773s] INFO:colcon.colcon_core.package_discovery:Crawling recursively for packages in '/home/elisa/Documents/turtlesim/workspace'
[0.773s] Level 1:colcon.colcon_core.package_identification:_identify(.) by extensions ['ignore', 'ignore_ament_install']
[0.773s] Level 1:colcon.colcon_core.package_identification:_identify(.) by extension 'ignore'
[0.773s] Level 1:colcon.colcon_core.package_identification:_identify(.) by extension 'ignore_ament_install'
[0.773s] Level 1:colcon.colcon_core.package_identification:_identify(.) by extensions ['colcon_pkg']
[0.773s] Level 1:colcon.colcon_core.package_identification:_identify(.) by extension 'colcon_pkg'
[0.773s] Level 1:colcon.colcon_core.package_identification:_identify(.) by extensions ['colcon_meta']
[0.773s] Level 1:colcon.colcon_core.package_identification:_identify(.) by extension 'colcon_meta'
[0.773s] Level 1:colcon.colcon_core.package_identification:_identify(.) by extensions ['ros']
[0.773s] Level 1:colcon.colcon_core.package_identification:_identify(.) by extension 'ros'
[0.782s] Level 1:colcon.colcon_core.package_identification:_identify(.) by extensions ['cmake', 'python']
[0.782s] Level 1:colcon.colcon_core.package_identification:_identify(.) by extension 'cmake'
[0.782s] Level 1:colcon.colcon_core.package_identification:_identify(.) by extension 'python'
[0.782s] Level 1:colcon.colcon_core.package_identification:_identify(.) by extensions ['python_setup_py']
[0.782s] Level 1:colcon.colcon_core.package_identification:_identify(.) by extension 'python_setup_py'
[0.782s] Level 1:colcon.colcon_core.package_identification:_identify(build) by extensions ['ignore', 'ignore_ament_install']
[0.782s] Level 1:colcon.colcon_core.package_identification:_identify(build) by extension 'ignore'
[0.782s] Level 1:colcon.colcon_core.package_identification:_identify(build) ignored
[0.782s] Level 1:colcon.colcon_core.package_identification:_identify(install) by extensions ['ignore', 'ignore_ament_install']
[0.782s] Level 1:colcon.colcon_core.package_identification:_identify(install) by extension 'ignore'
[0.782s] Level 1:colcon.colcon_core.package_identification:_identify(install) ignored
[0.782s] Level 1:colcon.colcon_core.package_identification:_identify(log) by extensions ['ignore', 'ignore_ament_install']
[0.782s] Level 1:colcon.colcon_core.package_identification:_identify(log) by extension 'ignore'
[0.782s] Level 1:colcon.colcon_core.package_identification:_identify(log) ignored
[0.782s] Level 1:colcon.colcon_core.package_identification:_identify(src) by extensions ['ignore', 'ignore_ament_install']
[0.783s] Level 1:colcon.colcon_core.package_identification:_identify(src) by extension 'ignore'
[0.783s] Level 1:colcon.colcon_core.package_identification:_identify(src) by extension 'ignore_ament_install'
[0.783s] Level 1:colcon.colcon_core.package_identification:_identify(src) by extensions ['colcon_pkg']
[0.783s] Level 1:colcon.colcon_core.package_identification:_identify(src) by extension 'colcon_pkg'
[0.783s] Level 1:colcon.colcon_core.package_identification:_identify(src) by extensions ['colcon_meta']
[0.783s] Level 1:colcon.colcon_core.package_identification:_identify(src) by extension 'colcon_meta'
[0.783s] Level 1:colcon.colcon_core.package_identification:_identify(src) by extensions ['ros']
[0.783s] Level 1:colcon.colcon_core.package_identification:_identify(src) by extension 'ros'
[0.783s] Level 1:colcon.colcon_core.package_identification:_identify(src) by extensions ['cmake', 'python']
[0.783s] Level 1:colcon.colcon_core.package_identification:_identify(src) by extension 'cmake'
[0.783s] Level 1:colcon.colcon_core.package_identification:_identify(src) by extension 'python'
[0.783s] Level 1:colcon.colcon_core.package_identification:_identify(src) by extensions ['python_setup_py']
[0.783s] Level 1:colcon.colcon_core.package_identification:_identify(src) by extension 'python_setup_py'
[0.783s] Level 1:colcon.colcon_core.package_identification:_identify(src/my_package) by extensions ['ignore', 'ignore_ament_install']
[0.783s] Level 1:colcon.colcon_core.package_identification:_identify(src/my_package) by extension 'ignore'
[0.783s] Level 1:colcon.colcon_core.package_identification:_identify(src/my_package) by extension 'ignore_ament_install'
[0.783s] Level 1:colcon.colcon_core.package_identification:_identify(src/my_package) by extensions ['colcon_pkg']
[0.783s] Level 1:colcon.colcon_core.package_identification:_identify(src/my_package) by extension 'colcon_pkg'
[0.783s] Level 1:colcon.colcon_core.package_identification:_identify(src/my_package) by extensions ['colcon_meta']
[0.783s] Level 1:colcon.colcon_core.package_identification:_identify(src/my_package) by extension 'colcon_meta'
[0.783s] Level 1:colcon.colcon_core.package_identification:_identify(src/my_package) by extensions ['ros']
[0.783s] Level 1:colcon.colcon_core.package_identification:_identify(src/my_package) by extension 'ros'
[0.785s] DEBUG:colcon.colcon_core.package_identification:Package 'src/my_package' with type 'ros.ament_cmake' and name 'my_package'
[0.785s] Level 1:colcon.colcon_core.package_identification:_identify(src/navigator) by extensions ['ignore', 'ignore_ament_install']
[0.785s] Level 1:colcon.colcon_core.package_identification:_identify(src/navigator) by extension 'ignore'
[0.785s] Level 1:colcon.colcon_core.package_identification:_identify(src/navigator) by extension 'ignore_ament_install'
[0.785s] Level 1:colcon.colcon_core.package_identification:_identify(src/navigator) by extensions ['colcon_pkg']
[0.786s] Level 1:colcon.colcon_core.package_identification:_identify(src/navigator) by extension 'colcon_pkg'
[0.786s] Level 1:colcon.colcon_core.package_identification:_identify(src/navigator) by extensions ['colcon_meta']
[0.786s] Level 1:colcon.colcon_core.package_identification:_identify(src/navigator) by extension 'colcon_meta'
[0.786s] Level 1:colcon.colcon_core.package_identification:_identify(src/navigator) by extensions ['ros']
[0.786s] Level 1:colcon.colcon_core.package_identification:_identify(src/navigator) by extension 'ros'
[0.786s] DEBUG:colcon.colcon_core.package_identification:Package 'src/navigator' with type 'ros.ament_python' and name 'navigator'
[0.786s] Level 1:colcon.colcon_core.package_discovery:discover_packages(recursive) using defaults
[0.786s] Level 1:colcon.colcon_core.package_discovery:discover_packages(ignore) discover
[0.786s] Level 1:colcon.colcon_core.package_discovery:discover_packages(ignore) using defaults
[0.786s] Level 1:colcon.colcon_core.package_discovery:discover_packages(path) discover
[0.786s] Level 1:colcon.colcon_core.package_discovery:discover_packages(path) using defaults
[0.853s] Level 1:colcon.colcon_core.package_discovery:discover_packages(prefix_path) check parameters
[0.853s] Level 1:colcon.colcon_core.package_discovery:discover_packages(prefix_path) discover
[0.874s] DEBUG:colcon.colcon_installed_package_information.package_discovery:Found 2 installed packages in /home/elisa/Documents/turtlesim/workspace/install
[0.886s] DEBUG:colcon.colcon_installed_package_information.package_discovery:Found 387 installed packages in /opt/ros/humble
[0.887s] Level 1:colcon.colcon_core.package_discovery:discover_packages(prefix_path) using defaults
[0.982s] Level 5:colcon.colcon_core.verb:set package 'my_package' build argument 'cmake_args' from command line to 'None'
[0.982s] Level 5:colcon.colcon_core.verb:set package 'my_package' build argument 'cmake_target' from command line to 'None'
[0.982s] Level 5:colcon.colcon_core.verb:set package 'my_package' build argument 'cmake_target_skip_unavailable' from command line to 'False'
[0.982s] Level 5:colcon.colcon_core.verb:set package 'my_package' build argument 'cmake_clean_cache' from command line to 'False'
[0.982s] Level 5:colcon.colcon_core.verb:set package 'my_package' build argument 'cmake_clean_first' from command line to 'False'
[0.982s] Level 5:colcon.colcon_core.verb:set package 'my_package' build argument 'cmake_force_configure' from command line to 'False'
[0.982s] Level 5:colcon.colcon_core.verb:set package 'my_package' build argument 'ament_cmake_args' from command line to 'None'
[0.982s] Level 5:colcon.colcon_core.verb:set package 'my_package' build argument 'catkin_cmake_args' from command line to 'None'
[0.982s] Level 5:colcon.colcon_core.verb:set package 'my_package' build argument 'catkin_skip_building_tests' from command line to 'False'
[0.982s] DEBUG:colcon.colcon_core.verb:Building package 'my_package' with the following arguments: {'ament_cmake_args': None, 'build_base': '/home/elisa/Documents/turtlesim/workspace/build/my_package', 'catkin_cmake_args': None, 'catkin_skip_building_tests': False, 'cmake_args': None, 'cmake_clean_cache': False, 'cmake_clean_first': False, 'cmake_force_configure': False, 'cmake_target': None, 'cmake_target_skip_unavailable': False, 'install_base': '/home/elisa/Documents/turtlesim/workspace/install/my_package', 'merge_install': False, 'path': '/home/elisa/Documents/turtlesim/workspace/src/my_package', 'symlink_install': False, 'test_result_base': None}
[0.994s] Level 5:colcon.colcon_core.verb:set package 'navigator' build argument 'cmake_args' from command line to 'None'
[0.994s] Level 5:colcon.colcon_core.verb:set package 'navigator' build argument 'cmake_target' from command line to 'None'
[0.994s] Level 5:colcon.colcon_core.verb:set package 'navigator' build argument 'cmake_target_skip_unavailable' from command line to 'False'
[0.994s] Level 5:colcon.colcon_core.verb:set package 'navigator' build argument 'cmake_clean_cache' from command line to 'False'
[0.994s] Level 5:colcon.colcon_core.verb:set package 'navigator' build argument 'cmake_clean_first' from command line to 'False'
[0.994s] Level 5:colcon.colcon_core.verb:set package 'navigator' build argument 'cmake_force_configure' from command line to 'False'
[0.994s] Level 5:colcon.colcon_core.verb:set package 'navigator' build argument 'ament_cmake_args' from command line to 'None'
[0.994s] Level 5:colcon.colcon_core.verb:set package 'navigator' build argument 'catkin_cmake_args' from command line to 'None'
[0.994s] Level 5:colcon.colcon_core.verb:set package 'navigator' build argument 'catkin_skip_building_tests' from command line to 'False'
[0.994s] DEBUG:colcon.colcon_core.verb:Building package 'navigator' with the following arguments: {'ament_cmake_args': None, 'build_base': '/home/elisa/Documents/turtlesim/workspace/build/navigator', 'catkin_cmake_args': None, 'catkin_skip_building_tests': False, 'cmake_args': None, 'cmake_clean_cache': False, 'cmake_clean_first': False, 'cmake_force_configure': False, 'cmake_target': None, 'cmake_target_skip_unavailable': False, 'install_base': '/home/elisa/Documents/turtlesim/workspace/install/navigator', 'merge_install': False, 'path': '/home/elisa/Documents/turtlesim/workspace/src/navigator', 'symlink_install': False, 'test_result_base': None}
[1.005s] INFO:colcon.colcon_core.executor:Executing jobs using 'parallel' executor
[1.018s] DEBUG:colcon.colcon_parallel_executor.executor.parallel:run_until_complete
[1.018s] INFO:colcon.colcon_ros.task.ament_cmake.build:Building ROS package in '/home/elisa/Documents/turtlesim/workspace/src/my_package' with build type 'ament_cmake'
[1.019s] INFO:colcon.colcon_cmake.task.cmake.build:Building CMake package in '/home/elisa/Documents/turtlesim/workspace/src/my_package'
[1.033s] INFO:colcon.colcon_core.plugin_system:Skipping extension 'colcon_core.shell.bat': Not used on non-Windows systems
[1.033s] INFO:colcon.colcon_core.shell:Skip shell extension 'powershell' for command environment: Not usable outside of PowerShell
[1.033s] DEBUG:colcon.colcon_core.shell:Skip shell extension 'dsv' for command environment
[1.070s] INFO:colcon.colcon_ros.task.ament_python.build:Building ROS package in '/home/elisa/Documents/turtlesim/workspace/src/navigator' with build type 'ament_python'
[1.071s] Level 1:colcon.colcon_core.shell:create_environment_hook('navigator', 'ament_prefix_path')
[1.083s] INFO:colcon.colcon_core.shell:Creating environment hook '/home/elisa/Documents/turtlesim/workspace/install/navigator/share/navigator/hook/ament_prefix_path.ps1'
[1.083s] INFO:colcon.colcon_core.shell:Creating environment descriptor '/home/elisa/Documents/turtlesim/workspace/install/navigator/share/navigator/hook/ament_prefix_path.dsv'
[1.084s] INFO:colcon.colcon_core.shell:Creating environment hook '/home/elisa/Documents/turtlesim/workspace/install/navigator/share/navigator/hook/ament_prefix_path.sh'
[1.096s] INFO:colcon.colcon_core.shell:Skip shell extension 'powershell' for command environment: Not usable outside of PowerShell
[1.096s] DEBUG:colcon.colcon_core.shell:Skip shell extension 'dsv' for command environment
[1.138s] DEBUG:colcon.colcon_core.event_handler.log_command:Invoking command in '/home/elisa/Documents/turtlesim/workspace/build/my_package': CMAKE_PREFIX_PATH=${CMAKE_PREFIX_PATH}:/home/elisa/Documents/turtlesim/workspace/install/navigator:/opt/ros/humble /usr/bin/cmake --build /home/elisa/Documents/turtlesim/workspace/build/my_package -- -j8 -l8
[1.349s] INFO:colcon.colcon_core.task.python.build:Building Python package in '/home/elisa/Documents/turtlesim/workspace/src/navigator'
[1.360s] INFO:colcon.colcon_core.shell:Skip shell extension 'powershell' for command environment: Not usable outside of PowerShell
[1.360s] DEBUG:colcon.colcon_core.shell:Skip shell extension 'dsv' for command environment
[1.395s] DEBUG:colcon.colcon_core.event_handler.log_command:Invoked command in '/home/elisa/Documents/turtlesim/workspace/build/my_package' returned '0': CMAKE_PREFIX_PATH=${CMAKE_PREFIX_PATH}:/home/elisa/Documents/turtlesim/workspace/install/navigator:/opt/ros/humble /usr/bin/cmake --build /home/elisa/Documents/turtlesim/workspace/build/my_package -- -j8 -l8
[1.424s] DEBUG:colcon.colcon_core.event_handler.log_command:Invoking command in '/home/elisa/Documents/turtlesim/workspace/build/my_package': CMAKE_PREFIX_PATH=${CMAKE_PREFIX_PATH}:/home/elisa/Documents/turtlesim/workspace/install/navigator:/opt/ros/humble /usr/bin/cmake --install /home/elisa/Documents/turtlesim/workspace/build/my_package
[1.433s] Level 1:colcon.colcon_core.environment:create_environment_scripts_only(my_package)
[1.434s] DEBUG:colcon.colcon_core.event_handler.log_command:Invoked command in '/home/elisa/Documents/turtlesim/workspace/build/my_package' returned '0': CMAKE_PREFIX_PATH=${CMAKE_PREFIX_PATH}:/home/elisa/Documents/turtlesim/workspace/install/navigator:/opt/ros/humble /usr/bin/cmake --install /home/elisa/Documents/turtlesim/workspace/build/my_package
[1.450s] Level 1:colcon.colcon_core.environment:checking '/home/elisa/Documents/turtlesim/workspace/install/my_package' for CMake module files
[1.451s] Level 1:colcon.colcon_core.environment:checking '/home/elisa/Documents/turtlesim/workspace/install/my_package' for CMake config files
[1.451s] Level 1:colcon.colcon_core.shell:create_environment_hook('my_package', 'cmake_prefix_path')
[1.465s] INFO:colcon.colcon_core.shell:Creating environment hook '/home/elisa/Documents/turtlesim/workspace/install/my_package/share/my_package/hook/cmake_prefix_path.ps1'
[1.466s] INFO:colcon.colcon_core.shell:Creating environment descriptor '/home/elisa/Documents/turtlesim/workspace/install/my_package/share/my_package/hook/cmake_prefix_path.dsv'
[1.466s] INFO:colcon.colcon_core.shell:Creating environment hook '/home/elisa/Documents/turtlesim/workspace/install/my_package/share/my_package/hook/cmake_prefix_path.sh'
[1.467s] Level 1:colcon.colcon_core.environment:checking '/home/elisa/Documents/turtlesim/workspace/install/my_package/lib'
[1.467s] Level 1:colcon.colcon_core.environment:checking '/home/elisa/Documents/turtlesim/workspace/install/my_package/bin'
[1.467s] Level 1:colcon.colcon_core.environment:checking '/home/elisa/Documents/turtlesim/workspace/install/my_package/lib/pkgconfig/my_package.pc'
[1.467s] Level 1:colcon.colcon_core.environment:checking '/home/elisa/Documents/turtlesim/workspace/install/my_package/lib/python3.10/site-packages'
[1.467s] Level 1:colcon.colcon_core.environment:checking '/home/elisa/Documents/turtlesim/workspace/install/my_package/bin'
[1.478s] INFO:colcon.colcon_core.shell:Creating package script '/home/elisa/Documents/turtlesim/workspace/install/my_package/share/my_package/package.ps1'
[1.479s] INFO:colcon.colcon_core.shell:Creating package descriptor '/home/elisa/Documents/turtlesim/workspace/install/my_package/share/my_package/package.dsv'
[1.479s] INFO:colcon.colcon_core.shell:Creating package script '/home/elisa/Documents/turtlesim/workspace/install/my_package/share/my_package/package.sh'
[1.480s] INFO:colcon.colcon_core.shell:Creating package script '/home/elisa/Documents/turtlesim/workspace/install/my_package/share/my_package/package.bash'
[1.481s] INFO:colcon.colcon_core.shell:Creating package script '/home/elisa/Documents/turtlesim/workspace/install/my_package/share/my_package/package.zsh'
[1.482s] Level 1:colcon.colcon_core.environment:create_file_with_runtime_dependencies(/home/elisa/Documents/turtlesim/workspace/install/my_package/share/colcon-core/packages/my_package)
[1.515s] Level 1:colcon.colcon_core.environment:create_environment_scripts_only(my_package)
[1.529s] Level 1:colcon.colcon_core.environment:checking '/home/elisa/Documents/turtlesim/workspace/install/my_package' for CMake module files
[1.529s] Level 1:colcon.colcon_core.environment:checking '/home/elisa/Documents/turtlesim/workspace/install/my_package' for CMake config files
[1.530s] Level 1:colcon.colcon_core.shell:create_environment_hook('my_package', 'cmake_prefix_path')
[1.544s] INFO:colcon.colcon_core.shell:Creating environment hook '/home/elisa/Documents/turtlesim/workspace/install/my_package/share/my_package/hook/cmake_prefix_path.ps1'
[1.544s] INFO:colcon.colcon_core.shell:Creating environment descriptor '/home/elisa/Documents/turtlesim/workspace/install/my_package/share/my_package/hook/cmake_prefix_path.dsv'
[1.545s] INFO:colcon.colcon_core.shell:Creating environment hook '/home/elisa/Documents/turtlesim/workspace/install/my_package/share/my_package/hook/cmake_prefix_path.sh'
[1.545s] Level 1:colcon.colcon_core.environment:checking '/home/elisa/Documents/turtlesim/workspace/install/my_package/lib'
[1.545s] Level 1:colcon.colcon_core.environment:checking '/home/elisa/Documents/turtlesim/workspace/install/my_package/bin'
[1.545s] Level 1:colcon.colcon_core.environment:checking '/home/elisa/Documents/turtlesim/workspace/install/my_package/lib/pkgconfig/my_package.pc'
[1.546s] Level 1:colcon.colcon_core.environment:checking '/home/elisa/Documents/turtlesim/workspace/install/my_package/lib/python3.10/site-packages'
[1.546s] Level 1:colcon.colcon_core.environment:checking '/home/elisa/Documents/turtlesim/workspace/install/my_package/bin'
[1.559s] INFO:colcon.colcon_core.shell:Creating package script '/home/elisa/Documents/turtlesim/workspace/install/my_package/share/my_package/package.ps1'
[1.560s] INFO:colcon.colcon_core.shell:Creating package descriptor '/home/elisa/Documents/turtlesim/workspace/install/my_package/share/my_package/package.dsv'
[1.561s] INFO:colcon.colcon_core.shell:Creating package script '/home/elisa/Documents/turtlesim/workspace/install/my_package/share/my_package/package.sh'
[1.561s] INFO:colcon.colcon_core.shell:Creating package script '/home/elisa/Documents/turtlesim/workspace/install/my_package/share/my_package/package.bash'
[1.562s] INFO:colcon.colcon_core.shell:Creating package script '/home/elisa/Documents/turtlesim/workspace/install/my_package/share/my_package/package.zsh'
[1.562s] Level 1:colcon.colcon_core.environment:create_file_with_runtime_dependencies(/home/elisa/Documents/turtlesim/workspace/install/my_package/share/colcon-core/packages/my_package)
[1.717s] DEBUG:colcon.colcon_core.event_handler.log_command:Invoking command in '/home/elisa/Documents/turtlesim/workspace/src/navigator': PYTHONPATH=/home/elisa/Documents/turtlesim/workspace/build/navigator/prefix_override:/home/elisa/Documents/turtlesim/workspace/install/navigator/lib/python3.10/site-packages:${PYTHONPATH} /usr/bin/python3 setup.py egg_info --egg-base ../../build/navigator build --build-base /home/elisa/Documents/turtlesim/workspace/build/navigator/build install --record /home/elisa/Documents/turtlesim/workspace/build/navigator/install.log --single-version-externally-managed
[2.014s] DEBUG:colcon.colcon_core.event_handler.log_command:Invoked command in '/home/elisa/Documents/turtlesim/workspace/src/navigator' returned '0': PYTHONPATH=/home/elisa/Documents/turtlesim/workspace/build/navigator/prefix_override:/home/elisa/Documents/turtlesim/workspace/install/navigator/lib/python3.10/site-packages:${PYTHONPATH} /usr/bin/python3 setup.py egg_info --egg-base ../../build/navigator build --build-base /home/elisa/Documents/turtlesim/workspace/build/navigator/build install --record /home/elisa/Documents/turtlesim/workspace/build/navigator/install.log --single-version-externally-managed
[2.025s] Level 1:colcon.colcon_core.environment:checking '/home/elisa/Documents/turtlesim/workspace/install/navigator' for CMake module files
[2.025s] Level 1:colcon.colcon_core.environment:checking '/home/elisa/Documents/turtlesim/workspace/install/navigator' for CMake config files
[2.026s] Level 1:colcon.colcon_core.environment:checking '/home/elisa/Documents/turtlesim/workspace/install/navigator/lib'
[2.026s] Level 1:colcon.colcon_core.environment:checking '/home/elisa/Documents/turtlesim/workspace/install/navigator/bin'
[2.026s] Level 1:colcon.colcon_core.environment:checking '/home/elisa/Documents/turtlesim/workspace/install/navigator/lib/pkgconfig/navigator.pc'
[2.026s] Level 1:colcon.colcon_core.environment:checking '/home/elisa/Documents/turtlesim/workspace/install/navigator/lib/python3.10/site-packages'
[2.026s] Level 1:colcon.colcon_core.shell:create_environment_hook('navigator', 'pythonpath')
[2.037s] INFO:colcon.colcon_core.shell:Creating environment hook '/home/elisa/Documents/turtlesim/workspace/install/navigator/share/navigator/hook/pythonpath.ps1'
[2.038s] INFO:colcon.colcon_core.shell:Creating environment descriptor '/home/elisa/Documents/turtlesim/workspace/install/navigator/share/navigator/hook/pythonpath.dsv'
[2.038s] INFO:colcon.colcon_core.shell:Creating environment hook '/home/elisa/Documents/turtlesim/workspace/install/navigator/share/navigator/hook/pythonpath.sh'
[2.039s] Level 1:colcon.colcon_core.environment:checking '/home/elisa/Documents/turtlesim/workspace/install/navigator/bin'
[2.039s] Level 1:colcon.colcon_core.environment:create_environment_scripts_only(navigator)
[2.049s] INFO:colcon.colcon_core.shell:Creating package script '/home/elisa/Documents/turtlesim/workspace/install/navigator/share/navigator/package.ps1'
[2.050s] INFO:colcon.colcon_core.shell:Creating package descriptor '/home/elisa/Documents/turtlesim/workspace/install/navigator/share/navigator/package.dsv'
[2.050s] INFO:colcon.colcon_core.shell:Creating package script '/home/elisa/Documents/turtlesim/workspace/install/navigator/share/navigator/package.sh'
[2.050s] INFO:colcon.colcon_core.shell:Creating package script '/home/elisa/Documents/turtlesim/workspace/install/navigator/share/navigator/package.bash'
[2.051s] INFO:colcon.colcon_core.shell:Creating package script '/home/elisa/Documents/turtlesim/workspace/install/navigator/share/navigator/package.zsh'
[2.051s] Level 1:colcon.colcon_core.environment:create_file_with_runtime_dependencies(/home/elisa/Documents/turtlesim/workspace/install/navigator/share/colcon-core/packages/navigator)
[2.051s] DEBUG:colcon.colcon_parallel_executor.executor.parallel:closing loop
[2.051s] DEBUG:colcon.colcon_parallel_executor.executor.parallel:loop closed
[2.052s] DEBUG:colcon.colcon_parallel_executor.executor.parallel:run_until_complete finished with '0'
[2.052s] DEBUG:colcon.colcon_core.event_reactor:joining thread
[2.069s] INFO:colcon.colcon_core.plugin_system:Skipping extension 'colcon_notification.desktop_notification.terminal_notifier': Not used on non-Darwin systems
[2.069s] INFO:colcon.colcon_core.plugin_system:Skipping extension 'colcon_notification.desktop_notification.win32': Not used on non-Windows systems
[2.069s] INFO:colcon.colcon_notification.desktop_notification:Sending desktop notification using 'notify2'
[2.080s] DEBUG:colcon.colcon_core.event_reactor:joined thread
[2.091s] INFO:colcon.colcon_core.shell:Creating prefix script '/home/elisa/Documents/turtlesim/workspace/install/local_setup.ps1'
[2.092s] INFO:colcon.colcon_core.shell:Creating prefix util module '/home/elisa/Documents/turtlesim/workspace/install/_local_setup_util_ps1.py'
[2.093s] INFO:colcon.colcon_core.shell:Creating prefix chain script '/home/elisa/Documents/turtlesim/workspace/install/setup.ps1'
[2.107s] INFO:colcon.colcon_core.shell:Creating prefix script '/home/elisa/Documents/turtlesim/workspace/install/local_setup.sh'
[2.107s] INFO:colcon.colcon_core.shell:Creating prefix util module '/home/elisa/Documents/turtlesim/workspace/install/_local_setup_util_sh.py'
[2.108s] INFO:colcon.colcon_core.shell:Creating prefix chain script '/home/elisa/Documents/turtlesim/workspace/install/setup.sh'
[2.120s] INFO:colcon.colcon_core.shell:Creating prefix script '/home/elisa/Documents/turtlesim/workspace/install/local_setup.bash'
[2.121s] INFO:colcon.colcon_core.shell:Creating prefix chain script '/home/elisa/Documents/turtlesim/workspace/install/setup.bash'
[2.134s] INFO:colcon.colcon_core.shell:Creating prefix script '/home/elisa/Documents/turtlesim/workspace/install/local_setup.zsh'
[2.134s] INFO:colcon.colcon_core.shell:Creating prefix chain script '/home/elisa/Documents/turtlesim/workspace/install/setup.zsh'
