[0.128s] Invoking command in '/home/elisa/Documents/turtlesim/workspace/build/my_package': CMAKE_PREFIX_PATH=/opt/ros/humble /usr/bin/cmake /home/elisa/Documents/turtlesim/workspace/src/my_package -DCMAKE_INSTALL_PREFIX=/home/elisa/Documents/turtlesim/workspace/install/my_package
[0.526s] -- The C compiler identification is GNU 11.4.0
[0.830s] -- The CXX compiler identification is GNU 11.4.0
[0.844s] -- Detecting C compiler ABI info
[0.943s] -- Detecting C compiler ABI info - done
[0.948s] -- Check for working C compiler: /usr/bin/cc - skipped
[0.950s] -- Detecting C compile features
[0.951s] -- Detecting C compile features - done
[0.956s] -- Detecting CXX compiler ABI info
[1.038s] -- Detecting CXX compiler ABI info - done
[1.046s] -- Check for working CXX compiler: /usr/bin/c++ - skipped
[1.046s] -- Detecting CXX compile features
[1.046s] -- Detecting CXX compile features - done
[1.054s] -- Found ament_cmake: 1.3.5 (/opt/ros/humble/share/ament_cmake/cmake)
[1.203s] -- Found Python3: /usr/bin/python3.10 (found version "3.10.12") found components: Interpreter 
[1.310s] -- Found ament_lint_auto: 0.12.8 (/opt/ros/humble/share/ament_lint_auto/cmake)
[1.389s] -- Added test 'cppcheck' to perform static code analysis on C / C++ code
[1.389s] -- Configured cppcheck include dirs: $<BUILD_INTERFACE:/home/elisa/Documents/turtlesim/workspace/src/my_package/include>
[1.389s] -- Configured cppcheck exclude dirs and/or files: 
[1.391s] -- Added test 'lint_cmake' to check CMake code style
[1.392s] -- Added test 'uncrustify' to check C / C++ code style
[1.392s] -- Configured uncrustify additional arguments: 
[1.393s] -- Added test 'xmllint' to check XML markup files
[1.394s] -- Configuring done
[1.397s] -- Generating done
[1.398s] -- Build files have been written to: /home/elisa/Documents/turtlesim/workspace/build/my_package
[1.403s] Invoked command in '/home/elisa/Documents/turtlesim/workspace/build/my_package' returned '0': CMAKE_PREFIX_PATH=/opt/ros/humble /usr/bin/cmake /home/elisa/Documents/turtlesim/workspace/src/my_package -DCMAKE_INSTALL_PREFIX=/home/elisa/Documents/turtlesim/workspace/install/my_package
[1.405s] Invoking command in '/home/elisa/Documents/turtlesim/workspace/build/my_package': CMAKE_PREFIX_PATH=/opt/ros/humble /usr/bin/cmake --build /home/elisa/Documents/turtlesim/workspace/build/my_package -- -j8 -l8
[1.449s] [ 50%] [32mBuilding CXX object CMakeFiles/my_node.dir/src/my_node.cpp.o[0m
[1.504s] [100%] [32m[1mLinking CXX executable my_node[0m
[1.544s] [100%] Built target my_node
[1.554s] Invoked command in '/home/elisa/Documents/turtlesim/workspace/build/my_package' returned '0': CMAKE_PREFIX_PATH=/opt/ros/humble /usr/bin/cmake --build /home/elisa/Documents/turtlesim/workspace/build/my_package -- -j8 -l8
[1.583s] Invoking command in '/home/elisa/Documents/turtlesim/workspace/build/my_package': CMAKE_PREFIX_PATH=/opt/ros/humble /usr/bin/cmake --install /home/elisa/Documents/turtlesim/workspace/build/my_package
[1.588s] -- Install configuration: ""
[1.589s] -- Installing: /home/elisa/Documents/turtlesim/workspace/install/my_package/lib/my_package/my_node
[1.589s] -- Installing: /home/elisa/Documents/turtlesim/workspace/install/my_package/share/ament_index/resource_index/package_run_dependencies/my_package
[1.589s] -- Installing: /home/elisa/Documents/turtlesim/workspace/install/my_package/share/ament_index/resource_index/parent_prefix_path/my_package
[1.589s] -- Installing: /home/elisa/Documents/turtlesim/workspace/install/my_package/share/my_package/environment/ament_prefix_path.sh
[1.589s] -- Installing: /home/elisa/Documents/turtlesim/workspace/install/my_package/share/my_package/environment/ament_prefix_path.dsv
[1.589s] -- Installing: /home/elisa/Documents/turtlesim/workspace/install/my_package/share/my_package/environment/path.sh
[1.589s] -- Installing: /home/elisa/Documents/turtlesim/workspace/install/my_package/share/my_package/environment/path.dsv
[1.590s] -- Installing: /home/elisa/Documents/turtlesim/workspace/install/my_package/share/my_package/local_setup.bash
[1.590s] -- Installing: /home/elisa/Documents/turtlesim/workspace/install/my_package/share/my_package/local_setup.sh
[1.590s] -- Installing: /home/elisa/Documents/turtlesim/workspace/install/my_package/share/my_package/local_setup.zsh
[1.590s] -- Installing: /home/elisa/Documents/turtlesim/workspace/install/my_package/share/my_package/local_setup.dsv
[1.590s] -- Installing: /home/elisa/Documents/turtlesim/workspace/install/my_package/share/my_package/package.dsv
[1.590s] -- Installing: /home/elisa/Documents/turtlesim/workspace/install/my_package/share/ament_index/resource_index/packages/my_package
[1.590s] -- Installing: /home/elisa/Documents/turtlesim/workspace/install/my_package/share/my_package/cmake/my_packageConfig.cmake
[1.590s] -- Installing: /home/elisa/Documents/turtlesim/workspace/install/my_package/share/my_package/cmake/my_packageConfig-version.cmake
[1.591s] -- Installing: /home/elisa/Documents/turtlesim/workspace/install/my_package/share/my_package/package.xml
[1.593s] Invoked command in '/home/elisa/Documents/turtlesim/workspace/build/my_package' returned '0': CMAKE_PREFIX_PATH=/opt/ros/humble /usr/bin/cmake --install /home/elisa/Documents/turtlesim/workspace/build/my_package
