[0.450s] Invoking command in '/home/elisa/grupo4/src/bridge/nav_workspace/src/navigator': PYTHONPATH=/home/elisa/grupo4/src/bridge/nav_workspace/build/navigator/prefix_override:/home/elisa/grupo4/src/bridge/nav_workspace/install/navigator/lib/python3.10/site-packages:${PYTHONPATH} /usr/bin/python3 setup.py egg_info --egg-base ../../build/navigator build --build-base /home/elisa/grupo4/src/bridge/nav_workspace/build/navigator/build install --record /home/elisa/grupo4/src/bridge/nav_workspace/build/navigator/install.log --single-version-externally-managed
[0.593s] running egg_info
[0.593s] writing ../../build/navigator/navigator.egg-info/PKG-INFO
[0.594s] writing dependency_links to ../../build/navigator/navigator.egg-info/dependency_links.txt
[0.594s] writing entry points to ../../build/navigator/navigator.egg-info/entry_points.txt
[0.594s] writing requirements to ../../build/navigator/navigator.egg-info/requires.txt
[0.594s] writing top-level names to ../../build/navigator/navigator.egg-info/top_level.txt
[0.596s] reading manifest file '../../build/navigator/navigator.egg-info/SOURCES.txt'
[0.596s] writing manifest file '../../build/navigator/navigator.egg-info/SOURCES.txt'
[0.597s] running build
[0.597s] running build_py
[0.597s] running install
[0.597s] /usr/lib/python3/dist-packages/setuptools/command/install.py:34: SetuptoolsDeprecationWarning: setup.py install is deprecated. Use build and pip and other standards-based tools.
[0.597s]   warnings.warn(
[0.597s] running install_lib
[0.598s] running install_data
[0.599s] running install_egg_info
[0.600s] removing '/home/elisa/grupo4/src/bridge/nav_workspace/install/navigator/lib/python3.10/site-packages/navigator-0.0.0-py3.10.egg-info' (and everything under it)
[0.601s] Copying ../../build/navigator/navigator.egg-info to /home/elisa/grupo4/src/bridge/nav_workspace/install/navigator/lib/python3.10/site-packages/navigator-0.0.0-py3.10.egg-info
[0.601s] running install_scripts
[0.614s] Installing chatbot script to /home/elisa/grupo4/src/bridge/nav_workspace/install/navigator/lib/navigator
[0.615s] Installing coordinatesChatbot script to /home/elisa/grupo4/src/bridge/nav_workspace/install/navigator/lib/navigator
[0.615s] Installing init_pose script to /home/elisa/grupo4/src/bridge/nav_workspace/install/navigator/lib/navigator
[0.615s] Installing queue script to /home/elisa/grupo4/src/bridge/nav_workspace/install/navigator/lib/navigator
[0.615s] Installing vallet script to /home/elisa/grupo4/src/bridge/nav_workspace/install/navigator/lib/navigator
[0.615s] writing list of installed files to '/home/elisa/grupo4/src/bridge/nav_workspace/build/navigator/install.log'
[0.633s] Invoked command in '/home/elisa/grupo4/src/bridge/nav_workspace/src/navigator' returned '0': PYTHONPATH=/home/elisa/grupo4/src/bridge/nav_workspace/build/navigator/prefix_override:/home/elisa/grupo4/src/bridge/nav_workspace/install/navigator/lib/python3.10/site-packages:${PYTHONPATH} /usr/bin/python3 setup.py egg_info --egg-base ../../build/navigator build --build-base /home/elisa/grupo4/src/bridge/nav_workspace/build/navigator/build install --record /home/elisa/grupo4/src/bridge/nav_workspace/build/navigator/install.log --single-version-externally-managed
