running egg_info
writing ../../build/navigator/navigator.egg-info/PKG-INFO
writing dependency_links to ../../build/navigator/navigator.egg-info/dependency_links.txt
writing entry points to ../../build/navigator/navigator.egg-info/entry_points.txt
writing requirements to ../../build/navigator/navigator.egg-info/requires.txt
writing top-level names to ../../build/navigator/navigator.egg-info/top_level.txt
reading manifest file '../../build/navigator/navigator.egg-info/SOURCES.txt'
writing manifest file '../../build/navigator/navigator.egg-info/SOURCES.txt'
running build
running build_py
copying navigator/poseQueue.py -> /home/elisa/grupo4/src/nav_workspace/build/navigator/build/lib/navigator
copying navigator/chatbot.py -> /home/elisa/grupo4/src/nav_workspace/build/navigator/build/lib/navigator
copying navigator/vallet.py -> /home/elisa/grupo4/src/nav_workspace/build/navigator/build/lib/navigator
running install
/usr/lib/python3/dist-packages/setuptools/command/install.py:34: SetuptoolsDeprecationWarning: setup.py install is deprecated. Use build and pip and other standards-based tools.
  warnings.warn(
running install_lib
copying /home/elisa/grupo4/src/nav_workspace/build/navigator/build/lib/navigator/poseQueue.py -> /home/elisa/grupo4/src/nav_workspace/install/navigator/lib/python3.10/site-packages/navigator
copying /home/elisa/grupo4/src/nav_workspace/build/navigator/build/lib/navigator/chatbot.py -> /home/elisa/grupo4/src/nav_workspace/install/navigator/lib/python3.10/site-packages/navigator
copying /home/elisa/grupo4/src/nav_workspace/build/navigator/build/lib/navigator/vallet.py -> /home/elisa/grupo4/src/nav_workspace/install/navigator/lib/python3.10/site-packages/navigator
byte-compiling /home/elisa/grupo4/src/nav_workspace/install/navigator/lib/python3.10/site-packages/navigator/poseQueue.py to poseQueue.cpython-310.pyc
byte-compiling /home/elisa/grupo4/src/nav_workspace/install/navigator/lib/python3.10/site-packages/navigator/chatbot.py to chatbot.cpython-310.pyc
byte-compiling /home/elisa/grupo4/src/nav_workspace/install/navigator/lib/python3.10/site-packages/navigator/vallet.py to vallet.cpython-310.pyc
running install_data
copying launch/navigator_launch.py -> /home/elisa/grupo4/src/nav_workspace/install/navigator/share/navigator/launch
running install_egg_info
removing '/home/elisa/grupo4/src/nav_workspace/install/navigator/lib/python3.10/site-packages/navigator-0.0.0-py3.10.egg-info' (and everything under it)
Copying ../../build/navigator/navigator.egg-info to /home/elisa/grupo4/src/nav_workspace/install/navigator/lib/python3.10/site-packages/navigator-0.0.0-py3.10.egg-info
running install_scripts
Installing chatbot script to /home/elisa/grupo4/src/nav_workspace/install/navigator/lib/navigator
Installing init_pose script to /home/elisa/grupo4/src/nav_workspace/install/navigator/lib/navigator
Installing queue script to /home/elisa/grupo4/src/nav_workspace/install/navigator/lib/navigator
Installing vallet script to /home/elisa/grupo4/src/nav_workspace/install/navigator/lib/navigator
writing list of installed files to '/home/elisa/grupo4/src/nav_workspace/build/navigator/install.log'
