[0.724s] Invoking command in '/home/elisa/grupo4/src/nav_workspace/src/navigator': PYTHONPATH=/home/elisa/grupo4/src/nav_workspace/build/navigator/prefix_override:/home/elisa/grupo4/src/nav_workspace/install/navigator/lib/python3.10/site-packages:${PYTHONPATH} /usr/bin/python3 setup.py egg_info --egg-base ../../build/navigator build --build-base /home/elisa/grupo4/src/nav_workspace/build/navigator/build install --record /home/elisa/grupo4/src/nav_workspace/build/navigator/install.log --single-version-externally-managed
[0.877s] running egg_info
[0.878s] writing ../../build/navigator/navigator.egg-info/PKG-INFO
[0.878s] writing dependency_links to ../../build/navigator/navigator.egg-info/dependency_links.txt
[0.878s] writing entry points to ../../build/navigator/navigator.egg-info/entry_points.txt
[0.878s] writing requirements to ../../build/navigator/navigator.egg-info/requires.txt
[0.878s] writing top-level names to ../../build/navigator/navigator.egg-info/top_level.txt
[0.880s] reading manifest file '../../build/navigator/navigator.egg-info/SOURCES.txt'
[0.882s] writing manifest file '../../build/navigator/navigator.egg-info/SOURCES.txt'
[0.882s] running build
[0.882s] running build_py
[0.882s] copying navigator/poseQueue.py -> /home/elisa/grupo4/src/nav_workspace/build/navigator/build/lib/navigator
[0.883s] copying navigator/chatbot.py -> /home/elisa/grupo4/src/nav_workspace/build/navigator/build/lib/navigator
[0.883s] copying navigator/vallet.py -> /home/elisa/grupo4/src/nav_workspace/build/navigator/build/lib/navigator
[0.883s] running install
[0.883s] /usr/lib/python3/dist-packages/setuptools/command/install.py:34: SetuptoolsDeprecationWarning: setup.py install is deprecated. Use build and pip and other standards-based tools.
[0.883s]   warnings.warn(
[0.884s] running install_lib
[0.884s] copying /home/elisa/grupo4/src/nav_workspace/build/navigator/build/lib/navigator/poseQueue.py -> /home/elisa/grupo4/src/nav_workspace/install/navigator/lib/python3.10/site-packages/navigator
[0.885s] copying /home/elisa/grupo4/src/nav_workspace/build/navigator/build/lib/navigator/chatbot.py -> /home/elisa/grupo4/src/nav_workspace/install/navigator/lib/python3.10/site-packages/navigator
[0.885s] copying /home/elisa/grupo4/src/nav_workspace/build/navigator/build/lib/navigator/vallet.py -> /home/elisa/grupo4/src/nav_workspace/install/navigator/lib/python3.10/site-packages/navigator
[0.885s] byte-compiling /home/elisa/grupo4/src/nav_workspace/install/navigator/lib/python3.10/site-packages/navigator/poseQueue.py to poseQueue.cpython-310.pyc
[0.885s] byte-compiling /home/elisa/grupo4/src/nav_workspace/install/navigator/lib/python3.10/site-packages/navigator/chatbot.py to chatbot.cpython-310.pyc
[0.886s] byte-compiling /home/elisa/grupo4/src/nav_workspace/install/navigator/lib/python3.10/site-packages/navigator/vallet.py to vallet.cpython-310.pyc
[0.886s] running install_data
[0.887s] copying launch/navigator_launch.py -> /home/elisa/grupo4/src/nav_workspace/install/navigator/share/navigator/launch
[0.887s] running install_egg_info
[0.889s] removing '/home/elisa/grupo4/src/nav_workspace/install/navigator/lib/python3.10/site-packages/navigator-0.0.0-py3.10.egg-info' (and everything under it)
[0.889s] Copying ../../build/navigator/navigator.egg-info to /home/elisa/grupo4/src/nav_workspace/install/navigator/lib/python3.10/site-packages/navigator-0.0.0-py3.10.egg-info
[0.890s] running install_scripts
[0.904s] Installing chatbot script to /home/elisa/grupo4/src/nav_workspace/install/navigator/lib/navigator
[0.904s] Installing init_pose script to /home/elisa/grupo4/src/nav_workspace/install/navigator/lib/navigator
[0.904s] Installing queue script to /home/elisa/grupo4/src/nav_workspace/install/navigator/lib/navigator
[0.904s] Installing vallet script to /home/elisa/grupo4/src/nav_workspace/install/navigator/lib/navigator
[0.904s] writing list of installed files to '/home/elisa/grupo4/src/nav_workspace/build/navigator/install.log'
[0.925s] Invoked command in '/home/elisa/grupo4/src/nav_workspace/src/navigator' returned '0': PYTHONPATH=/home/elisa/grupo4/src/nav_workspace/build/navigator/prefix_override:/home/elisa/grupo4/src/nav_workspace/install/navigator/lib/python3.10/site-packages:${PYTHONPATH} /usr/bin/python3 setup.py egg_info --egg-base ../../build/navigator build --build-base /home/elisa/grupo4/src/nav_workspace/build/navigator/build install --record /home/elisa/grupo4/src/nav_workspace/build/navigator/install.log --single-version-externally-managed
