[1.871s] Invoking command in '/home/elisa/grupo4/src/nav_workspace/src/navigator': PYTHONPATH=/home/elisa/grupo4/src/nav_workspace/build/navigator/prefix_override:/home/elisa/grupo4/src/nav_workspace/install/navigator/lib/python3.10/site-packages:${PYTHONPATH} /usr/bin/python3 setup.py egg_info --egg-base ../../build/navigator build --build-base /home/elisa/grupo4/src/nav_workspace/build/navigator/build install --record /home/elisa/grupo4/src/nav_workspace/build/navigator/install.log --single-version-externally-managed
[2.239s] running egg_info
[2.240s] writing ../../build/navigator/navigator.egg-info/PKG-INFO
[2.241s] writing dependency_links to ../../build/navigator/navigator.egg-info/dependency_links.txt
[2.241s] writing entry points to ../../build/navigator/navigator.egg-info/entry_points.txt
[2.241s] writing requirements to ../../build/navigator/navigator.egg-info/requires.txt
[2.241s] writing top-level names to ../../build/navigator/navigator.egg-info/top_level.txt
[2.244s] reading manifest file '../../build/navigator/navigator.egg-info/SOURCES.txt'
[2.270s] writing manifest file '../../build/navigator/navigator.egg-info/SOURCES.txt'
[2.270s] running build
[2.270s] running build_py
[2.271s] copying navigator/coordinateChatbot.py -> /home/elisa/grupo4/src/nav_workspace/build/navigator/build/lib/navigator
[2.271s] running install
[2.272s] /usr/lib/python3/dist-packages/setuptools/command/install.py:34: SetuptoolsDeprecationWarning: setup.py install is deprecated. Use build and pip and other standards-based tools.
[2.272s]   warnings.warn(
[2.273s] running install_lib
[2.275s] copying /home/elisa/grupo4/src/nav_workspace/build/navigator/build/lib/navigator/coordinateChatbot.py -> /home/elisa/grupo4/src/nav_workspace/install/navigator/lib/python3.10/site-packages/navigator
[2.276s] byte-compiling /home/elisa/grupo4/src/nav_workspace/install/navigator/lib/python3.10/site-packages/navigator/coordinateChatbot.py to coordinateChatbot.cpython-310.pyc
[2.277s] running install_data
[2.278s] running install_egg_info
[2.282s] removing '/home/elisa/grupo4/src/nav_workspace/install/navigator/lib/python3.10/site-packages/navigator-0.0.0-py3.10.egg-info' (and everything under it)
[2.282s] Copying ../../build/navigator/navigator.egg-info to /home/elisa/grupo4/src/nav_workspace/install/navigator/lib/python3.10/site-packages/navigator-0.0.0-py3.10.egg-info
[2.284s] running install_scripts
[2.314s] Installing chatbot script to /home/elisa/grupo4/src/nav_workspace/install/navigator/lib/navigator
[2.314s] Installing coordinatesChatbot script to /home/elisa/grupo4/src/nav_workspace/install/navigator/lib/navigator
[2.314s] Installing init_pose script to /home/elisa/grupo4/src/nav_workspace/install/navigator/lib/navigator
[2.315s] Installing queue script to /home/elisa/grupo4/src/nav_workspace/install/navigator/lib/navigator
[2.315s] Installing vallet script to /home/elisa/grupo4/src/nav_workspace/install/navigator/lib/navigator
[2.315s] writing list of installed files to '/home/elisa/grupo4/src/nav_workspace/build/navigator/install.log'
[2.349s] Invoked command in '/home/elisa/grupo4/src/nav_workspace/src/navigator' returned '0': PYTHONPATH=/home/elisa/grupo4/src/nav_workspace/build/navigator/prefix_override:/home/elisa/grupo4/src/nav_workspace/install/navigator/lib/python3.10/site-packages:${PYTHONPATH} /usr/bin/python3 setup.py egg_info --egg-base ../../build/navigator build --build-base /home/elisa/grupo4/src/nav_workspace/build/navigator/build install --record /home/elisa/grupo4/src/nav_workspace/build/navigator/install.log --single-version-externally-managed
