[0.121s] Invoking command in '/home/elisa/Documents/turtlesim/workspace/build/my_package': CMAKE_PREFIX_PATH=${CMAKE_PREFIX_PATH}:/home/elisa/Documents/turtlesim/workspace/install/navigator:/opt/ros/humble /usr/bin/cmake --build /home/elisa/Documents/turtlesim/workspace/build/my_package -- -j8 -l8
[0.165s] [100%] Built target my_node
[0.391s] Invoked command in '/home/elisa/Documents/turtlesim/workspace/build/my_package' returned '0': CMAKE_PREFIX_PATH=${CMAKE_PREFIX_PATH}:/home/elisa/Documents/turtlesim/workspace/install/navigator:/opt/ros/humble /usr/bin/cmake --build /home/elisa/Documents/turtlesim/workspace/build/my_package -- -j8 -l8
[0.421s] Invoking command in '/home/elisa/Documents/turtlesim/workspace/build/my_package': CMAKE_PREFIX_PATH=${CMAKE_PREFIX_PATH}:/home/elisa/Documents/turtlesim/workspace/install/navigator:/opt/ros/humble /usr/bin/cmake --install /home/elisa/Documents/turtlesim/workspace/build/my_package
[0.428s] -- Install configuration: ""
[0.428s] -- Up-to-date: /home/elisa/Documents/turtlesim/workspace/install/my_package/lib/my_package/my_node
[0.428s] -- Up-to-date: /home/elisa/Documents/turtlesim/workspace/install/my_package/share/ament_index/resource_index/package_run_dependencies/my_package
[0.428s] -- Up-to-date: /home/elisa/Documents/turtlesim/workspace/install/my_package/share/ament_index/resource_index/parent_prefix_path/my_package
[0.428s] -- Up-to-date: /home/elisa/Documents/turtlesim/workspace/install/my_package/share/my_package/environment/ament_prefix_path.sh
[0.428s] -- Up-to-date: /home/elisa/Documents/turtlesim/workspace/install/my_package/share/my_package/environment/ament_prefix_path.dsv
[0.428s] -- Up-to-date: /home/elisa/Documents/turtlesim/workspace/install/my_package/share/my_package/environment/path.sh
[0.429s] -- Up-to-date: /home/elisa/Documents/turtlesim/workspace/install/my_package/share/my_package/environment/path.dsv
[0.429s] -- Up-to-date: /home/elisa/Documents/turtlesim/workspace/install/my_package/share/my_package/local_setup.bash
[0.429s] -- Up-to-date: /home/elisa/Documents/turtlesim/workspace/install/my_package/share/my_package/local_setup.sh
[0.429s] -- Up-to-date: /home/elisa/Documents/turtlesim/workspace/install/my_package/share/my_package/local_setup.zsh
[0.429s] -- Up-to-date: /home/elisa/Documents/turtlesim/workspace/install/my_package/share/my_package/local_setup.dsv
[0.429s] -- Installing: /home/elisa/Documents/turtlesim/workspace/install/my_package/share/my_package/package.dsv
[0.429s] -- Up-to-date: /home/elisa/Documents/turtlesim/workspace/install/my_package/share/ament_index/resource_index/packages/my_package
[0.429s] -- Up-to-date: /home/elisa/Documents/turtlesim/workspace/install/my_package/share/my_package/cmake/my_packageConfig.cmake
[0.429s] -- Up-to-date: /home/elisa/Documents/turtlesim/workspace/install/my_package/share/my_package/cmake/my_packageConfig-version.cmake
[0.429s] -- Up-to-date: /home/elisa/Documents/turtlesim/workspace/install/my_package/share/my_package/package.xml
[0.430s] Invoked command in '/home/elisa/Documents/turtlesim/workspace/build/my_package' returned '0': CMAKE_PREFIX_PATH=${CMAKE_PREFIX_PATH}:/home/elisa/Documents/turtlesim/workspace/install/navigator:/opt/ros/humble /usr/bin/cmake --install /home/elisa/Documents/turtlesim/workspace/build/my_package
