[1.431s] Invoking command in '/home/elisa/Documents/turtlesim/workspace/src/navigator': PYTHONPATH=/home/elisa/Documents/turtlesim/workspace/build/navigator/prefix_override:/home/elisa/Documents/turtlesim/workspace/install/navigator/lib/python3.10/site-packages:${PYTHONPATH} /usr/bin/python3 setup.py egg_info --egg-base ../../build/navigator build --build-base /home/elisa/Documents/turtlesim/workspace/build/navigator/build install --record /home/elisa/Documents/turtlesim/workspace/build/navigator/install.log --single-version-externally-managed
[1.895s] running egg_info
[1.896s] writing ../../build/navigator/navigator.egg-info/PKG-INFO
[1.896s] writing dependency_links to ../../build/navigator/navigator.egg-info/dependency_links.txt
[1.896s] writing entry points to ../../build/navigator/navigator.egg-info/entry_points.txt
[1.898s] writing requirements to ../../build/navigator/navigator.egg-info/requires.txt
[1.898s] writing top-level names to ../../build/navigator/navigator.egg-info/top_level.txt
[1.901s] reading manifest file '../../build/navigator/navigator.egg-info/SOURCES.txt'
[1.925s] writing manifest file '../../build/navigator/navigator.egg-info/SOURCES.txt'
[1.925s] running build
[1.925s] running build_py
[1.925s] copying navigator/navigator.py -> /home/elisa/Documents/turtlesim/workspace/build/navigator/build/lib/navigator
[1.926s] running install
[1.926s] /usr/lib/python3/dist-packages/setuptools/command/install.py:34: SetuptoolsDeprecationWarning: setup.py install is deprecated. Use build and pip and other standards-based tools.
[1.926s]   warnings.warn(
[1.926s] running install_lib
[1.928s] copying /home/elisa/Documents/turtlesim/workspace/build/navigator/build/lib/navigator/navigator.py -> /home/elisa/Documents/turtlesim/workspace/install/navigator/lib/python3.10/site-packages/navigator
[1.929s] byte-compiling /home/elisa/Documents/turtlesim/workspace/install/navigator/lib/python3.10/site-packages/navigator/navigator.py to navigator.cpython-310.pyc
[1.931s] running install_data
[1.932s] running install_egg_info
[1.936s] removing '/home/elisa/Documents/turtlesim/workspace/install/navigator/lib/python3.10/site-packages/navigator-0.0.0-py3.10.egg-info' (and everything under it)
[1.938s] Copying ../../build/navigator/navigator.egg-info to /home/elisa/Documents/turtlesim/workspace/install/navigator/lib/python3.10/site-packages/navigator-0.0.0-py3.10.egg-info
[1.940s] running install_scripts
[1.982s] Installing andando script to /home/elisa/Documents/turtlesim/workspace/install/navigator/lib/navigator
[1.983s] Installing cli script to /home/elisa/Documents/turtlesim/workspace/install/navigator/lib/navigator
[1.984s] Installing init_pose script to /home/elisa/Documents/turtlesim/workspace/install/navigator/lib/navigator
[1.984s] Installing queue script to /home/elisa/Documents/turtlesim/workspace/install/navigator/lib/navigator
[1.984s] writing list of installed files to '/home/elisa/Documents/turtlesim/workspace/build/navigator/install.log'
[2.030s] Invoked command in '/home/elisa/Documents/turtlesim/workspace/src/navigator' returned '0': PYTHONPATH=/home/elisa/Documents/turtlesim/workspace/build/navigator/prefix_override:/home/elisa/Documents/turtlesim/workspace/install/navigator/lib/python3.10/site-packages:${PYTHONPATH} /usr/bin/python3 setup.py egg_info --egg-base ../../build/navigator build --build-base /home/elisa/Documents/turtlesim/workspace/build/navigator/build install --record /home/elisa/Documents/turtlesim/workspace/build/navigator/install.log --single-version-externally-managed
