[1.823s] DEBUG:colcon:Command line arguments: ['/usr/bin/colcon', 'build']
[1.823s] DEBUG:colcon:Parsed command line arguments: Namespace(log_base=None, log_level=None, verb_name='build', build_base='build', install_base='install', merge_install=False, symlink_install=False, test_result_base=None, continue_on_error=False, executor='parallel', parallel_workers=8, event_handlers=None, ignore_user_meta=False, metas=['./colcon.meta'], base_paths=['.'], packages_ignore=None, packages_ignore_regex=None, paths=None, packages_up_to=None, packages_up_to_regex=None, packages_above=None, packages_above_and_dependencies=None, packages_above_depth=None, packages_select_by_dep=None, packages_skip_by_dep=None, packages_skip_up_to=None, packages_select_build_failed=False, packages_skip_build_finished=False, packages_select_test_failures=False, packages_skip_test_passed=False, packages_select=None, packages_skip=None, packages_select_regex=None, packages_skip_regex=None, packages_start=None, packages_end=None, allow_overriding=[], cmake_args=None, cmake_target=None, cmake_target_skip_unavailable=False, cmake_clean_cache=False, cmake_clean_first=False, cmake_force_configure=False, ament_cmake_args=None, catkin_cmake_args=None, catkin_skip_building_tests=False, verb_parser=<colcon_defaults.argument_parser.defaults.DefaultArgumentsDecorator object at 0x7fb4244b8c70>, verb_extension=<colcon_core.verb.build.BuildVerb object at 0x7fb4248cf970>, main=<bound method BuildVerb.main of <colcon_core.verb.build.BuildVerb object at 0x7fb4248cf970>>)
[1.893s] Level 1:colcon.colcon_core.package_discovery:discover_packages(colcon_meta) check parameters
[1.893s] Level 1:colcon.colcon_core.package_discovery:discover_packages(recursive) check parameters
[1.893s] Level 1:colcon.colcon_core.package_discovery:discover_packages(ignore) check parameters
[1.893s] Level 1:colcon.colcon_core.package_discovery:discover_packages(path) check parameters
[1.893s] Level 1:colcon.colcon_core.package_discovery:discover_packages(colcon_meta) discover
[1.894s] Level 1:colcon.colcon_core.package_discovery:discover_packages(recursive) discover
[1.894s] INFO:colcon.colcon_core.package_discovery:Crawling recursively for packages in '/home/elisa/Documents/turtlesim/workspace'
[1.894s] Level 1:colcon.colcon_core.package_identification:_identify(.) by extensions ['ignore', 'ignore_ament_install']
[1.894s] Level 1:colcon.colcon_core.package_identification:_identify(.) by extension 'ignore'
[1.894s] Level 1:colcon.colcon_core.package_identification:_identify(.) by extension 'ignore_ament_install'
[1.894s] Level 1:colcon.colcon_core.package_identification:_identify(.) by extensions ['colcon_pkg']
[1.894s] Level 1:colcon.colcon_core.package_identification:_identify(.) by extension 'colcon_pkg'
[1.894s] Level 1:colcon.colcon_core.package_identification:_identify(.) by extensions ['colcon_meta']
[1.894s] Level 1:colcon.colcon_core.package_identification:_identify(.) by extension 'colcon_meta'
[1.894s] Level 1:colcon.colcon_core.package_identification:_identify(.) by extensions ['ros']
[1.894s] Level 1:colcon.colcon_core.package_identification:_identify(.) by extension 'ros'
[1.914s] Level 1:colcon.colcon_core.package_identification:_identify(.) by extensions ['cmake', 'python']
[1.914s] Level 1:colcon.colcon_core.package_identification:_identify(.) by extension 'cmake'
[1.915s] Level 1:colcon.colcon_core.package_identification:_identify(.) by extension 'python'
[1.915s] Level 1:colcon.colcon_core.package_identification:_identify(.) by extensions ['python_setup_py']
[1.915s] Level 1:colcon.colcon_core.package_identification:_identify(.) by extension 'python_setup_py'
[1.915s] Level 1:colcon.colcon_core.package_identification:_identify(build) by extensions ['ignore', 'ignore_ament_install']
[1.915s] Level 1:colcon.colcon_core.package_identification:_identify(build) by extension 'ignore'
[1.915s] Level 1:colcon.colcon_core.package_identification:_identify(build) ignored
[1.915s] Level 1:colcon.colcon_core.package_identification:_identify(install) by extensions ['ignore', 'ignore_ament_install']
[1.916s] Level 1:colcon.colcon_core.package_identification:_identify(install) by extension 'ignore'
[1.916s] Level 1:colcon.colcon_core.package_identification:_identify(install) ignored
[1.916s] Level 1:colcon.colcon_core.package_identification:_identify(launch) by extensions ['ignore', 'ignore_ament_install']
[1.916s] Level 1:colcon.colcon_core.package_identification:_identify(launch) by extension 'ignore'
[1.916s] Level 1:colcon.colcon_core.package_identification:_identify(launch) by extension 'ignore_ament_install'
[1.916s] Level 1:colcon.colcon_core.package_identification:_identify(launch) by extensions ['colcon_pkg']
[1.916s] Level 1:colcon.colcon_core.package_identification:_identify(launch) by extension 'colcon_pkg'
[1.916s] Level 1:colcon.colcon_core.package_identification:_identify(launch) by extensions ['colcon_meta']
[1.916s] Level 1:colcon.colcon_core.package_identification:_identify(launch) by extension 'colcon_meta'
[1.916s] Level 1:colcon.colcon_core.package_identification:_identify(launch) by extensions ['ros']
[1.916s] Level 1:colcon.colcon_core.package_identification:_identify(launch) by extension 'ros'
[1.917s] Level 1:colcon.colcon_core.package_identification:_identify(launch) by extensions ['cmake', 'python']
[1.917s] Level 1:colcon.colcon_core.package_identification:_identify(launch) by extension 'cmake'
[1.917s] Level 1:colcon.colcon_core.package_identification:_identify(launch) by extension 'python'
[1.917s] Level 1:colcon.colcon_core.package_identification:_identify(launch) by extensions ['python_setup_py']
[1.917s] Level 1:colcon.colcon_core.package_identification:_identify(launch) by extension 'python_setup_py'
[1.917s] Level 1:colcon.colcon_core.package_identification:_identify(launch/__pycache__) by extensions ['ignore', 'ignore_ament_install']
[1.917s] Level 1:colcon.colcon_core.package_identification:_identify(launch/__pycache__) by extension 'ignore'
[1.917s] Level 1:colcon.colcon_core.package_identification:_identify(launch/__pycache__) by extension 'ignore_ament_install'
[1.917s] Level 1:colcon.colcon_core.package_identification:_identify(launch/__pycache__) by extensions ['colcon_pkg']
[1.917s] Level 1:colcon.colcon_core.package_identification:_identify(launch/__pycache__) by extension 'colcon_pkg'
[1.917s] Level 1:colcon.colcon_core.package_identification:_identify(launch/__pycache__) by extensions ['colcon_meta']
[1.917s] Level 1:colcon.colcon_core.package_identification:_identify(launch/__pycache__) by extension 'colcon_meta'
[1.918s] Level 1:colcon.colcon_core.package_identification:_identify(launch/__pycache__) by extensions ['ros']
[1.918s] Level 1:colcon.colcon_core.package_identification:_identify(launch/__pycache__) by extension 'ros'
[1.918s] Level 1:colcon.colcon_core.package_identification:_identify(launch/__pycache__) by extensions ['cmake', 'python']
[1.918s] Level 1:colcon.colcon_core.package_identification:_identify(launch/__pycache__) by extension 'cmake'
[1.918s] Level 1:colcon.colcon_core.package_identification:_identify(launch/__pycache__) by extension 'python'
[1.918s] Level 1:colcon.colcon_core.package_identification:_identify(launch/__pycache__) by extensions ['python_setup_py']
[1.918s] Level 1:colcon.colcon_core.package_identification:_identify(launch/__pycache__) by extension 'python_setup_py'
[1.918s] Level 1:colcon.colcon_core.package_identification:_identify(log) by extensions ['ignore', 'ignore_ament_install']
[1.918s] Level 1:colcon.colcon_core.package_identification:_identify(log) by extension 'ignore'
[1.918s] Level 1:colcon.colcon_core.package_identification:_identify(log) ignored
[1.918s] Level 1:colcon.colcon_core.package_identification:_identify(src) by extensions ['ignore', 'ignore_ament_install']
[1.919s] Level 1:colcon.colcon_core.package_identification:_identify(src) by extension 'ignore'
[1.919s] Level 1:colcon.colcon_core.package_identification:_identify(src) by extension 'ignore_ament_install'
[1.919s] Level 1:colcon.colcon_core.package_identification:_identify(src) by extensions ['colcon_pkg']
[1.919s] Level 1:colcon.colcon_core.package_identification:_identify(src) by extension 'colcon_pkg'
[1.919s] Level 1:colcon.colcon_core.package_identification:_identify(src) by extensions ['colcon_meta']
[1.919s] Level 1:colcon.colcon_core.package_identification:_identify(src) by extension 'colcon_meta'
[1.919s] Level 1:colcon.colcon_core.package_identification:_identify(src) by extensions ['ros']
[1.919s] Level 1:colcon.colcon_core.package_identification:_identify(src) by extension 'ros'
[1.919s] Level 1:colcon.colcon_core.package_identification:_identify(src) by extensions ['cmake', 'python']
[1.919s] Level 1:colcon.colcon_core.package_identification:_identify(src) by extension 'cmake'
[1.919s] Level 1:colcon.colcon_core.package_identification:_identify(src) by extension 'python'
[1.919s] Level 1:colcon.colcon_core.package_identification:_identify(src) by extensions ['python_setup_py']
[1.919s] Level 1:colcon.colcon_core.package_identification:_identify(src) by extension 'python_setup_py'
[1.920s] Level 1:colcon.colcon_core.package_identification:_identify(src/navigator) by extensions ['ignore', 'ignore_ament_install']
[1.920s] Level 1:colcon.colcon_core.package_identification:_identify(src/navigator) by extension 'ignore'
[1.920s] Level 1:colcon.colcon_core.package_identification:_identify(src/navigator) by extension 'ignore_ament_install'
[1.920s] Level 1:colcon.colcon_core.package_identification:_identify(src/navigator) by extensions ['colcon_pkg']
[1.920s] Level 1:colcon.colcon_core.package_identification:_identify(src/navigator) by extension 'colcon_pkg'
[1.920s] Level 1:colcon.colcon_core.package_identification:_identify(src/navigator) by extensions ['colcon_meta']
[1.920s] Level 1:colcon.colcon_core.package_identification:_identify(src/navigator) by extension 'colcon_meta'
[1.920s] Level 1:colcon.colcon_core.package_identification:_identify(src/navigator) by extensions ['ros']
[1.920s] Level 1:colcon.colcon_core.package_identification:_identify(src/navigator) by extension 'ros'
[1.924s] DEBUG:colcon.colcon_core.package_identification:Package 'src/navigator' with type 'ros.ament_python' and name 'navigator'
[1.924s] Level 1:colcon.colcon_core.package_discovery:discover_packages(recursive) using defaults
[1.924s] Level 1:colcon.colcon_core.package_discovery:discover_packages(ignore) discover
[1.924s] Level 1:colcon.colcon_core.package_discovery:discover_packages(ignore) using defaults
[1.924s] Level 1:colcon.colcon_core.package_discovery:discover_packages(path) discover
[1.924s] Level 1:colcon.colcon_core.package_discovery:discover_packages(path) using defaults
[2.070s] Level 1:colcon.colcon_core.package_discovery:discover_packages(prefix_path) check parameters
[2.070s] Level 1:colcon.colcon_core.package_discovery:discover_packages(prefix_path) discover
[2.113s] DEBUG:colcon.colcon_installed_package_information.package_discovery:Found 2 installed packages in /home/elisa/Documents/turtlesim/workspace/install
[2.140s] DEBUG:colcon.colcon_installed_package_information.package_discovery:Found 387 installed packages in /opt/ros/humble
[2.142s] Level 1:colcon.colcon_core.package_discovery:discover_packages(prefix_path) using defaults
[2.362s] Level 5:colcon.colcon_core.verb:set package 'navigator' build argument 'cmake_args' from command line to 'None'
[2.362s] Level 5:colcon.colcon_core.verb:set package 'navigator' build argument 'cmake_target' from command line to 'None'
[2.362s] Level 5:colcon.colcon_core.verb:set package 'navigator' build argument 'cmake_target_skip_unavailable' from command line to 'False'
[2.362s] Level 5:colcon.colcon_core.verb:set package 'navigator' build argument 'cmake_clean_cache' from command line to 'False'
[2.362s] Level 5:colcon.colcon_core.verb:set package 'navigator' build argument 'cmake_clean_first' from command line to 'False'
[2.362s] Level 5:colcon.colcon_core.verb:set package 'navigator' build argument 'cmake_force_configure' from command line to 'False'
[2.362s] Level 5:colcon.colcon_core.verb:set package 'navigator' build argument 'ament_cmake_args' from command line to 'None'
[2.362s] Level 5:colcon.colcon_core.verb:set package 'navigator' build argument 'catkin_cmake_args' from command line to 'None'
[2.362s] Level 5:colcon.colcon_core.verb:set package 'navigator' build argument 'catkin_skip_building_tests' from command line to 'False'
[2.362s] DEBUG:colcon.colcon_core.verb:Building package 'navigator' with the following arguments: {'ament_cmake_args': None, 'build_base': '/home/elisa/Documents/turtlesim/workspace/build/navigator', 'catkin_cmake_args': None, 'catkin_skip_building_tests': False, 'cmake_args': None, 'cmake_clean_cache': False, 'cmake_clean_first': False, 'cmake_force_configure': False, 'cmake_target': None, 'cmake_target_skip_unavailable': False, 'install_base': '/home/elisa/Documents/turtlesim/workspace/install/navigator', 'merge_install': False, 'path': '/home/elisa/Documents/turtlesim/workspace/src/navigator', 'symlink_install': False, 'test_result_base': None}
[2.387s] INFO:colcon.colcon_core.executor:Executing jobs using 'parallel' executor
[2.415s] DEBUG:colcon.colcon_parallel_executor.executor.parallel:run_until_complete
[2.415s] INFO:colcon.colcon_ros.task.ament_python.build:Building ROS package in '/home/elisa/Documents/turtlesim/workspace/src/navigator' with build type 'ament_python'
[2.416s] Level 1:colcon.colcon_core.shell:create_environment_hook('navigator', 'ament_prefix_path')
[2.444s] INFO:colcon.colcon_core.plugin_system:Skipping extension 'colcon_core.shell.bat': Not used on non-Windows systems
[2.444s] INFO:colcon.colcon_core.shell:Creating environment hook '/home/elisa/Documents/turtlesim/workspace/install/navigator/share/navigator/hook/ament_prefix_path.ps1'
[2.445s] INFO:colcon.colcon_core.shell:Creating environment descriptor '/home/elisa/Documents/turtlesim/workspace/install/navigator/share/navigator/hook/ament_prefix_path.dsv'
[2.446s] INFO:colcon.colcon_core.shell:Creating environment hook '/home/elisa/Documents/turtlesim/workspace/install/navigator/share/navigator/hook/ament_prefix_path.sh'
[2.474s] INFO:colcon.colcon_core.shell:Skip shell extension 'powershell' for command environment: Not usable outside of PowerShell
[2.480s] DEBUG:colcon.colcon_core.shell:Skip shell extension 'dsv' for command environment
[2.911s] INFO:colcon.colcon_core.task.python.build:Building Python package in '/home/elisa/Documents/turtlesim/workspace/src/navigator'
[2.931s] INFO:colcon.colcon_core.shell:Skip shell extension 'powershell' for command environment: Not usable outside of PowerShell
[2.931s] DEBUG:colcon.colcon_core.shell:Skip shell extension 'dsv' for command environment
[3.467s] DEBUG:colcon.colcon_core.event_handler.log_command:Invoking command in '/home/elisa/Documents/turtlesim/workspace/src/navigator': PYTHONPATH=/home/elisa/Documents/turtlesim/workspace/build/navigator/prefix_override:/home/elisa/Documents/turtlesim/workspace/install/navigator/lib/python3.10/site-packages:${PYTHONPATH} /usr/bin/python3 setup.py egg_info --egg-base ../../build/navigator build --build-base /home/elisa/Documents/turtlesim/workspace/build/navigator/build install --record /home/elisa/Documents/turtlesim/workspace/build/navigator/install.log --single-version-externally-managed
[3.860s] DEBUG:colcon.colcon_core.event_handler.log_command:Invoked command in '/home/elisa/Documents/turtlesim/workspace/src/navigator' returned '0': PYTHONPATH=/home/elisa/Documents/turtlesim/workspace/build/navigator/prefix_override:/home/elisa/Documents/turtlesim/workspace/install/navigator/lib/python3.10/site-packages:${PYTHONPATH} /usr/bin/python3 setup.py egg_info --egg-base ../../build/navigator build --build-base /home/elisa/Documents/turtlesim/workspace/build/navigator/build install --record /home/elisa/Documents/turtlesim/workspace/build/navigator/install.log --single-version-externally-managed
[3.878s] Level 1:colcon.colcon_core.environment:checking '/home/elisa/Documents/turtlesim/workspace/install/navigator' for CMake module files
[3.880s] Level 1:colcon.colcon_core.environment:checking '/home/elisa/Documents/turtlesim/workspace/install/navigator' for CMake config files
[3.881s] Level 1:colcon.colcon_core.environment:checking '/home/elisa/Documents/turtlesim/workspace/install/navigator/lib'
[3.881s] Level 1:colcon.colcon_core.environment:checking '/home/elisa/Documents/turtlesim/workspace/install/navigator/bin'
[3.881s] Level 1:colcon.colcon_core.environment:checking '/home/elisa/Documents/turtlesim/workspace/install/navigator/lib/pkgconfig/navigator.pc'
[3.882s] Level 1:colcon.colcon_core.environment:checking '/home/elisa/Documents/turtlesim/workspace/install/navigator/lib/python3.10/site-packages'
[3.882s] Level 1:colcon.colcon_core.shell:create_environment_hook('navigator', 'pythonpath')
[3.906s] INFO:colcon.colcon_core.shell:Creating environment hook '/home/elisa/Documents/turtlesim/workspace/install/navigator/share/navigator/hook/pythonpath.ps1'
[3.907s] INFO:colcon.colcon_core.shell:Creating environment descriptor '/home/elisa/Documents/turtlesim/workspace/install/navigator/share/navigator/hook/pythonpath.dsv'
[3.908s] INFO:colcon.colcon_core.shell:Creating environment hook '/home/elisa/Documents/turtlesim/workspace/install/navigator/share/navigator/hook/pythonpath.sh'
[3.910s] Level 1:colcon.colcon_core.environment:checking '/home/elisa/Documents/turtlesim/workspace/install/navigator/bin'
[3.910s] Level 1:colcon.colcon_core.environment:create_environment_scripts_only(navigator)
[3.935s] INFO:colcon.colcon_core.shell:Creating package script '/home/elisa/Documents/turtlesim/workspace/install/navigator/share/navigator/package.ps1'
[3.938s] INFO:colcon.colcon_core.shell:Creating package descriptor '/home/elisa/Documents/turtlesim/workspace/install/navigator/share/navigator/package.dsv'
[3.939s] INFO:colcon.colcon_core.shell:Creating package script '/home/elisa/Documents/turtlesim/workspace/install/navigator/share/navigator/package.sh'
[3.940s] INFO:colcon.colcon_core.shell:Creating package script '/home/elisa/Documents/turtlesim/workspace/install/navigator/share/navigator/package.bash'
[3.942s] INFO:colcon.colcon_core.shell:Creating package script '/home/elisa/Documents/turtlesim/workspace/install/navigator/share/navigator/package.zsh'
[3.943s] Level 1:colcon.colcon_core.environment:create_file_with_runtime_dependencies(/home/elisa/Documents/turtlesim/workspace/install/navigator/share/colcon-core/packages/navigator)
[3.944s] DEBUG:colcon.colcon_parallel_executor.executor.parallel:closing loop
[3.945s] DEBUG:colcon.colcon_parallel_executor.executor.parallel:loop closed
[3.945s] DEBUG:colcon.colcon_parallel_executor.executor.parallel:run_until_complete finished with '0'
[3.945s] DEBUG:colcon.colcon_core.event_reactor:joining thread
[3.978s] INFO:colcon.colcon_core.plugin_system:Skipping extension 'colcon_notification.desktop_notification.terminal_notifier': Not used on non-Darwin systems
[3.979s] INFO:colcon.colcon_core.plugin_system:Skipping extension 'colcon_notification.desktop_notification.win32': Not used on non-Windows systems
[3.979s] INFO:colcon.colcon_notification.desktop_notification:Sending desktop notification using 'notify2'
[4.007s] DEBUG:colcon.colcon_core.event_reactor:joined thread
[4.027s] INFO:colcon.colcon_core.shell:Creating prefix script '/home/elisa/Documents/turtlesim/workspace/install/local_setup.ps1'
[4.029s] INFO:colcon.colcon_core.shell:Creating prefix util module '/home/elisa/Documents/turtlesim/workspace/install/_local_setup_util_ps1.py'
[4.031s] INFO:colcon.colcon_core.shell:Creating prefix chain script '/home/elisa/Documents/turtlesim/workspace/install/setup.ps1'
[4.052s] INFO:colcon.colcon_core.shell:Creating prefix script '/home/elisa/Documents/turtlesim/workspace/install/local_setup.sh'
[4.053s] INFO:colcon.colcon_core.shell:Creating prefix util module '/home/elisa/Documents/turtlesim/workspace/install/_local_setup_util_sh.py'
[4.053s] INFO:colcon.colcon_core.shell:Creating prefix chain script '/home/elisa/Documents/turtlesim/workspace/install/setup.sh'
[4.075s] INFO:colcon.colcon_core.shell:Creating prefix script '/home/elisa/Documents/turtlesim/workspace/install/local_setup.bash'
[4.076s] INFO:colcon.colcon_core.shell:Creating prefix chain script '/home/elisa/Documents/turtlesim/workspace/install/setup.bash'
[4.095s] INFO:colcon.colcon_core.shell:Creating prefix script '/home/elisa/Documents/turtlesim/workspace/install/local_setup.zsh'
[4.096s] INFO:colcon.colcon_core.shell:Creating prefix chain script '/home/elisa/Documents/turtlesim/workspace/install/setup.zsh'
